2023-08-10 10:45:50,115 [INFO] Activator:176 - 


2023-08-10 10:45:50,118 [INFO] Activator:177 - !SESSION log4j initialized
2023-08-10 10:45:53,435 [INFO] LogOutputStream:77 - [STDOUT_REDIRECT] 
2023-08-10 10:45:54,675 [INFO] ApplicationProperties:184 - Using Application install path: C:\ST\STM32CubeIDE_1.13.0\STM32CubeIDE\plugins\com.st.stm32cube.common.mx_6.9.0.202307051724
2023-08-10 10:45:54,686 [INFO] DbMcusXml:78 - Set database path to: C:\ST\STM32CubeIDE_1.13.0\STM32CubeIDE\plugins\com.st.stm32cube.common.mx_6.9.0.202307051724\\db\/mcu/
2023-08-10 10:45:54,686 [INFO] ApiDb:274 - Set plugin database path to: C:\ST\STM32CubeIDE_1.13.0\STM32CubeIDE\plugins\com.st.stm32cube.common.mx_6.9.0.202307051724\\db\/plugins/boardmanager/
2023-08-10 10:45:54,686 [WARN] ApiDb:259 - Overriding images path with different value:  => C:\ST\STM32CubeIDE_1.13.0\STM32CubeIDE\plugins\com.st.stm32cube.common.mx_6.9.0.202307051724\\db\/plugins/mcufinder/images/
2023-08-10 10:45:54,693 [INFO] ApiDb:250 - Set database path to: C:\Users\biomech\.stmcufinder\plugins\mcufinder//mcu/
2023-08-10 10:45:54,694 [INFO] DbMcusAds:125 - Set database path to: C:\Users\biomech\.stmcufinder\plugins\mcufinder//mcu/
2023-08-10 10:45:54,695 [INFO] CrossReferenceDbSqlite:203 - Set database path to: C:\Users\biomech\.stmcufinder\plugins\mcufinder//mcu/cs/
2023-08-10 10:45:54,759 [INFO] RulesReader:64 - Compatibility file has been processed (293 Rules)
2023-08-10 10:45:54,804 [INFO] DbMcusXml:78 - Set database path to: C:\ST\STM32CubeIDE_1.13.0\STM32CubeIDE\plugins\com.st.stm32cube.common.mx_6.9.0.202307051724\\db\/mcu/
2023-08-10 10:45:54,804 [INFO] ApiDb:274 - Set plugin database path to: C:\ST\STM32CubeIDE_1.13.0\STM32CubeIDE\plugins\com.st.stm32cube.common.mx_6.9.0.202307051724\\db\/plugins/boardmanager/
2023-08-10 10:45:54,804 [INFO] ApiDb:261 - Set plugin images path to: C:\ST\STM32CubeIDE_1.13.0\STM32CubeIDE\plugins\com.st.stm32cube.common.mx_6.9.0.202307051724\\db\/plugins/mcufinder/images/
2023-08-10 10:45:54,804 [WARN] DbFile:41 - Overriding database path with different value: C:\Users\biomech\.stmcufinder\plugins\mcufinder/ => C:\Users\biomech\.stmcufinder\plugins\mcufinder
2023-08-10 10:45:54,805 [INFO] ApiDb:250 - Set database path to: C:\Users\biomech\.stmcufinder\plugins\mcufinder//mcu/
2023-08-10 10:45:54,805 [WARN] DbFile:41 - Overriding database path with different value: C:\Users\biomech\.stmcufinder\plugins\mcufinder/ => C:\Users\biomech\.stmcufinder\plugins\mcufinder
2023-08-10 10:45:54,805 [INFO] DbMcusAds:125 - Set database path to: C:\Users\biomech\.stmcufinder\plugins\mcufinder//mcu/
2023-08-10 10:45:54,805 [WARN] DbFile:41 - Overriding database path with different value: C:\Users\biomech\.stmcufinder\plugins\mcufinder/ => C:\Users\biomech\.stmcufinder\plugins\mcufinder
2023-08-10 10:45:54,805 [WARN] DbFile:41 - Overriding database path with different value: C:\Users\biomech\.stmcufinder\plugins\mcufinder/ => C:\Users\biomech\.stmcufinder\plugins\mcufinder
2023-08-10 10:45:54,805 [INFO] CrossReferenceDbSqlite:203 - Set database path to: C:\Users\biomech\.stmcufinder\plugins\mcufinder//mcu/cs/
2023-08-10 10:45:54,847 [INFO] MainPanel:262 - HeapMemory: 268435456
2023-08-10 10:45:54,897 [INFO] DbMcusXml:78 - Set database path to: C:\ST\STM32CubeIDE_1.13.0\STM32CubeIDE\plugins\com.st.stm32cube.common.mx_6.9.0.202307051724\\db\/mcu/
2023-08-10 10:45:54,897 [INFO] ApiDb:274 - Set plugin database path to: C:\ST\STM32CubeIDE_1.13.0\STM32CubeIDE\plugins\com.st.stm32cube.common.mx_6.9.0.202307051724\\db\/plugins/boardmanager/
2023-08-10 10:45:54,898 [INFO] ApiDb:261 - Set plugin images path to: C:\ST\STM32CubeIDE_1.13.0\STM32CubeIDE\plugins\com.st.stm32cube.common.mx_6.9.0.202307051724\\db\/plugins/mcufinder/images/
2023-08-10 10:45:54,898 [WARN] DbFile:41 - Overriding database path with different value: C:\Users\biomech\.stmcufinder\plugins\mcufinder/ => C:\Users\biomech\.stmcufinder\plugins\mcufinder
2023-08-10 10:45:54,898 [INFO] ApiDb:250 - Set database path to: C:\Users\biomech\.stmcufinder\plugins\mcufinder//mcu/
2023-08-10 10:45:54,898 [WARN] DbFile:41 - Overriding database path with different value: C:\Users\biomech\.stmcufinder\plugins\mcufinder/ => C:\Users\biomech\.stmcufinder\plugins\mcufinder
2023-08-10 10:45:54,898 [INFO] DbMcusAds:125 - Set database path to: C:\Users\biomech\.stmcufinder\plugins\mcufinder//mcu/
2023-08-10 10:45:54,898 [WARN] DbFile:41 - Overriding database path with different value: C:\Users\biomech\.stmcufinder\plugins\mcufinder/ => C:\Users\biomech\.stmcufinder\plugins\mcufinder
2023-08-10 10:45:54,898 [WARN] DbFile:41 - Overriding database path with different value: C:\Users\biomech\.stmcufinder\plugins\mcufinder/ => C:\Users\biomech\.stmcufinder\plugins\mcufinder
2023-08-10 10:45:54,898 [INFO] CrossReferenceDbSqlite:203 - Set database path to: C:\Users\biomech\.stmcufinder\plugins\mcufinder//mcu/cs/
2023-08-10 10:45:54,909 [INFO] ApplicationProperties:184 - Using Application install path: C:\ST\STM32CubeIDE_1.13.0\STM32CubeIDE\plugins\com.st.stm32cube.common.mx_6.9.0.202307051724
2023-08-10 10:45:54,910 [INFO] PluginManage:196 - Search for loadable plugins [exclusion list=, ]
2023-08-10 10:45:54,911 [INFO] PluginManage:310 - Check plugin analytics
2023-08-10 10:45:55,011 [INFO] AnalyticsPlugin:253 - Accepted Software Licenses: 
2023-08-10 10:45:55,011 [INFO] AnalyticsPlugin:255 - Accepted CMSIS Pack Licenses: 
2023-08-10 10:45:55,011 [INFO] AnalyticsPlugin:257 - Accepted Firmware Licenses: FW.F4.1.27.0
2023-08-10 10:45:55,013 [INFO] PluginManage:359 - Loaded plugin analytics (category:tool,tabindex:-1)
2023-08-10 10:45:55,013 [INFO] PluginManage:310 - Check plugin cadmodel
2023-08-10 10:45:55,023 [INFO] CADModel:105 - Init CAD model plugin
2023-08-10 10:45:55,023 [INFO] PluginManage:359 - Loaded plugin cadmodel (category:power,tabindex:5)
2023-08-10 10:45:55,023 [INFO] PluginManage:310 - Check plugin clock
2023-08-10 10:45:55,035 [INFO] PluginManage:359 - Loaded plugin clock (category:base,tabindex:2)
2023-08-10 10:45:55,035 [INFO] PluginManage:310 - Check plugin ddr
2023-08-10 10:45:55,037 [INFO] PluginManage:359 - Loaded plugin ddr (category:tool,tabindex:6)
2023-08-10 10:45:55,037 [INFO] PluginManage:310 - Check plugin filemanager
2023-08-10 10:45:55,119 [INFO] PluginManage:359 - Loaded plugin filemanager (category:base,tabindex:10)
2023-08-10 10:45:55,120 [INFO] PluginManage:310 - Check plugin ipmanager
2023-08-10 10:45:55,124 [INFO] PluginManage:359 - Loaded plugin ipmanager (category:base,tabindex:5)
2023-08-10 10:45:55,124 [INFO] PluginManage:310 - Check plugin lpbam
2023-08-10 10:45:55,135 [INFO] PluginManage:359 - Loaded plugin lpbam (category:base,tabindex:0)
2023-08-10 10:45:55,135 [INFO] PluginManage:310 - Check plugin memorymap
2023-08-10 10:45:55,147 [INFO] PluginManage:359 - Loaded plugin memorymap (category:base,tabindex:4)
2023-08-10 10:45:55,147 [INFO] PluginManage:310 - Check plugin pinoutandconfiguration
2023-08-10 10:45:55,156 [INFO] PluginManage:359 - Loaded plugin pinoutandconfiguration (category:base,tabindex:1)
2023-08-10 10:45:55,156 [INFO] PluginManage:310 - Check plugin pinoutconfig
2023-08-10 10:45:55,214 [WARN] SupportedApi:132 - Cannot load RTOS API schema: s4s-elt-must-match.1: The content of 'definitions' must match (annotation?, (simpleType | complexType)?, (unique | key | keyref)*)). A problem was found starting at: attribute.
2023-08-10 10:45:55,287 [INFO] PluginManage:359 - Loaded plugin pinoutconfig (category:base,tabindex:0)
2023-08-10 10:45:55,288 [INFO] PluginManage:310 - Check plugin power
2023-08-10 10:45:55,301 [INFO] PluginManage:359 - Loaded plugin power (category:power,tabindex:4)
2023-08-10 10:45:55,301 [INFO] PluginManage:310 - Check plugin projectmanager
2023-08-10 10:45:55,309 [INFO] PluginManage:359 - Loaded plugin projectmanager (category:projectmanager,tabindex:3)
2023-08-10 10:45:55,309 [INFO] PluginManage:310 - Check plugin thirdparty
2023-08-10 10:45:55,452 [INFO] PluginManage:359 - Loaded plugin thirdparty (category:base,tabindex:-1)
2023-08-10 10:45:55,452 [INFO] PluginManage:310 - Check plugin tools
2023-08-10 10:45:55,452 [WARN] IntegrityCheckThread:84 - waiting for thirdparty lock release [integrity check]
2023-08-10 10:45:55,453 [INFO] IntegrityCheckThread:86 - entering critical section [integrity check]
2023-08-10 10:45:55,453 [INFO] ThirdPartyUpdaterWithRetryManager:70 - Updater plugin not ready yet. [1/15]
2023-08-10 10:45:55,471 [INFO] PluginManage:359 - Loaded plugin tools (category:base,tabindex:7)
2023-08-10 10:45:55,471 [INFO] PluginManage:310 - Check plugin tutovideos
2023-08-10 10:45:55,584 [INFO] PluginManage:359 - Loaded plugin tutovideos (category:base,tabindex:-1)
2023-08-10 10:45:55,584 [INFO] PluginManage:310 - Check plugin updater
2023-08-10 10:45:55,592 [INFO] PluginManage:359 - Loaded plugin updater (category:base,tabindex:12)
2023-08-10 10:45:55,592 [INFO] PluginManage:310 - Check plugin userauth
2023-08-10 10:45:55,595 [INFO] UserAuth:113 - Init User Auth plugin
2023-08-10 10:45:55,595 [INFO] PluginManage:359 - Loaded plugin userauth (category:base,tabindex:14)
2023-08-10 10:45:55,596 [INFO] PluginManage:283 - PluginManage : Loaded plugins [17]
2023-08-10 10:45:55,732 [INFO] PinOutPanel:1499 - setPackage(No Configuration,No Configuration)
2023-08-10 10:45:55,794 [INFO] CADModel:165 - CPN selected for project level
2023-08-10 10:45:55,794 [INFO] CADModel:114 - Register for checkConnection events
2023-08-10 10:45:55,810 [INFO] IPUIPlugin:80 - create IPUIPlugin
2023-08-10 10:45:55,811 [INFO] PluginManager:220 - loadIPPluginJar : add adc
2023-08-10 10:45:55,829 [INFO] IPUIPlugin:80 - create IPUIPlugin
2023-08-10 10:45:55,829 [INFO] PluginManager:220 - loadIPPluginJar : add aes
2023-08-10 10:45:55,849 [INFO] IPUIPlugin:80 - create IPUIPlugin
2023-08-10 10:45:55,849 [INFO] PluginManager:220 - loadIPPluginJar : add can
2023-08-10 10:45:55,860 [INFO] IPUIPlugin:80 - create IPUIPlugin
2023-08-10 10:45:55,860 [INFO] PluginManager:220 - loadIPPluginJar : add comp
2023-08-10 10:45:55,876 [INFO] IPUIPlugin:80 - create IPUIPlugin
2023-08-10 10:45:55,877 [INFO] PluginManager:220 - loadIPPluginJar : add cryp
2023-08-10 10:45:55,892 [INFO] IPUIPlugin:80 - create IPUIPlugin
2023-08-10 10:45:55,892 [INFO] PluginManager:220 - loadIPPluginJar : add dfsdm
2023-08-10 10:45:55,899 [INFO] IPUIPlugin:80 - create IPUIPlugin
2023-08-10 10:45:55,900 [INFO] PluginManager:220 - loadIPPluginJar : add dma
2023-08-10 10:45:55,921 [INFO] IPUIPlugin:80 - create IPUIPlugin
2023-08-10 10:45:55,921 [INFO] PluginManager:220 - loadIPPluginJar : add dma3
2023-08-10 10:45:55,932 [INFO] IPUIPlugin:80 - create IPUIPlugin
2023-08-10 10:45:55,932 [INFO] PluginManager:220 - loadIPPluginJar : add fatfs
2023-08-10 10:45:55,955 [INFO] IPUIPlugin:80 - create IPUIPlugin
2023-08-10 10:45:55,955 [INFO] PluginManager:220 - loadIPPluginJar : add fmc
2023-08-10 10:45:55,964 [INFO] IPUIPlugin:80 - create IPUIPlugin
2023-08-10 10:45:55,964 [INFO] PluginManager:220 - loadIPPluginJar : add freertos
2023-08-10 10:45:55,976 [INFO] IPUIPlugin:80 - create IPUIPlugin
2023-08-10 10:45:55,976 [INFO] PluginManager:220 - loadIPPluginJar : add genericplugin
2023-08-10 10:45:56,020 [INFO] IPUIPlugin:80 - create IPUIPlugin
2023-08-10 10:45:56,020 [INFO] PluginManager:220 - loadIPPluginJar : add gfxmmu
2023-08-10 10:45:56,084 [INFO] IPUIPlugin:80 - create IPUIPlugin
2023-08-10 10:45:56,084 [INFO] PluginManager:220 - loadIPPluginJar : add gic
2023-08-10 10:45:56,094 [INFO] IPUIPlugin:80 - create IPUIPlugin
2023-08-10 10:45:56,094 [INFO] PluginManager:220 - loadIPPluginJar : add gpio
2023-08-10 10:45:56,139 [INFO] IPUIPlugin:80 - create IPUIPlugin
2023-08-10 10:45:56,140 [INFO] PluginManager:220 - loadIPPluginJar : add gtzc
2023-08-10 10:45:56,158 [INFO] IPUIPlugin:80 - create IPUIPlugin
2023-08-10 10:45:56,158 [INFO] PluginManager:220 - loadIPPluginJar : add hash
2023-08-10 10:45:56,184 [INFO] IPUIPlugin:80 - create IPUIPlugin
2023-08-10 10:45:56,184 [INFO] PluginManager:220 - loadIPPluginJar : add i2c
2023-08-10 10:45:56,203 [INFO] IPUIPlugin:80 - create IPUIPlugin
2023-08-10 10:45:56,203 [INFO] PluginManager:220 - loadIPPluginJar : add i2s
2023-08-10 10:45:56,224 [INFO] IPUIPlugin:80 - create IPUIPlugin
2023-08-10 10:45:56,224 [INFO] PluginManager:220 - loadIPPluginJar : add i3c
2023-08-10 10:45:56,275 [INFO] IPUIPlugin:80 - create IPUIPlugin
2023-08-10 10:45:56,275 [INFO] PluginManager:220 - loadIPPluginJar : add ipddr
2023-08-10 10:45:56,322 [INFO] IPUIPlugin:80 - create IPUIPlugin
2023-08-10 10:45:56,322 [INFO] PluginManager:220 - loadIPPluginJar : add linkedlist
2023-08-10 10:45:56,340 [INFO] IPUIPlugin:80 - create IPUIPlugin
2023-08-10 10:45:56,341 [INFO] PluginManager:220 - loadIPPluginJar : add lorawan
2023-08-10 10:45:56,359 [INFO] IPUIPlugin:80 - create IPUIPlugin
2023-08-10 10:45:56,359 [INFO] PluginManager:220 - loadIPPluginJar : add ltdc
2023-08-10 10:45:56,367 [INFO] IPUIPlugin:80 - create IPUIPlugin
2023-08-10 10:45:56,367 [INFO] PluginManager:220 - loadIPPluginJar : add mdma
2023-08-10 10:45:56,373 [INFO] IPUIPlugin:80 - create IPUIPlugin
2023-08-10 10:45:56,373 [INFO] PluginManager:220 - loadIPPluginJar : add nvic
2023-08-10 10:45:56,391 [INFO] IPUIPlugin:80 - create IPUIPlugin
2023-08-10 10:45:56,391 [INFO] PluginManager:220 - loadIPPluginJar : add opamp
2023-08-10 10:45:56,423 [INFO] IPUIPlugin:80 - create IPUIPlugin
2023-08-10 10:45:56,423 [INFO] PluginManager:220 - loadIPPluginJar : add openamp
2023-08-10 10:45:56,452 [INFO] IPUIPlugin:80 - create IPUIPlugin
2023-08-10 10:45:56,452 [INFO] PluginManager:220 - loadIPPluginJar : add pdm2pcm
2023-08-10 10:45:56,461 [INFO] IPUIPlugin:80 - create IPUIPlugin
2023-08-10 10:45:56,462 [INFO] PluginManager:220 - loadIPPluginJar : add plateformsettings
2023-08-10 10:45:56,474 [INFO] IPUIPlugin:80 - create IPUIPlugin
2023-08-10 10:45:56,474 [INFO] PluginManager:220 - loadIPPluginJar : add quadspi
2023-08-10 10:45:56,481 [INFO] IPUIPlugin:80 - create IPUIPlugin
2023-08-10 10:45:56,481 [INFO] PluginManager:220 - loadIPPluginJar : add resmgrutility
2023-08-10 10:45:56,504 [INFO] IPUIPlugin:80 - create IPUIPlugin
2023-08-10 10:45:56,504 [INFO] PluginManager:220 - loadIPPluginJar : add sai
2023-08-10 10:45:56,522 [INFO] IPUIPlugin:80 - create IPUIPlugin
2023-08-10 10:45:56,522 [INFO] PluginManager:220 - loadIPPluginJar : add spi
2023-08-10 10:45:56,551 [INFO] IPUIPlugin:80 - create IPUIPlugin
2023-08-10 10:45:56,551 [INFO] PluginManager:220 - loadIPPluginJar : add stm32_wpan
2023-08-10 10:45:56,564 [INFO] IPUIPlugin:80 - create IPUIPlugin
2023-08-10 10:45:56,564 [INFO] PluginManager:220 - loadIPPluginJar : add tim
2023-08-10 10:45:56,592 [INFO] IPUIPlugin:80 - create IPUIPlugin
2023-08-10 10:45:56,592 [INFO] PluginManager:220 - loadIPPluginJar : add touchsensing
2023-08-10 10:45:56,603 [INFO] IPUIPlugin:80 - create IPUIPlugin
2023-08-10 10:45:56,603 [INFO] PluginManager:220 - loadIPPluginJar : add tracer_emb
2023-08-10 10:45:56,614 [INFO] IPUIPlugin:80 - create IPUIPlugin
2023-08-10 10:45:56,614 [INFO] PluginManager:220 - loadIPPluginJar : add ts
2023-08-10 10:45:56,624 [INFO] IPUIPlugin:80 - create IPUIPlugin
2023-08-10 10:45:56,625 [INFO] PluginManager:220 - loadIPPluginJar : add tsc
2023-08-10 10:45:56,636 [INFO] IPUIPlugin:80 - create IPUIPlugin
2023-08-10 10:45:56,636 [INFO] PluginManager:220 - loadIPPluginJar : add ucpd
2023-08-10 10:45:56,658 [INFO] IPUIPlugin:80 - create IPUIPlugin
2023-08-10 10:45:56,658 [INFO] PluginManager:220 - loadIPPluginJar : add usart
2023-08-10 10:45:56,680 [INFO] IPUIPlugin:80 - create IPUIPlugin
2023-08-10 10:45:56,680 [INFO] PluginManager:220 - loadIPPluginJar : add usbx
2023-08-10 10:45:56,782 [INFO] CADModel:165 - CPN selected for project level
2023-08-10 10:45:56,782 [INFO] CADModel:114 - Register for checkConnection events
2023-08-10 10:45:56,783 [FATAL] Updater:308 - Updater called before beeing initialized
2023-08-10 10:45:56,783 [ERROR] CADModel:125 - Updater not yet initialized, retry later 
2023-08-10 10:45:56,868 [INFO] CADModel:165 - CPN selected for project level
2023-08-10 10:45:56,868 [INFO] CADModel:114 - Register for checkConnection events
2023-08-10 10:45:56,868 [FATAL] Updater:308 - Updater called before beeing initialized
2023-08-10 10:45:56,869 [ERROR] CADModel:125 - Updater not yet initialized, retry later 
2023-08-10 10:45:56,880 [FATAL] Updater:308 - Updater called before beeing initialized
2023-08-10 10:45:56,939 [FATAL] Updater:308 - Updater called before beeing initialized
2023-08-10 10:45:56,947 [INFO] DbMcusAds:53 - JSON generation date=Tue Mar 07 11:50:55 TRT 2023 (1678179055114)
2023-08-10 10:45:56,947 [FATAL] Updater:308 - Updater called before beeing initialized
2023-08-10 10:45:56,988 [WARN] DetailPanel:346 - Failed to get advertising image, set to default
2023-08-10 10:45:57,041 [FATAL] Updater:308 - Updater called before beeing initialized
2023-08-10 10:45:57,042 [FATAL] Updater:308 - Updater called before beeing initialized
2023-08-10 10:45:57,042 [FATAL] Updater:308 - Updater called before beeing initialized
2023-08-10 10:45:57,042 [WARN] DetailPanel:346 - Failed to get advertising image, set to default
2023-08-10 10:45:57,042 [FATAL] Updater:308 - Updater called before beeing initialized
2023-08-10 10:45:57,075 [ERROR] Updater:1120 - MainUpdater not yet initialized. External WinMGr cannot be set.
2023-08-10 10:45:57,080 [INFO] Updater:1056 - Updater Version found : 6.9.0
2023-08-10 10:45:57,090 [INFO] ApplicationProperties:184 - Using Application install path: C:\ST\STM32CubeIDE_1.13.0\STM32CubeIDE\plugins\com.st.stm32cube.common.mx_6.9.0.202307051724
2023-08-10 10:45:57,196 [INFO] MainUpdater:2868 - connection check result : 10
2023-08-10 10:45:57,197 [INFO] MainUpdater:285 - Updater Check For Update Now.
2023-08-10 10:45:57,197 [INFO] MicroXplorer:498 - Change Database Version : DB.6.0.90
2023-08-10 10:45:57,207 [INFO] McuFinderGlobals:63 - Set McuFinder mode to 2 (CubeIDE integrated)
2023-08-10 10:45:57,347 [INFO] CheckServerUpdateThread:120 - End of CheckServer Thread
2023-08-10 10:45:58,554 [WARN] PackLoader:240 - Cannot read IP mode file for STMicroelectronics.X-CUBE-SMBUS.2.1.0
2023-08-10 10:45:58,575 [WARN] PackLoader:240 - Cannot read IP mode file for STMicroelectronics.X-CUBE-AZRTOS-F7.1.1.0
2023-08-10 10:45:58,586 [WARN] PackLoader:240 - Cannot read IP mode file for STMicroelectronics.FP-SNS-MOTENV1.4.3.2
2023-08-10 10:45:58,599 [WARN] PackLoader:240 - Cannot read IP mode file for STMicroelectronics.X-CUBE-BLE1.6.2.4
2023-08-10 10:45:58,606 [WARN] PackLoader:240 - Cannot read IP mode file for STMicroelectronics.FP-SNS-FLIGHT1.5.0.2
2023-08-10 10:45:58,615 [WARN] PackLoader:240 - Cannot read IP mode file for STMicroelectronics.X-CUBE-DISPLAY.3.0.0
2023-08-10 10:45:58,625 [WARN] PackLoader:240 - Cannot read IP mode file for emotas.I-CUBE-CANOPEN.1.3.0
2023-08-10 10:45:58,633 [WARN] PackLoader:240 - Cannot read IP mode file for STMicroelectronics.X-CUBE-TOUCHGFX.4.22.0
2023-08-10 10:45:58,643 [INFO] LogOutputStream:77 - [STDOUT_REDIRECT] 1 : Invalid condition id : UX_CORESTACK_Condition cause : null
2023-08-10 10:45:58,643 [INFO] LogOutputStream:77 - [STDOUT_REDIRECT] 1 : Invalid condition id : UX_CORESTACK_Condition cause : null
2023-08-10 10:45:58,644 [INFO] LogOutputStream:77 - [STDOUT_REDIRECT] 1 : Invalid condition id : UX_CORESTACK_Condition cause : null
2023-08-10 10:45:58,644 [INFO] LogOutputStream:77 - [STDOUT_REDIRECT] 1 : Invalid condition id : UX_CORESTACK_Condition cause : null
2023-08-10 10:45:58,645 [INFO] LogOutputStream:77 - [STDOUT_REDIRECT] 1 : Invalid condition id : UX_CORESTACK_Condition cause : null
2023-08-10 10:45:58,647 [WARN] PackLoader:240 - Cannot read IP mode file for STMicroelectronics.X-CUBE-AZRTOS-WL.2.0.0
2023-08-10 10:45:58,656 [WARN] PackLoader:240 - Cannot read IP mode file for WES.I-CUBE-Cesium.1.3.0
2023-08-10 10:45:58,663 [WARN] PackLoader:240 - Cannot read IP mode file for STMicroelectronics.X-CUBE-BLE2.3.3.0
2023-08-10 10:45:58,670 [WARN] PackLoader:240 - Cannot read IP mode file for STMicroelectronics.X-CUBE-ALGOBUILD.1.3.0
2023-08-10 10:45:58,684 [WARN] PackLoader:240 - Cannot read IP mode file for STMicroelectronics.X-CUBE-AZRTOS-G0.1.1.0
2023-08-10 10:45:58,694 [WARN] PackLoader:240 - Cannot read IP mode file for STMicroelectronics.X-CUBE-NFC4.3.0.0
2023-08-10 10:45:58,701 [WARN] PackLoader:240 - Cannot read IP mode file for STMicroelectronics.FP-ATR-SIGFOX1.3.2.0
2023-08-10 10:45:58,723 [WARN] PackLoader:240 - Cannot read IP mode file for SEGGER.I-CUBE-embOS.1.3.1
2023-08-10 10:45:58,750 [WARN] PackLoader:240 - Cannot read IP mode file for STMicroelectronics.X-CUBE-GNSS1.6.0.0
2023-08-10 10:45:58,766 [WARN] PackLoader:240 - Cannot read IP mode file for STMicroelectronics.X-CUBE-AZRTOS-F4.1.1.0
2023-08-10 10:45:58,775 [WARN] PackLoader:240 - Cannot read IP mode file for wolfSSL.I-CUBE-wolfSSL.5.6.3
2023-08-10 10:45:58,799 [WARN] PackLoader:240 - Cannot read IP mode file for STMicroelectronics.X-CUBE-MEMS1.9.6.0
2023-08-10 10:45:58,879 [WARN] PackLoader:240 - Cannot read IP mode file for STMicroelectronics.X-CUBE-BLEMGR.2.0.0
2023-08-10 10:45:58,901 [WARN] ConditionMgr:438 - getConditionDescription Invalid condition id : UX DEVICE CLASS RTOS Condition cause : null
2023-08-10 10:45:58,902 [WARN] ConditionMgr:438 - getConditionDescription Invalid condition id : UX DEVICE CLASS RTOS Condition cause : null
2023-08-10 10:45:58,903 [WARN] PackLoader:240 - Cannot read IP mode file for STMicroelectronics.X-CUBE-AZRTOS-H7.3.1.0
2023-08-10 10:45:58,903 [WARN] ConditionMgr:1039 - genDependencies : Invalid condition id : UX DEVICE CLASS RTOS Condition cause : null
2023-08-10 10:45:58,903 [WARN] ConditionMgr:1039 - genDependencies : Invalid condition id : UX DEVICE CLASS RTOS Condition cause : null
2023-08-10 10:45:58,904 [WARN] ConditionMgr:1039 - genDependencies : Invalid condition id : UX DEVICE CLASS RTOS Condition cause : null
2023-08-10 10:45:58,904 [WARN] ConditionMgr:1039 - genDependencies : Invalid condition id : UX DEVICE CLASS RTOS Condition cause : null
2023-08-10 10:45:58,904 [WARN] ConditionMgr:1039 - genDependencies : Invalid condition id : UX DEVICE CLASS RTOS Condition cause : null
2023-08-10 10:45:58,912 [WARN] PackLoader:240 - Cannot read IP mode file for STMicroelectronics.X-CUBE-NFC7.1.0.1
2023-08-10 10:45:58,921 [WARN] PackLoader:240 - Cannot read IP mode file for STMicroelectronics.X-CUBE-EEPRMA1.4.1.0
2023-08-10 10:45:58,937 [WARN] ConditionMgr:438 - getConditionDescription Invalid condition id : LAN8742 Phy interface Condition cause : null
2023-08-10 10:45:58,937 [WARN] PackLoader:240 - Cannot read IP mode file for STMicroelectronics.X-CUBE-AZRTOS-L4.2.0.0
2023-08-10 10:45:58,938 [WARN] ConditionMgr:1039 - genDependencies : Invalid condition id : LAN8742 Phy interface Condition cause : null
2023-08-10 10:45:58,938 [WARN] ConditionMgr:1039 - genDependencies : Invalid condition id : LAN8742 Phy interface Condition cause : null
2023-08-10 10:45:58,938 [WARN] ConditionMgr:1039 - genDependencies : Invalid condition id : LAN8742 Phy interface Condition cause : null
2023-08-10 10:45:58,947 [WARN] PackLoader:240 - Cannot read IP mode file for STMicroelectronics.X-CUBE-SFXS2LP1.4.0.0
2023-08-10 10:45:58,954 [WARN] PackLoader:240 - Cannot read IP mode file for STMicroelectronics.X-CUBE-ISPU.1.1.0
2023-08-10 10:45:58,962 [WARN] PackLoader:240 - Cannot read IP mode file for STMicroelectronics.X-CUBE-FREERTOS.1.0.1
2023-08-10 10:45:58,975 [WARN] PackLoader:240 - Cannot read IP mode file for STMicroelectronics.X-CUBE-AZRTOS-L5.1.1.0
2023-08-10 10:45:58,983 [WARN] PackLoader:240 - Cannot read IP mode file for STMicroelectronics.X-CUBE-AI.8.0.1
2023-08-10 10:45:58,993 [WARN] PackLoader:240 - Cannot read IP mode file for STMicroelectronics.X-CUBE-SUBG2.5.0.0
2023-08-10 10:45:59,005 [WARN] PackLoader:240 - Cannot read IP mode file for STMicroelectronics.X-CUBE-TOF1.3.3.1
2023-08-10 10:45:59,025 [WARN] PackLoader:240 - Cannot read IP mode file for STMicroelectronics.X-CUBE-AZRTOS-G4.2.0.0
2023-08-10 10:45:59,035 [WARN] PackLoader:240 - Cannot read IP mode file for portGmbH.I-Cube-SoM-uGOAL.1.1.0
2023-08-10 10:45:59,043 [WARN] PackLoader:240 - Cannot read IP mode file for STMicroelectronics.X-CUBE-ALS.1.0.1
2023-08-10 10:45:59,057 [WARN] PackLoader:240 - Cannot read IP mode file for STMicroelectronics.X-CUBE-AZRTOS-WB.1.1.0
2023-08-10 10:45:59,065 [WARN] PackLoader:240 - Cannot read IP mode file for STMicroelectronics.FP-ATR-ASTRA1.2.0.0
2023-08-10 10:45:59,065 [INFO] ThirdParty:978 - Integrity check success = true
2023-08-10 10:45:59,065 [INFO] IntegrityCheckThread:100 - exiting critical section [integrity check]
2023-08-10 10:45:59,065 [INFO] IntegrityCheckThread:103 - End integrity checks thread
2023-08-10 10:46:18,113 [ERROR] LogOutputStream:75 - [STDERR_REDIRECT] SLF4J: Failed to load class "org.slf4j.impl.StaticLoggerBinder".
2023-08-10 10:46:18,113 [ERROR] LogOutputStream:75 - [STDERR_REDIRECT] SLF4J: Defaulting to no-operation (NOP) logger implementation
2023-08-10 10:46:18,114 [ERROR] LogOutputStream:75 - [STDERR_REDIRECT] SLF4J: See http://www.slf4j.org/codes.html#StaticLoggerBinder for further details.
2023-08-10 13:22:38,205 [INFO] McuFinderGlobals:63 - Set McuFinder mode to 2 (CubeIDE integrated)
2023-08-10 13:22:38,219 [INFO] MainUpdater:2868 - connection check result : 10
2023-08-10 13:22:38,223 [INFO] MainUpdater:2868 - connection check result : 10
2023-08-10 13:22:38,339 [INFO] MicroXplorer:468 - Change Database Path : 
2023-08-10 13:22:38,340 [INFO] MicroXplorer:498 - Change Database Version : DB.6.0.90
2023-08-10 13:22:38,342 [WARN] ThirdParty:871 - waiting for thirdparty lock release [close project]
2023-08-10 13:22:38,342 [INFO] ThirdParty:873 - entering critical section [close project]
2023-08-10 13:22:38,353 [INFO] ThirdParty:883 - exiting critical section [close project]
2023-08-10 13:22:38,354 [INFO] PinOutPanel:1499 - setPackage(No Configuration,No Configuration)
2023-08-10 13:22:38,359 [INFO] UtilMem:75 - Begin LoadConfig() Used Memory: 579021224 Bytes (1026555904)
2023-08-10 13:22:38,360 [INFO] MicroXplorer:468 - Change Database Path : 
2023-08-10 13:22:38,360 [INFO] MicroXplorer:498 - Change Database Version : DB.6.0.90
2023-08-10 13:22:38,360 [INFO] OpenFileManager:308 - Change cursor
2023-08-10 13:22:38,395 [INFO] Mcu:1946 - Initializing MCU STM32F446R(C-E)Tx STM32F446RETx STM32F446RET6
2023-08-10 13:22:39,273 [INFO] Context:659 - Trying to add GPIOservice into a context  which must be forbidden
2023-08-10 13:22:39,584 [INFO] RtosManager:555 - Registered RTOS mode: class=CMSIS, group=RTOS, mode=CMSIS_V1, owner=FREERTOS
2023-08-10 13:22:39,584 [INFO] RtosManager:555 - Registered RTOS mode: class=CMSIS, group=RTOS2, mode=CMSIS_V2, owner=FREERTOS
2023-08-10 13:22:39,584 [INFO] RtosManager:555 - Registered RTOS mode: class=RTOS, group=Core, mode=CMSIS_V1, owner=FREERTOS
2023-08-10 13:22:39,584 [INFO] RtosManager:555 - Registered RTOS mode: class=RTOS, group=Core, mode=CMSIS_V2, owner=FREERTOS
2023-08-10 13:22:39,584 [WARN] ModelIntegratedComponent:184 - Missing modes for component STMicroelectronics:FreeRTOS:0.0.1:STMicroelectronics:RTOS:FreeRTOS:Core:::10.2.0:
2023-08-10 13:22:39,590 [WARN] ModelIntegratedComponent:63 - No mode defined for component null
2023-08-10 13:22:39,590 [WARN] ModelIntegratedComponent:63 - No mode defined for component null
2023-08-10 13:22:39,590 [WARN] ModelIntegratedComponent:63 - No mode defined for component null
2023-08-10 13:22:39,590 [WARN] ModelIntegratedComponent:63 - No mode defined for component null
2023-08-10 13:22:39,590 [WARN] ModelIntegratedComponent:63 - No mode defined for component null
2023-08-10 13:22:39,590 [WARN] ModelIntegratedComponent:63 - No mode defined for component null
2023-08-10 13:22:39,590 [WARN] ModelIntegratedComponent:63 - No mode defined for component null
2023-08-10 13:22:39,590 [WARN] ModelIntegratedComponent:63 - No mode defined for component null
2023-08-10 13:22:39,590 [WARN] ModelIntegratedComponent:63 - No mode defined for component null
2023-08-10 13:22:39,590 [WARN] ModelIntegratedComponent:63 - No mode defined for component null
2023-08-10 13:22:39,590 [WARN] ModelIntegratedComponent:63 - No mode defined for component null
2023-08-10 13:22:39,590 [WARN] ModelIntegratedComponent:63 - No mode defined for component null
2023-08-10 13:22:39,590 [WARN] ModelIntegratedComponent:63 - No mode defined for component null
2023-08-10 13:22:39,590 [WARN] ModelIntegratedComponent:63 - No mode defined for component null
2023-08-10 13:22:39,590 [WARN] ModelIntegratedComponent:63 - No mode defined for component null
2023-08-10 13:22:39,590 [WARN] ModelIntegratedComponent:63 - No mode defined for component null
2023-08-10 13:22:39,590 [WARN] ModelIntegratedComponent:63 - No mode defined for component null
2023-08-10 13:22:39,590 [WARN] ModelIntegratedComponent:63 - No mode defined for component null
2023-08-10 13:22:39,590 [WARN] ModelIntegratedComponent:63 - No mode defined for component null
2023-08-10 13:22:39,590 [WARN] ModelIntegratedComponent:63 - No mode defined for component null
2023-08-10 13:22:39,590 [WARN] ModelIntegratedComponent:63 - No mode defined for component null
2023-08-10 13:22:39,590 [WARN] ModelIntegratedComponent:63 - No mode defined for component null
2023-08-10 13:22:39,590 [WARN] ModelIntegratedComponent:63 - No mode defined for component null
2023-08-10 13:22:39,590 [WARN] ModelIntegratedComponent:63 - No mode defined for component null
2023-08-10 13:22:39,590 [WARN] ModelIntegratedComponent:63 - No mode defined for component null
2023-08-10 13:22:39,590 [WARN] ModelIntegratedComponent:63 - No mode defined for component null
2023-08-10 13:22:39,590 [WARN] ModelIntegratedComponent:63 - No mode defined for component null
2023-08-10 13:22:39,590 [WARN] ModelIntegratedComponent:63 - No mode defined for component null
2023-08-10 13:22:39,590 [WARN] ModelIntegratedComponent:63 - No mode defined for component null
2023-08-10 13:22:39,590 [WARN] ModelIntegratedComponent:63 - No mode defined for component null
2023-08-10 13:22:39,590 [WARN] ModelIntegratedComponent:63 - No mode defined for component null
2023-08-10 13:22:39,590 [WARN] ModelIntegratedComponent:63 - No mode defined for component null
2023-08-10 13:22:39,590 [WARN] ModelIntegratedComponent:63 - No mode defined for component null
2023-08-10 13:22:39,603 [INFO] ThirdPartyModel:298 - Start build external matchings
2023-08-10 13:22:39,717 [INFO] ThirdPartyModel:316 - End build external matchings
2023-08-10 13:22:39,725 [WARN] IP:2114 - I2C_Coeff_DF not found: check if there is a RefParameter without a condition.
2023-08-10 13:22:39,725 [WARN] IP:2114 - Analog_Filter not found: check if there is a RefParameter without a condition.
2023-08-10 13:22:39,725 [WARN] IP:2114 - I2C_Coeff_DF not found: check if there is a RefParameter without a condition.
2023-08-10 13:22:39,725 [WARN] IP:2114 - Analog_Filter not found: check if there is a RefParameter without a condition.
2023-08-10 13:22:39,726 [INFO] ImportTextPane:194 - (OptionalMessage_ERROR) IP (RCC) : Invalid parameter (48MHZClocksFreq_Value)
2023-08-10 13:22:39,727 [INFO] ImportTextPane:194 - (OptionalMessage_ERROR) IP (RCC) : Invalid parameter (EthernetFreq_Value)
2023-08-10 13:22:39,727 [INFO] ImportTextPane:194 - (OptionalMessage_ERROR) IP (RCC) : Parameter (FLatency) has Id (AdvancedSettings) currently not set
2023-08-10 13:22:39,728 [INFO] ImportTextPane:194 - (OptionalMessage_ERROR) IP (RCC) : Invalid parameter (FamilyName)
2023-08-10 13:22:39,728 [INFO] ImportTextPane:194 - (OptionalMessage_ERROR) IP (RCC) : Invalid parameter (I2SClocksFreq_Value)
2023-08-10 13:22:39,728 [INFO] ImportTextPane:194 - (OptionalMessage_ERROR) IP (RCC) : Parameter (SDIOFreq_Value) has invalid value (168000000)
2023-08-10 13:22:39,728 [INFO] ImportTextPane:194 - (OptionalMessage_ERROR) IP (RCC) : Parameter (USBFreq_Value) has invalid value (168000000)
2023-08-10 13:22:39,728 [INFO] ImportTextPane:194 - (OptionalMessage_ERROR) IP (RCC) : Invalid parameter (VCOInputMFreq_Value)
2023-08-10 13:22:39,729 [INFO] ImportTextPane:194 - (OptionalMessage_ERROR) IP (RCC) : Invalid parameter (VcooutputI2S)
2023-08-10 13:22:39,929 [INFO] UtilMem:75 - End LoadConfig() Used Memory: 812746176 Bytes (1073741824)
2023-08-10 13:22:40,004 [INFO] ApiDb:581 - Connected to CubeFinder SQLite database (C:\Users\biomech\.stmcufinder\plugins\mcufinder\mcu\cube-finder-db.db)
2023-08-10 13:22:40,052 [INFO] ApiDb:668 - CubeFinder database Data Model version=2.1
2023-08-10 13:22:40,052 [INFO] ApiDb:669 - CubeFinder database Configuration version=3.0.37
2023-08-10 13:22:40,053 [INFO] ApiDb:670 - CubeFinder database generation date=2023-07-31 (1690792719)
2023-08-10 13:22:40,053 [INFO] ApiDb:671 - CubeFinder database FW Pack versions=[FP-ATR-ASTRA1_V2.0.0, FP-SNS-FLIGHT1_V5.0.1, FP-SNS-FLIGHT1_V5.0.2, FP-SNS-MOTENV1_V4.3.1, FP-SNS-MOTENV1_V4.3.2, STM32Cube_FW_C0_V1.1.0, STM32Cube_FW_F4_V1.27.1, STM32Cube_FW_F7_V1.17.0, STM32Cube_FW_G0_V1.6.1, STM32Cube_FW_G4_V1.5.1, STM32Cube_FW_H5_V0.5.1, STM32Cube_FW_H5_V1.1.0, STM32Cube_FW_H7_V1.11.0, STM32Cube_FW_L0_V1.12.2, STM32Cube_FW_L5_V1.5.0, STM32Cube_FW_U5_V1.3.0, STM32Cube_FW_U5_V1.3.0RC4, STM32Cube_FW_WBA_V1.0.0RC1, STM32Cube_FW_WBA_V1.1.0, STM32Cube_FW_WBA_V1.1.0RC1, STM32Cube_FW_WB_V1.15.0RC1, STM32Cube_FW_WB_V1.16.0, STM32Cube_FW_WB_V1.16.0RC2, STM32Cube_FW_WB_V1.17.0, STM32Cube_FW_WL_V1.3.0, X-CUBE-ALGOBUILD_V1.3.0, X-CUBE-ALS_V1.0.1, X-CUBE-AZRTOS-F4_V1.1.0, X-CUBE-AZRTOS-F7_V1.1.0, X-CUBE-AZRTOS-G0_V1.1.0, X-CUBE-AZRTOS-G4_V2.0.0, X-CUBE-AZRTOS-H7_V3.1.0, X-CUBE-AZRTOS-L4_V1.0.0, X-CUBE-AZRTOS-L4_V2.0.0, X-CUBE-AZRTOS-L5_V1.1.0, X-CUBE-AZRTOS-WB_V1.1.0, X-CUBE-AZRTOS-WL_V2.0.0, X-CUBE-BLE1_V6.2.4, X-CUBE-BLE2_V3.3.0, X-CUBE-BLEMGR_V2.0.0, X-CUBE-EEPRMA1_V4.1.0, X-CUBE-FREERTOS_V1.0.1, X-CUBE-GNSS1_V6.0.0, X-CUBE-MEMS1_V9.1.0, X-CUBE-MEMS1_V9.4.0, X-CUBE-MEMS1_V9.6.0, X-CUBE-NFC4_V3.0.0, X-CUBE-NFC7_V1.0.0, X-CUBE-SFXS2LP1_V4.0.0, X-CUBE-SUBG2_V5.0.0]
2023-08-10 13:22:41,170 [INFO] ApiDb:240 - Found 323 in-development CPN: [B-G473E-ZEST1S, B-WB1M-WPAN1, B-WL5M-SUBG1, NUCLEO-C031C6, NUCLEO-H503RB, NUCLEO-H563ZI, NUCLEO-U545RE-Q, NUCLEO-U5A5ZJ-Q, NUCLEO-WBA52CG, STEVAL-PROTEUS1, STEVAL-SMARTAG2, STEVAL-STWINBX1, STM320518-EVAL, STM32C0116-DK, STM32C011D6Y3TR, STM32C011D6Y6TR, STM32C011F4P3, STM32C011F4P6, STM32C011F4U3, STM32C011F4U6TR, STM32C011F6P3, STM32C011F6P6, STM32C011F6U3, STM32C011F6U6TR, STM32C011J4M3, STM32C011J4M6, STM32C011J6M3, STM32C011J6M6, STM32C0316-DK, STM32C031C4T3, STM32C031C4T6, STM32C031C4U3, STM32C031C4U6, STM32C031C6T3, STM32C031C6T6, STM32C031C6U3, STM32C031C6U6, STM32C031F4P3, STM32C031F4P6, STM32C031F6P3, STM32C031F6P6, STM32C031G4U3, STM32C031G4U6, STM32C031G6U3, STM32C031G6U6, STM32C031K4T3, STM32C031K4T6, STM32C031K4U3, STM32C031K4U6, STM32C031K6T3, STM32C031K6T6, STM32C031K6U3, STM32C031K6U6, STM32G071K8TXN, STM32G071K8UXN, STM32G081GBU6N, STM32G081KBT6N, STM32G081KBUXN, STM32G0B1CCT6N, STM32G0B1KCT6, STM32G0B1NEY6TR, STM32G0B1RCT6N, STM32G0C1CCT6, STM32G0C1CCT6N, STM32G0C1CCU6N, STM32G0C1CET6N, STM32G0C1CEU6N, STM32G0C1KCT6, STM32G0C1NEY6TR, STM32G0C1RCI6N, STM32G0C1RCT6N, STM32G0C1REI6N, STM32G0C1RET6N, STM32G0C1VCI6, STM32G0C1VEI6, STM32G471CCT6, STM32G471CCU6, STM32G471CET3, STM32G471CET6, STM32G471CEU3, STM32G471CEU6, STM32G471MCT6, STM32G471MET3, STM32G471MET6, STM32G471MEY6TR, STM32G471QCT6, STM32G471QET3, STM32G471RCT6, STM32G471RET3, STM32G471RET6, STM32G471VCH6, STM32G471VCI6, STM32G471VCT6, STM32G471VEH3, STM32G471VEH6, STM32G471VEI3, STM32G471VEI6, STM32G471VET3, STM32G471VET6, STM32G474CCT6, STM32H503CBT6, STM32H503CBU6, STM32H503EBY6TR, STM32H503KBU6, STM32H503RBT6, STM32H562AGI6, STM32H562AII6, STM32H562IGK6, STM32H562IGT6, STM32H562IIK6, STM32H562IIT6, STM32H562RGT6, STM32H562RGV6, STM32H562RIT6, STM32H562RIV6, STM32H562VGT6, STM32H562VIT6, STM32H562ZGT6, STM32H562ZIT6, STM32H563AGI6, STM32H563AII3Q, STM32H563AII6, STM32H563IGK6, STM32H563IGT6, STM32H563IIK3Q, STM32H563IIK6, STM32H563IIT3Q, STM32H563IIT6, STM32H563MIY3QTR, STM32H563RGT6, STM32H563RGV6, STM32H563RIT6, STM32H563RIV6, STM32H563VGT6, STM32H563VIT3Q, STM32H563VIT6, STM32H563ZGT6, STM32H563ZIT3Q, STM32H563ZIT6, STM32H573AII3Q, STM32H573AII6, STM32H573I-DK, STM32H573IIK3Q, STM32H573IIK6, STM32H573IIT3Q, STM32H573IIT6, STM32H573MIY3QTR, STM32H573RIT6, STM32H573RIV6, STM32H573VIT3Q, STM32H573VIT6, STM32H573ZIT3Q, STM32H573ZIT6, STM32L4R5QGI6STR, STM32MP131AAE3, STM32MP131AAF3, STM32MP131AAG3, STM32MP131CAE3, STM32MP131CAF3, STM32MP131CAG3, STM32MP131DAE7, STM32MP131DAF7, STM32MP131DAG7, STM32MP131FAE7, STM32MP131FAF7, STM32MP131FAG7, STM32MP133AAE3, STM32MP133AAF3, STM32MP133AAG3, STM32MP133CAE3, STM32MP133CAF3, STM32MP133CAG3, STM32MP133DAE7, STM32MP133DAF7, STM32MP133DAG7, STM32MP133FAE7, STM32MP133FAF7, STM32MP133FAG7, STM32MP135AAE3, STM32MP135AAF3, STM32MP135AAG3, STM32MP135CAE3, STM32MP135CAF3, STM32MP135CAG3, STM32MP135DAE7, STM32MP135DAF7, STM32MP135DAG7, STM32MP135F-DK, STM32MP135FAE7, STM32MP135FAF7, STM32MP135FAF7T, STM32MP135FAF7U, STM32MP135FAG7, STM32U535CBT6, STM32U535CBT6Q, STM32U535CBU6, STM32U535CBU6Q, STM32U535CCT6, STM32U535CCT6Q, STM32U535CCU6, STM32U535CCU6Q, STM32U535CET6, STM32U535CET6Q, STM32U535CEU6, STM32U535CEU6Q, STM32U535JEY6QTR, STM32U535NCY6QTR, STM32U535NEY6QTR, STM32U535RBI6, STM32U535RBI6Q, STM32U535RBT6, STM32U535RBT6Q, STM32U535RCI6, STM32U535RCI6Q, STM32U535RCT6, STM32U535RCT6Q, STM32U535REI6, STM32U535REI6Q, STM32U535RET6, STM32U535RET6Q, STM32U535VCI6, STM32U535VCI6Q, STM32U535VCT6, STM32U535VCT6Q, STM32U535VEI6, STM32U535VEI6Q, STM32U535VET6, STM32U535VET6Q, STM32U545CET6, STM32U545CET6Q, STM32U545CEU6, STM32U545CEU6Q, STM32U545JEY6QTR, STM32U545NEY6QTR, STM32U545REI6, STM32U545REI6Q, STM32U545RET6, STM32U545RET6Q, STM32U545VEI6, STM32U545VEI6Q, STM32U545VET6, STM32U545VET6Q, STM32U595AIH6, STM32U595AIH6Q, STM32U595AJH6, STM32U595AJH6Q, STM32U595QII6, STM32U595QII6Q, STM32U595QJI6, STM32U595QJI6Q, STM32U595RIT6, STM32U595RIT6Q, STM32U595RJT6, STM32U595RJT6Q, STM32U595VIT6, STM32U595VIT6Q, STM32U595VJT6, STM32U595VJT6Q, STM32U595ZIT6, STM32U595ZIT6Q, STM32U595ZIY6QTR, STM32U595ZJT6, STM32U595ZJT6Q, STM32U595ZJY6QTR, STM32U599BJY6QTR, STM32U599NIH6Q, STM32U599NJH6Q, STM32U599VIT6Q, STM32U599VJT6, STM32U599VJT6Q, STM32U599ZIT6Q, STM32U599ZIY6QTR, STM32U599ZJT6Q, STM32U599ZJY6QTR, STM32U5A5AJH6, STM32U5A5AJH6Q, STM32U5A5QJI6, STM32U5A5QJI6Q, STM32U5A5RJT6, STM32U5A5RJT6Q, STM32U5A5VJT6, STM32U5A5VJT6Q, STM32U5A5ZJT6, STM32U5A5ZJT6Q, STM32U5A5ZJY6QTR, STM32U5A9BJY6QTR, STM32U5A9J-DK, STM32U5A9NJH6Q, STM32U5A9VJT6Q, STM32U5A9ZJT6Q, STM32U5A9ZJY6QTR, STM32U5F7VIT6, STM32U5F7VIT6Q, STM32U5F7VJT6, STM32U5F7VJT6Q, STM32U5F9BJY6QTR, STM32U5F9NJH6Q, STM32U5F9VIT6Q, STM32U5F9VJT6Q, STM32U5F9ZIJ6QTR, STM32U5F9ZIT6Q, STM32U5F9ZJJ6QTR, STM32U5F9ZJT6Q, STM32U5G7VJT6, STM32U5G7VJT6Q, STM32U5G9BJY6QTR, STM32U5G9J-DK1, STM32U5G9J-DK2, STM32U5G9NJH6Q, STM32U5G9VJT6Q, STM32U5G9ZJJ6QTR, STM32U5G9ZJT6Q, STM32WB1MMCH6, STM32WBA52CEU6, STM32WBA52CEU6T, STM32WBA52CGU6, STM32WBA52CGU6T, STM32WBA52KEU6, STM32WBA52KEU6T, STM32WBA52KGU6, STM32WBA52KGU6T, STM32WL5MOCH6, STM32WL5MOCH6TR]
2023-08-10 13:22:41,172 [INFO] DbMcus:217 - Found 3848 MCUs, 3848 are supported
2023-08-10 13:22:41,176 [INFO] ApiDb:423 - Load user favorites file C:\Users\biomech/.stm32cubeide/favorites.mcus.txt: 1 item(s)
2023-08-10 13:22:41,176 [INFO] ApiDb:427 - User favorites MCUs=[STM32F446RET6]
2023-08-10 13:22:41,177 [INFO] DbMcus:223 - Set 1 / 1 favorites MCUs
2023-08-10 13:22:41,373 [WARN] ThirdParty:833 - waiting for thirdparty lock release [change project]
2023-08-10 13:22:41,374 [INFO] ThirdParty:835 - entering critical section [change project]
2023-08-10 13:22:41,374 [INFO] ThirdParty:1030 - CMSIS Pack Vendor :STMicroelectronics X-CUBE-ISPU 1.1.0
2023-08-10 13:22:41,374 [INFO] ThirdParty:1030 - CMSIS Pack Vendor :STMicroelectronics USBPD 4.1
2023-08-10 13:22:41,374 [INFO] ThirdParty:1030 - CMSIS Pack Vendor :STMicroelectronics X-CUBE-GNSS1 6.0.0
2023-08-10 13:22:41,374 [INFO] ThirdParty:1030 - CMSIS Pack Vendor :STMicroelectronics USB_HOST 2.0.0
2023-08-10 13:22:41,374 [INFO] ThirdParty:1030 - CMSIS Pack Vendor :STMicroelectronics X-CUBE-AZRTOS-F4 1.1.0
2023-08-10 13:22:41,374 [INFO] ThirdParty:1030 - CMSIS Pack Vendor :STMicroelectronics LIBJPEG 8.0.0
2023-08-10 13:22:41,374 [INFO] ThirdParty:1030 - CMSIS Pack Vendor :wolfSSL I-CUBE-wolfSSL 5.6.3
2023-08-10 13:22:41,374 [INFO] ThirdParty:1030 - CMSIS Pack Vendor :STMicroelectronics X-CUBE-SMBUS 2.1.0
2023-08-10 13:22:41,374 [INFO] ThirdParty:1030 - CMSIS Pack Vendor :STMicroelectronics USB_DEVICE 3.0.0
2023-08-10 13:22:41,374 [INFO] ThirdParty:1030 - CMSIS Pack Vendor :STMicroelectronics X-CUBE-FREERTOS 1.0.1
2023-08-10 13:22:41,374 [INFO] ThirdParty:1030 - CMSIS Pack Vendor :STMicroelectronics X-CUBE-AZRTOS-F7 1.1.0
2023-08-10 13:22:41,374 [INFO] ThirdParty:1030 - CMSIS Pack Vendor :STMicroelectronics USB_DEVICE 2.0.0
2023-08-10 13:22:41,374 [INFO] ThirdParty:1030 - CMSIS Pack Vendor :STMicroelectronics X-CUBE-MEMS1 9.6.0
2023-08-10 13:22:41,374 [INFO] ThirdParty:1030 - CMSIS Pack Vendor :STMicroelectronics FP-SNS-MOTENV1 4.3.2
2023-08-10 13:22:41,374 [INFO] ThirdParty:1030 - CMSIS Pack Vendor :STMicroelectronics X-CUBE-ALGOBUILD 1.3.0
2023-08-10 13:22:41,374 [INFO] ThirdParty:1030 - CMSIS Pack Vendor :STMicroelectronics X-CUBE-BLE1 6.2.4
2023-08-10 13:22:41,374 [INFO] ThirdParty:1030 - CMSIS Pack Vendor :STMicroelectronics X-CUBE-AZRTOS-L5 1.1.0
2023-08-10 13:22:41,374 [INFO] ThirdParty:1030 - CMSIS Pack Vendor :STMicroelectronics FreeRTOS 0.0.1
2023-08-10 13:22:41,374 [INFO] ThirdParty:1030 - CMSIS Pack Vendor :STMicroelectronics X-CUBE-AZRTOS-G0 1.1.0
2023-08-10 13:22:41,374 [INFO] ThirdParty:1030 - CMSIS Pack Vendor :STMicroelectronics X-CUBE-BLEMGR 2.0.0
2023-08-10 13:22:41,374 [INFO] ThirdParty:1030 - CMSIS Pack Vendor :STMicroelectronics X-CUBE-AI 8.0.1
2023-08-10 13:22:41,374 [INFO] ThirdParty:1030 - CMSIS Pack Vendor :STMicroelectronics X-CUBE-NFC4 3.0.0
2023-08-10 13:22:41,374 [INFO] ThirdParty:1030 - CMSIS Pack Vendor :STMicroelectronics X-CUBE-SUBG2 5.0.0
2023-08-10 13:22:41,374 [INFO] ThirdParty:1030 - CMSIS Pack Vendor :STMicroelectronics STM32_WPAN 1.0.0
2023-08-10 13:22:41,374 [INFO] ThirdParty:1030 - CMSIS Pack Vendor :STMicroelectronics lwIP 2.0.3
2023-08-10 13:22:41,374 [INFO] ThirdParty:1030 - CMSIS Pack Vendor :STMicroelectronics FP-SNS-FLIGHT1 5.0.2
2023-08-10 13:22:41,374 [INFO] ThirdParty:1030 - CMSIS Pack Vendor :STMicroelectronics USB_HOST 1.0.0
2023-08-10 13:22:41,374 [INFO] ThirdParty:1030 - CMSIS Pack Vendor :STMicroelectronics X-CUBE-TOF1 3.3.1
2023-08-10 13:22:41,374 [INFO] ThirdParty:1030 - CMSIS Pack Vendor :STMicroelectronics X-CUBE-AZRTOS-G4 2.0.0
2023-08-10 13:22:41,374 [INFO] ThirdParty:1030 - CMSIS Pack Vendor :STMicroelectronics PDM2PCM 3.1.0
2023-08-10 13:22:41,374 [INFO] ThirdParty:1030 - CMSIS Pack Vendor :STMicroelectronics X-CUBE-AZRTOS-H7 3.1.0
2023-08-10 13:22:41,374 [INFO] ThirdParty:1030 - CMSIS Pack Vendor :STMicroelectronics PDM2PCM 3.3.0
2023-08-10 13:22:41,374 [INFO] ThirdParty:1030 - CMSIS Pack Vendor :STMicroelectronics X-CUBE-DISPLAY 3.0.0
2023-08-10 13:22:41,374 [INFO] ThirdParty:1030 - CMSIS Pack Vendor :STMicroelectronics FP-ATR-SIGFOX1 3.2.0
2023-08-10 13:22:41,374 [INFO] ThirdParty:1030 - CMSIS Pack Vendor :STMicroelectronics HAL Drivers 0.0.0
2023-08-10 13:22:41,374 [INFO] ThirdParty:1030 - CMSIS Pack Vendor :STMicroelectronics MBEDTLS 2.16.2
2023-08-10 13:22:41,374 [INFO] ThirdParty:1030 - CMSIS Pack Vendor :emotas I-CUBE-CANOPEN 1.3.0
2023-08-10 13:22:41,374 [INFO] ThirdParty:1030 - CMSIS Pack Vendor :STMicroelectronics X-CUBE-TOUCHGFX 4.22.0
2023-08-10 13:22:41,374 [INFO] ThirdParty:1030 - CMSIS Pack Vendor :STMicroelectronics X-CUBE-NFC7 1.0.1
2023-08-10 13:22:41,374 [INFO] ThirdParty:1030 - CMSIS Pack Vendor :STMicroelectronics MBEDTLS 2.14.1
2023-08-10 13:22:41,374 [INFO] ThirdParty:1030 - CMSIS Pack Vendor :STMicroelectronics X-CUBE-EEPRMA1 4.1.0
2023-08-10 13:22:41,374 [INFO] ThirdParty:1030 - CMSIS Pack Vendor :portGmbH I-Cube-SoM-uGOAL 1.1.0
2023-08-10 13:22:41,374 [INFO] ThirdParty:1030 - CMSIS Pack Vendor :STMicroelectronics X-CUBE-ALS 1.0.1
2023-08-10 13:22:41,374 [INFO] ThirdParty:1030 - CMSIS Pack Vendor :STMicroelectronics ThreadX 1.0.0
2023-08-10 13:22:41,374 [INFO] ThirdParty:1030 - CMSIS Pack Vendor :STMicroelectronics X-CUBE-AZRTOS-WB 1.1.0
2023-08-10 13:22:41,374 [INFO] ThirdParty:1030 - CMSIS Pack Vendor :STMicroelectronics X-CUBE-AZRTOS-WL 2.0.0
2023-08-10 13:22:41,374 [INFO] ThirdParty:1030 - CMSIS Pack Vendor :SEGGER I-CUBE-embOS 1.3.1
2023-08-10 13:22:41,374 [INFO] ThirdParty:1030 - CMSIS Pack Vendor :STMicroelectronics USB_DEVICE 1.0.0
2023-08-10 13:22:41,374 [INFO] ThirdParty:1030 - CMSIS Pack Vendor :STMicroelectronics X-CUBE-AZRTOS-L4 2.0.0
2023-08-10 13:22:41,374 [INFO] ThirdParty:1030 - CMSIS Pack Vendor :STMicroelectronics ThreadX 0.0.2
2023-08-10 13:22:41,374 [INFO] ThirdParty:1030 - CMSIS Pack Vendor :WES I-CUBE-Cesium 1.3.0
2023-08-10 13:22:41,374 [INFO] ThirdParty:1030 - CMSIS Pack Vendor :STMicroelectronics FP-ATR-ASTRA1 2.0.0
2023-08-10 13:22:41,374 [INFO] ThirdParty:1030 - CMSIS Pack Vendor :STMicroelectronics lwIP 2.1.2
2023-08-10 13:22:41,374 [INFO] ThirdParty:1030 - CMSIS Pack Vendor :STMicroelectronics X-CUBE-SFXS2LP1 4.0.0
2023-08-10 13:22:41,375 [INFO] ThirdParty:1030 - CMSIS Pack Vendor :STMicroelectronics X-CUBE-BLE2 3.3.0
2023-08-10 13:22:41,375 [INFO] ThirdParty:1030 - CMSIS Pack Vendor :STMicroelectronics PDM2PCM 3.2.0
2023-08-10 13:22:41,375 [INFO] ThirdParty:841 - exiting critical section [change project]
2023-08-10 13:22:41,568 [INFO] PinOutPanel:1499 - setPackage(No Configuration,No Configuration)
2023-08-10 13:22:41,569 [INFO] PinOutPanel:1499 - setPackage(STM32F446RETx,LQFP64)
2023-08-10 13:22:41,825 [INFO] UtilMem:75 - Before build in PCC Used Memory: 523519800 Bytes (1073741824)
2023-08-10 13:22:42,363 [INFO] UtilMem:75 - After build in PCC Used Memory: 601066584 Bytes (1073741824)
2023-08-10 13:22:42,380 [INFO] IPUIPlugin:80 - create IPUIPlugin
2023-08-10 13:22:42,380 [INFO] IPUIPlugin:80 - create IPUIPlugin
2023-08-10 13:22:42,380 [INFO] IPUIPlugin:80 - create IPUIPlugin
2023-08-10 13:22:42,380 [INFO] IPUIPlugin:80 - create IPUIPlugin
2023-08-10 13:22:42,380 [INFO] IPUIPlugin:80 - create IPUIPlugin
2023-08-10 13:22:42,380 [INFO] IPUIPlugin:80 - create IPUIPlugin
2023-08-10 13:22:42,380 [INFO] IPUIPlugin:80 - create IPUIPlugin
2023-08-10 13:22:42,380 [INFO] IPUIPlugin:80 - create IPUIPlugin
2023-08-10 13:22:42,380 [INFO] IPUIPlugin:80 - create IPUIPlugin
2023-08-10 13:22:42,381 [INFO] IPUIPlugin:80 - create IPUIPlugin
2023-08-10 13:22:42,381 [INFO] IPUIPlugin:80 - create IPUIPlugin
2023-08-10 13:22:42,381 [INFO] IPUIPlugin:80 - create IPUIPlugin
2023-08-10 13:22:42,381 [INFO] IPUIPlugin:80 - create IPUIPlugin
2023-08-10 13:22:42,381 [INFO] IPUIPlugin:80 - create IPUIPlugin
2023-08-10 13:22:42,381 [INFO] IPUIPlugin:80 - create IPUIPlugin
2023-08-10 13:22:42,381 [INFO] IPUIPlugin:80 - create IPUIPlugin
2023-08-10 13:22:42,381 [INFO] IPUIPlugin:80 - create IPUIPlugin
2023-08-10 13:22:42,381 [INFO] IPUIPlugin:80 - create IPUIPlugin
2023-08-10 13:22:42,381 [INFO] IPUIPlugin:80 - create IPUIPlugin
2023-08-10 13:22:42,381 [INFO] IPUIPlugin:80 - create IPUIPlugin
2023-08-10 13:22:42,381 [INFO] IPUIPlugin:80 - create IPUIPlugin
2023-08-10 13:22:42,381 [INFO] IPUIPlugin:80 - create IPUIPlugin
2023-08-10 13:22:42,381 [INFO] IPUIPlugin:80 - create IPUIPlugin
2023-08-10 13:22:42,381 [INFO] IPUIPlugin:80 - create IPUIPlugin
2023-08-10 13:22:42,381 [INFO] IPUIPlugin:80 - create IPUIPlugin
2023-08-10 13:22:42,382 [INFO] IPUIPlugin:80 - create IPUIPlugin
2023-08-10 13:22:42,382 [INFO] IPUIPlugin:80 - create IPUIPlugin
2023-08-10 13:22:42,382 [INFO] IPUIPlugin:80 - create IPUIPlugin
2023-08-10 13:22:42,382 [INFO] IPUIPlugin:80 - create IPUIPlugin
2023-08-10 13:22:42,382 [INFO] IPUIPlugin:80 - create IPUIPlugin
2023-08-10 13:22:42,382 [INFO] IPUIPlugin:80 - create IPUIPlugin
2023-08-10 13:22:42,382 [INFO] IPUIPlugin:80 - create IPUIPlugin
2023-08-10 13:22:42,382 [INFO] IPUIPlugin:80 - create IPUIPlugin
2023-08-10 13:22:42,382 [INFO] IPUIPlugin:80 - create IPUIPlugin
2023-08-10 13:22:42,382 [INFO] IPUIPlugin:80 - create IPUIPlugin
2023-08-10 13:22:42,382 [INFO] IPUIPlugin:80 - create IPUIPlugin
2023-08-10 13:22:42,383 [INFO] IPUIPlugin:80 - create IPUIPlugin
2023-08-10 13:22:42,383 [INFO] IPUIPlugin:80 - create IPUIPlugin
2023-08-10 13:22:42,383 [INFO] IPUIPlugin:80 - create IPUIPlugin
2023-08-10 13:22:42,383 [INFO] IPUIPlugin:80 - create IPUIPlugin
2023-08-10 13:22:42,383 [INFO] IPUIPlugin:80 - create IPUIPlugin
2023-08-10 13:22:42,383 [INFO] IPUIPlugin:80 - create IPUIPlugin
2023-08-10 13:22:42,383 [INFO] IPUIPlugin:80 - create IPUIPlugin
2023-08-10 13:22:42,383 [INFO] IPUIPlugin:80 - create IPUIPlugin
2023-08-10 13:22:42,383 [INFO] IPUIPlugin:80 - create IPUIPlugin
2023-08-10 13:22:42,384 [INFO] IPUIPlugin:80 - create IPUIPlugin
2023-08-10 13:22:42,384 [INFO] IPUIPlugin:80 - create IPUIPlugin
2023-08-10 13:22:42,384 [INFO] IPUIPlugin:80 - create IPUIPlugin
2023-08-10 13:22:42,384 [INFO] IPUIPlugin:80 - create IPUIPlugin
2023-08-10 13:22:42,384 [INFO] IPUIPlugin:80 - create IPUIPlugin
2023-08-10 13:22:42,384 [INFO] IPUIPlugin:80 - create IPUIPlugin
2023-08-10 13:22:42,384 [INFO] IPUIPlugin:80 - create IPUIPlugin
2023-08-10 13:22:42,384 [INFO] IPUIPlugin:80 - create IPUIPlugin
2023-08-10 13:22:42,385 [INFO] IPUIPlugin:80 - create IPUIPlugin
2023-08-10 13:22:42,385 [INFO] IPUIPlugin:80 - create IPUIPlugin
2023-08-10 13:22:42,385 [INFO] IPUIPlugin:80 - create IPUIPlugin
2023-08-10 13:22:42,385 [INFO] IPUIPlugin:80 - create IPUIPlugin
2023-08-10 13:22:42,385 [INFO] IPUIPlugin:80 - create IPUIPlugin
2023-08-10 13:22:42,386 [INFO] IPUIPlugin:80 - create IPUIPlugin
2023-08-10 13:22:42,386 [INFO] IPUIPlugin:80 - create IPUIPlugin
2023-08-10 13:22:42,458 [INFO] ApiDbMcu:507 - Load IP Config File for PDM2PCM
2023-08-10 13:22:42,470 [WARN] IP:2114 - I2C_Coeff_DF not found: check if there is a RefParameter without a condition.
2023-08-10 13:22:42,470 [WARN] IP:2114 - Analog_Filter not found: check if there is a RefParameter without a condition.
2023-08-10 13:22:42,471 [WARN] IP:2114 - I2C_Coeff_DF not found: check if there is a RefParameter without a condition.
2023-08-10 13:22:42,471 [WARN] IP:2114 - Analog_Filter not found: check if there is a RefParameter without a condition.
2023-08-10 13:22:42,597 [INFO] CADModel:165 - CPN selected for project levelSTM32F446RET6
2023-08-10 13:22:42,597 [INFO] CADModel:114 - Register for checkConnection events
2023-08-10 13:22:42,642 [INFO] OpenFileManager:328 - Restore cursor
2023-08-10 13:22:42,802 [WARN] IP:2114 - I2C_Coeff_DF not found: check if there is a RefParameter without a condition.
2023-08-10 13:22:42,802 [WARN] IP:2114 - Analog_Filter not found: check if there is a RefParameter without a condition.
2023-08-10 13:22:42,802 [WARN] IP:2114 - I2C_Coeff_DF not found: check if there is a RefParameter without a condition.
2023-08-10 13:22:42,802 [WARN] IP:2114 - Analog_Filter not found: check if there is a RefParameter without a condition.
2023-08-10 13:22:42,804 [WARN] IP:2114 - I2C_Coeff_DF not found: check if there is a RefParameter without a condition.
2023-08-10 13:22:42,804 [WARN] IP:2114 - Analog_Filter not found: check if there is a RefParameter without a condition.
2023-08-10 13:22:42,804 [WARN] IP:2114 - I2C_Coeff_DF not found: check if there is a RefParameter without a condition.
2023-08-10 13:22:42,804 [WARN] IP:2114 - Analog_Filter not found: check if there is a RefParameter without a condition.
2023-08-10 14:13:45,161 [INFO] NvicIntPanel:101 - NVIC parent = com.st.microxplorer.plugins.ip.nvic.MultiNvicIntPanel[,0,0,0x0,invalid,layout=javax.swing.BoxLayout,alignmentX=0.0,alignmentY=0.0,border=,flags=9,maximumSize=,minimumSize=,preferredSize=]
2023-08-10 14:13:45,242 [WARN] IP:2114 - I2C_Coeff_DF not found: check if there is a RefParameter without a condition.
2023-08-10 14:13:45,242 [WARN] IP:2114 - Analog_Filter not found: check if there is a RefParameter without a condition.
2023-08-10 14:13:45,242 [WARN] IP:2114 - I2C_Coeff_DF not found: check if there is a RefParameter without a condition.
2023-08-10 14:13:45,242 [WARN] IP:2114 - Analog_Filter not found: check if there is a RefParameter without a condition.
2023-08-10 14:13:45,243 [WARN] IP:2114 - I2C_Coeff_DF not found: check if there is a RefParameter without a condition.
2023-08-10 14:13:45,243 [WARN] IP:2114 - Analog_Filter not found: check if there is a RefParameter without a condition.
2023-08-10 14:13:45,243 [WARN] IP:2114 - I2C_Coeff_DF not found: check if there is a RefParameter without a condition.
2023-08-10 14:13:45,243 [WARN] IP:2114 - Analog_Filter not found: check if there is a RefParameter without a condition.
2023-08-10 14:13:48,041 [INFO] UtilMem:75 - End SaveConfig() Used Memory: 864960584 Bytes (1073741824)
2023-08-10 14:13:49,371 [INFO] UtilMem:75 - End SaveConfig() Used Memory: 891985272 Bytes (1073741824)
2023-08-10 14:13:50,873 [INFO] UtilMem:75 - End SaveConfig() Used Memory: 574652608 Bytes (1073741824)
2023-08-10 14:13:51,074 [INFO] BlockDiagram:2759 - set Specific Code input for plugin: SYS
2023-08-10 14:13:51,074 [INFO] BlockDiagram:2759 - set Specific Code input for plugin: ADC
2023-08-10 14:13:51,074 [INFO] BlockDiagram:2759 - set Specific Code input for plugin: RCC
2023-08-10 14:13:51,074 [INFO] BlockDiagram:2759 - set Specific Code input for plugin: I2C
2023-08-10 14:13:51,074 [INFO] BlockDiagram:2759 - set Specific Code input for plugin: I2C
2023-08-10 14:13:51,074 [INFO] BlockDiagram:2759 - set Specific Code input for plugin: NVIC
2023-08-10 14:13:51,074 [INFO] BlockDiagram:2759 - set Specific Code input for plugin: USART
2023-08-10 14:13:51,074 [INFO] BlockDiagram:2759 - set Specific Code input for plugin: USART
2023-08-10 14:13:51,074 [INFO] BlockDiagram:2759 - set Specific Code input for plugin: GPIO
2023-08-10 14:13:51,075 [INFO] CodeGenerator:799 - code generatio: config db path: C:\ST\STM32CubeIDE_1.13.0\STM32CubeIDE\plugins\com.st.stm32cube.common.mx_6.9.0.202307051724\\db\
2023-08-10 14:13:51,083 [WARN] IP:2114 - I2C_Coeff_DF not found: check if there is a RefParameter without a condition.
2023-08-10 14:13:51,083 [WARN] IP:2114 - Analog_Filter not found: check if there is a RefParameter without a condition.
2023-08-10 14:13:51,083 [WARN] IP:2114 - I2C_Coeff_DF not found: check if there is a RefParameter without a condition.
2023-08-10 14:13:51,083 [WARN] IP:2114 - Analog_Filter not found: check if there is a RefParameter without a condition.
2023-08-10 14:13:51,202 [INFO] CodeEngine:255 - oldGeneratedFile, C:\Users\biomech\STM32CubeIDE\workspace_1.13.0\STM32_Biomech_Orthesis_V2\MXTmpFiles\license.tmp_save
2023-08-10 14:13:51,496 [INFO] CodeEngine:279 - Generated code: C:\Users\biomech\STM32CubeIDE\workspace_1.13.0\STM32_Biomech_Orthesis_V2\MXTmpFiles\license.tmp
2023-08-10 14:13:51,544 [INFO] CodeEngine:255 - oldGeneratedFile, C:\Users\biomech\STM32CubeIDE\workspace_1.13.0\STM32_Biomech_Orthesis_V2\Core\Src\gpio.c_save
2023-08-10 14:13:51,628 [INFO] CodeEngine:279 - Generated code: C:\Users\biomech\STM32CubeIDE\workspace_1.13.0\STM32_Biomech_Orthesis_V2\Core\Src\gpio.c
2023-08-10 14:13:51,636 [INFO] CodeEngine:255 - oldGeneratedFile, C:\Users\biomech\STM32CubeIDE\workspace_1.13.0\STM32_Biomech_Orthesis_V2\Core\Inc\gpio.h_save
2023-08-10 14:13:51,692 [INFO] CodeEngine:279 - Generated code: C:\Users\biomech\STM32CubeIDE\workspace_1.13.0\STM32_Biomech_Orthesis_V2\Core\Inc\gpio.h
2023-08-10 14:13:51,849 [INFO] CodeEngine:255 - oldGeneratedFile, C:\Users\biomech\STM32CubeIDE\workspace_1.13.0\STM32_Biomech_Orthesis_V2\Core\Src\adc.c_save
2023-08-10 14:13:51,938 [INFO] CodeEngine:279 - Generated code: C:\Users\biomech\STM32CubeIDE\workspace_1.13.0\STM32_Biomech_Orthesis_V2\Core\Src\adc.c
2023-08-10 14:13:51,946 [INFO] CodeEngine:255 - oldGeneratedFile, C:\Users\biomech\STM32CubeIDE\workspace_1.13.0\STM32_Biomech_Orthesis_V2\Core\Inc\adc.h_save
2023-08-10 14:13:51,993 [INFO] CodeEngine:279 - Generated code: C:\Users\biomech\STM32CubeIDE\workspace_1.13.0\STM32_Biomech_Orthesis_V2\Core\Inc\adc.h
2023-08-10 14:13:52,003 [INFO] CodeEngine:255 - oldGeneratedFile, C:\Users\biomech\STM32CubeIDE\workspace_1.13.0\STM32_Biomech_Orthesis_V2\Core\Src\i2c.c_save
2023-08-10 14:13:52,059 [INFO] CodeEngine:279 - Generated code: C:\Users\biomech\STM32CubeIDE\workspace_1.13.0\STM32_Biomech_Orthesis_V2\Core\Src\i2c.c
2023-08-10 14:13:52,062 [INFO] CodeEngine:255 - oldGeneratedFile, C:\Users\biomech\STM32CubeIDE\workspace_1.13.0\STM32_Biomech_Orthesis_V2\Core\Inc\i2c.h_save
2023-08-10 14:13:52,106 [INFO] CodeEngine:279 - Generated code: C:\Users\biomech\STM32CubeIDE\workspace_1.13.0\STM32_Biomech_Orthesis_V2\Core\Inc\i2c.h
2023-08-10 14:13:52,115 [INFO] CodeEngine:255 - oldGeneratedFile, C:\Users\biomech\STM32CubeIDE\workspace_1.13.0\STM32_Biomech_Orthesis_V2\Core\Src\usart.c_save
2023-08-10 14:13:52,175 [INFO] CodeEngine:279 - Generated code: C:\Users\biomech\STM32CubeIDE\workspace_1.13.0\STM32_Biomech_Orthesis_V2\Core\Src\usart.c
2023-08-10 14:13:52,178 [INFO] CodeEngine:255 - oldGeneratedFile, C:\Users\biomech\STM32CubeIDE\workspace_1.13.0\STM32_Biomech_Orthesis_V2\Core\Inc\usart.h_save
2023-08-10 14:13:52,221 [INFO] CodeEngine:279 - Generated code: C:\Users\biomech\STM32CubeIDE\workspace_1.13.0\STM32_Biomech_Orthesis_V2\Core\Inc\usart.h
2023-08-10 14:13:52,238 [INFO] CodeEngine:255 - oldGeneratedFile, C:\Users\biomech\STM32CubeIDE\workspace_1.13.0\STM32_Biomech_Orthesis_V2\Core\Src\stm32f4xx_it.c_save
2023-08-10 14:13:52,294 [INFO] CodeEngine:279 - Generated code: C:\Users\biomech\STM32CubeIDE\workspace_1.13.0\STM32_Biomech_Orthesis_V2\Core\Src\stm32f4xx_it.c
2023-08-10 14:13:52,299 [INFO] CodeEngine:255 - oldGeneratedFile, C:\Users\biomech\STM32CubeIDE\workspace_1.13.0\STM32_Biomech_Orthesis_V2\Core\Inc\stm32f4xx_it.h_save
2023-08-10 14:13:52,336 [INFO] CodeEngine:279 - Generated code: C:\Users\biomech\STM32CubeIDE\workspace_1.13.0\STM32_Biomech_Orthesis_V2\Core\Inc\stm32f4xx_it.h
2023-08-10 14:13:52,365 [INFO] CodeEngine:255 - oldGeneratedFile, C:\Users\biomech\STM32CubeIDE\workspace_1.13.0\STM32_Biomech_Orthesis_V2\Core\Src\stm32f4xx_hal_msp.c_save
2023-08-10 14:13:52,418 [INFO] CodeEngine:279 - Generated code: C:\Users\biomech\STM32CubeIDE\workspace_1.13.0\STM32_Biomech_Orthesis_V2\Core\Src\stm32f4xx_hal_msp.c
2023-08-10 14:13:52,423 [INFO] CodeEngine:255 - oldGeneratedFile, C:\Users\biomech\STM32CubeIDE\workspace_1.13.0\STM32_Biomech_Orthesis_V2\MXTmpFiles\system.tmp_save
2023-08-10 14:13:52,453 [INFO] CodeEngine:279 - Generated code: C:\Users\biomech\STM32CubeIDE\workspace_1.13.0\STM32_Biomech_Orthesis_V2\MXTmpFiles\system.tmp
2023-08-10 14:13:52,466 [INFO] CodeEngine:311 - oldGeneratedFile, C:\Users\biomech\STM32CubeIDE\workspace_1.13.0\STM32_Biomech_Orthesis_V2\Core\Inc\stm32f4xx_hal_conf.h_save
2023-08-10 14:13:52,517 [INFO] CodeEngine:335 - Generated code: C:\Users\biomech\STM32CubeIDE\workspace_1.13.0\STM32_Biomech_Orthesis_V2\Core\Inc\stm32f4xx_hal_conf.h
2023-08-10 14:13:52,539 [WARN] IPConfigManager:2937 - Warning: the RefConfig PLL2P_FOR_MCO is not available in your config.xml file
2023-08-10 14:13:52,557 [INFO] CodeEngine:255 - oldGeneratedFile, C:\Users\biomech\STM32CubeIDE\workspace_1.13.0\STM32_Biomech_Orthesis_V2\Core\Inc\main.h_save
2023-08-10 14:13:52,611 [INFO] CodeEngine:279 - Generated code: C:\Users\biomech\STM32CubeIDE\workspace_1.13.0\STM32_Biomech_Orthesis_V2\Core\Inc\main.h
2023-08-10 14:13:52,624 [INFO] CodeEngine:255 - oldGeneratedFile, C:\Users\biomech\STM32CubeIDE\workspace_1.13.0\STM32_Biomech_Orthesis_V2\Core\Src\main.c_save
2023-08-10 14:13:52,693 [INFO] CodeEngine:279 - Generated code: C:\Users\biomech\STM32CubeIDE\workspace_1.13.0\STM32_Biomech_Orthesis_V2\Core\Src\main.c
2023-08-10 14:13:52,969 [INFO] ProjectBuilder:3064 - Time for Copy HAL[1] : 86mS.
2023-08-10 14:13:52,971 [INFO] ProjectBuilder:4404 - Project Generator version: 4.1.0
2023-08-10 14:13:53,061 [INFO] ConfigFileManager:1457 - The Die is : DIE421
2023-08-10 14:13:53,069 [INFO] ApiDbMcu:507 - Load IP Config File for FATFS
2023-08-10 14:13:53,076 [INFO] ApiDbMcu:507 - Load IP Config File for FREERTOS
2023-08-10 14:13:53,080 [INFO] ApiDbMcu:507 - Load IP Config File for LIBJPEG
2023-08-10 14:13:53,087 [INFO] ApiDbMcu:507 - Load IP Config File for MBEDTLS
2023-08-10 14:13:53,095 [INFO] ApiDbMcu:507 - Load IP Config File for USB_DEVICE
2023-08-10 14:13:53,102 [INFO] ApiDbMcu:507 - Load IP Config File for USB_HOST
2023-08-10 14:13:53,669 [INFO] LogOutputStream:77 - [STDOUT_REDIRECT] 
2023-08-10 14:13:54,604 [INFO] ProjectBuilder:4626 - Time for Generating toolchain IDE Files: 1633mS.
2023-08-10 14:13:54,605 [INFO] ProjectBuilder:2935 - Time for Copy CMSIS : 1mS.
2023-08-10 14:13:54,606 [INFO] ProjectBuilder:2935 - Time for Copy CMSIS : 0mS.
2023-08-10 14:15:05,131 [INFO] NvicIntPanel:101 - NVIC parent = com.st.microxplorer.plugins.ip.nvic.MultiNvicIntPanel[,0,0,0x0,invalid,layout=javax.swing.BoxLayout,alignmentX=0.0,alignmentY=0.0,border=,flags=9,maximumSize=,minimumSize=,preferredSize=]
2023-08-10 14:15:05,201 [WARN] IP:2114 - I2C_Coeff_DF not found: check if there is a RefParameter without a condition.
2023-08-10 14:15:05,201 [WARN] IP:2114 - Analog_Filter not found: check if there is a RefParameter without a condition.
2023-08-10 14:15:05,201 [WARN] IP:2114 - I2C_Coeff_DF not found: check if there is a RefParameter without a condition.
2023-08-10 14:15:05,201 [WARN] IP:2114 - Analog_Filter not found: check if there is a RefParameter without a condition.
2023-08-10 14:15:05,202 [WARN] IP:2114 - I2C_Coeff_DF not found: check if there is a RefParameter without a condition.
2023-08-10 14:15:05,202 [WARN] IP:2114 - Analog_Filter not found: check if there is a RefParameter without a condition.
2023-08-10 14:15:05,202 [WARN] IP:2114 - I2C_Coeff_DF not found: check if there is a RefParameter without a condition.
2023-08-10 14:15:05,202 [WARN] IP:2114 - Analog_Filter not found: check if there is a RefParameter without a condition.
2023-08-10 14:15:06,922 [INFO] UtilMem:75 - End SaveConfig() Used Memory: 671144696 Bytes (1073741824)
2023-08-10 14:15:08,000 [INFO] UtilMem:75 - End SaveConfig() Used Memory: 697359096 Bytes (1073741824)
2023-08-10 14:15:09,322 [INFO] UtilMem:75 - End SaveConfig() Used Memory: 745593592 Bytes (1073741824)
2023-08-10 14:15:09,428 [INFO] BlockDiagram:2759 - set Specific Code input for plugin: SYS
2023-08-10 14:15:09,428 [INFO] BlockDiagram:2759 - set Specific Code input for plugin: ADC
2023-08-10 14:15:09,428 [INFO] BlockDiagram:2759 - set Specific Code input for plugin: RCC
2023-08-10 14:15:09,428 [INFO] BlockDiagram:2759 - set Specific Code input for plugin: I2C
2023-08-10 14:15:09,428 [INFO] BlockDiagram:2759 - set Specific Code input for plugin: I2C
2023-08-10 14:15:09,428 [INFO] BlockDiagram:2759 - set Specific Code input for plugin: NVIC
2023-08-10 14:15:09,428 [INFO] BlockDiagram:2759 - set Specific Code input for plugin: USART
2023-08-10 14:15:09,428 [INFO] BlockDiagram:2759 - set Specific Code input for plugin: USART
2023-08-10 14:15:09,428 [INFO] BlockDiagram:2759 - set Specific Code input for plugin: GPIO
2023-08-10 14:15:09,428 [INFO] CodeGenerator:799 - code generatio: config db path: C:\ST\STM32CubeIDE_1.13.0\STM32CubeIDE\plugins\com.st.stm32cube.common.mx_6.9.0.202307051724\\db\
2023-08-10 14:15:09,434 [WARN] IP:2114 - I2C_Coeff_DF not found: check if there is a RefParameter without a condition.
2023-08-10 14:15:09,434 [WARN] IP:2114 - Analog_Filter not found: check if there is a RefParameter without a condition.
2023-08-10 14:15:09,434 [WARN] IP:2114 - I2C_Coeff_DF not found: check if there is a RefParameter without a condition.
2023-08-10 14:15:09,434 [WARN] IP:2114 - Analog_Filter not found: check if there is a RefParameter without a condition.
2023-08-10 14:15:09,506 [INFO] CodeEngine:255 - oldGeneratedFile, C:\Users\biomech\STM32CubeIDE\workspace_1.13.0\STM32_Biomech_Orthesis_V2\MXTmpFiles\license.tmp_save
2023-08-10 14:15:09,547 [INFO] CodeEngine:279 - Generated code: C:\Users\biomech\STM32CubeIDE\workspace_1.13.0\STM32_Biomech_Orthesis_V2\MXTmpFiles\license.tmp
2023-08-10 14:15:09,562 [INFO] CodeEngine:255 - oldGeneratedFile, C:\Users\biomech\STM32CubeIDE\workspace_1.13.0\STM32_Biomech_Orthesis_V2\Core\Src\gpio.c_save
2023-08-10 14:15:09,599 [INFO] CodeEngine:279 - Generated code: C:\Users\biomech\STM32CubeIDE\workspace_1.13.0\STM32_Biomech_Orthesis_V2\Core\Src\gpio.c
2023-08-10 14:15:09,602 [INFO] CodeEngine:255 - oldGeneratedFile, C:\Users\biomech\STM32CubeIDE\workspace_1.13.0\STM32_Biomech_Orthesis_V2\Core\Inc\gpio.h_save
2023-08-10 14:15:09,637 [INFO] CodeEngine:279 - Generated code: C:\Users\biomech\STM32CubeIDE\workspace_1.13.0\STM32_Biomech_Orthesis_V2\Core\Inc\gpio.h
2023-08-10 14:15:09,707 [INFO] CodeEngine:255 - oldGeneratedFile, C:\Users\biomech\STM32CubeIDE\workspace_1.13.0\STM32_Biomech_Orthesis_V2\Core\Src\adc.c_save
2023-08-10 14:15:09,749 [INFO] CodeEngine:279 - Generated code: C:\Users\biomech\STM32CubeIDE\workspace_1.13.0\STM32_Biomech_Orthesis_V2\Core\Src\adc.c
2023-08-10 14:15:09,752 [INFO] CodeEngine:255 - oldGeneratedFile, C:\Users\biomech\STM32CubeIDE\workspace_1.13.0\STM32_Biomech_Orthesis_V2\Core\Inc\adc.h_save
2023-08-10 14:15:09,780 [INFO] CodeEngine:279 - Generated code: C:\Users\biomech\STM32CubeIDE\workspace_1.13.0\STM32_Biomech_Orthesis_V2\Core\Inc\adc.h
2023-08-10 14:15:09,790 [INFO] CodeEngine:255 - oldGeneratedFile, C:\Users\biomech\STM32CubeIDE\workspace_1.13.0\STM32_Biomech_Orthesis_V2\Core\Src\i2c.c_save
2023-08-10 14:15:09,845 [INFO] CodeEngine:279 - Generated code: C:\Users\biomech\STM32CubeIDE\workspace_1.13.0\STM32_Biomech_Orthesis_V2\Core\Src\i2c.c
2023-08-10 14:15:09,847 [INFO] CodeEngine:255 - oldGeneratedFile, C:\Users\biomech\STM32CubeIDE\workspace_1.13.0\STM32_Biomech_Orthesis_V2\Core\Inc\i2c.h_save
2023-08-10 14:15:09,875 [INFO] CodeEngine:279 - Generated code: C:\Users\biomech\STM32CubeIDE\workspace_1.13.0\STM32_Biomech_Orthesis_V2\Core\Inc\i2c.h
2023-08-10 14:15:09,884 [INFO] CodeEngine:255 - oldGeneratedFile, C:\Users\biomech\STM32CubeIDE\workspace_1.13.0\STM32_Biomech_Orthesis_V2\Core\Src\usart.c_save
2023-08-10 14:15:09,943 [INFO] CodeEngine:279 - Generated code: C:\Users\biomech\STM32CubeIDE\workspace_1.13.0\STM32_Biomech_Orthesis_V2\Core\Src\usart.c
2023-08-10 14:15:09,946 [INFO] CodeEngine:255 - oldGeneratedFile, C:\Users\biomech\STM32CubeIDE\workspace_1.13.0\STM32_Biomech_Orthesis_V2\Core\Inc\usart.h_save
2023-08-10 14:15:09,975 [INFO] CodeEngine:279 - Generated code: C:\Users\biomech\STM32CubeIDE\workspace_1.13.0\STM32_Biomech_Orthesis_V2\Core\Inc\usart.h
2023-08-10 14:15:09,984 [INFO] CodeEngine:255 - oldGeneratedFile, C:\Users\biomech\STM32CubeIDE\workspace_1.13.0\STM32_Biomech_Orthesis_V2\Core\Src\stm32f4xx_it.c_save
2023-08-10 14:15:10,020 [INFO] CodeEngine:279 - Generated code: C:\Users\biomech\STM32CubeIDE\workspace_1.13.0\STM32_Biomech_Orthesis_V2\Core\Src\stm32f4xx_it.c
2023-08-10 14:15:10,023 [INFO] CodeEngine:255 - oldGeneratedFile, C:\Users\biomech\STM32CubeIDE\workspace_1.13.0\STM32_Biomech_Orthesis_V2\Core\Inc\stm32f4xx_it.h_save
2023-08-10 14:15:10,051 [INFO] CodeEngine:279 - Generated code: C:\Users\biomech\STM32CubeIDE\workspace_1.13.0\STM32_Biomech_Orthesis_V2\Core\Inc\stm32f4xx_it.h
2023-08-10 14:15:10,061 [INFO] CodeEngine:255 - oldGeneratedFile, C:\Users\biomech\STM32CubeIDE\workspace_1.13.0\STM32_Biomech_Orthesis_V2\Core\Src\stm32f4xx_hal_msp.c_save
2023-08-10 14:15:10,098 [INFO] CodeEngine:279 - Generated code: C:\Users\biomech\STM32CubeIDE\workspace_1.13.0\STM32_Biomech_Orthesis_V2\Core\Src\stm32f4xx_hal_msp.c
2023-08-10 14:15:10,100 [INFO] CodeEngine:255 - oldGeneratedFile, C:\Users\biomech\STM32CubeIDE\workspace_1.13.0\STM32_Biomech_Orthesis_V2\MXTmpFiles\system.tmp_save
2023-08-10 14:15:10,126 [INFO] CodeEngine:279 - Generated code: C:\Users\biomech\STM32CubeIDE\workspace_1.13.0\STM32_Biomech_Orthesis_V2\MXTmpFiles\system.tmp
2023-08-10 14:15:10,136 [INFO] CodeEngine:311 - oldGeneratedFile, C:\Users\biomech\STM32CubeIDE\workspace_1.13.0\STM32_Biomech_Orthesis_V2\Core\Inc\stm32f4xx_hal_conf.h_save
2023-08-10 14:15:10,183 [INFO] CodeEngine:335 - Generated code: C:\Users\biomech\STM32CubeIDE\workspace_1.13.0\STM32_Biomech_Orthesis_V2\Core\Inc\stm32f4xx_hal_conf.h
2023-08-10 14:15:10,197 [WARN] IPConfigManager:2937 - Warning: the RefConfig PLL2P_FOR_MCO is not available in your config.xml file
2023-08-10 14:15:10,207 [INFO] CodeEngine:255 - oldGeneratedFile, C:\Users\biomech\STM32CubeIDE\workspace_1.13.0\STM32_Biomech_Orthesis_V2\Core\Inc\main.h_save
2023-08-10 14:15:10,240 [INFO] CodeEngine:279 - Generated code: C:\Users\biomech\STM32CubeIDE\workspace_1.13.0\STM32_Biomech_Orthesis_V2\Core\Inc\main.h
2023-08-10 14:15:10,249 [INFO] CodeEngine:255 - oldGeneratedFile, C:\Users\biomech\STM32CubeIDE\workspace_1.13.0\STM32_Biomech_Orthesis_V2\Core\Src\main.c_save
2023-08-10 14:15:10,292 [INFO] CodeEngine:279 - Generated code: C:\Users\biomech\STM32CubeIDE\workspace_1.13.0\STM32_Biomech_Orthesis_V2\Core\Src\main.c
2023-08-10 14:15:10,528 [INFO] ProjectBuilder:3064 - Time for Copy HAL[1] : 66mS.
2023-08-10 14:15:10,530 [INFO] ProjectBuilder:4404 - Project Generator version: 4.1.0
2023-08-10 14:15:10,607 [INFO] ConfigFileManager:1457 - The Die is : DIE421
2023-08-10 14:15:11,174 [INFO] ProjectBuilder:4626 - Time for Generating toolchain IDE Files: 644mS.
2023-08-10 14:15:11,174 [INFO] ProjectBuilder:2935 - Time for Copy CMSIS : 0mS.
2023-08-10 14:15:11,175 [INFO] ProjectBuilder:2935 - Time for Copy CMSIS : 0mS.
2023-08-10 15:12:35,372 [ERROR] ConfigurationRetriever:142 - IOException on connection: Connect timed out
