2023-08-14 11:16:59,520 [INFO] Activator:176 - 


2023-08-14 11:16:59,523 [INFO] Activator:177 - !SESSION log4j initialized
2023-08-14 11:17:03,025 [INFO] LogOutputStream:77 - [STDOUT_REDIRECT] 
2023-08-14 11:17:04,241 [INFO] ApplicationProperties:184 - Using Application install path: C:\ST\STM32CubeIDE_1.13.0\STM32CubeIDE\plugins\com.st.stm32cube.common.mx_6.9.0.202307051724
2023-08-14 11:17:04,252 [INFO] DbMcusXml:78 - Set database path to: C:\ST\STM32CubeIDE_1.13.0\STM32CubeIDE\plugins\com.st.stm32cube.common.mx_6.9.0.202307051724\\db\/mcu/
2023-08-14 11:17:04,252 [INFO] ApiDb:274 - Set plugin database path to: C:\ST\STM32CubeIDE_1.13.0\STM32CubeIDE\plugins\com.st.stm32cube.common.mx_6.9.0.202307051724\\db\/plugins/boardmanager/
2023-08-14 11:17:04,252 [WARN] ApiDb:259 - Overriding images path with different value:  => C:\ST\STM32CubeIDE_1.13.0\STM32CubeIDE\plugins\com.st.stm32cube.common.mx_6.9.0.202307051724\\db\/plugins/mcufinder/images/
2023-08-14 11:17:04,259 [INFO] ApiDb:250 - Set database path to: C:\Users\biomech\.stmcufinder\plugins\mcufinder//mcu/
2023-08-14 11:17:04,259 [INFO] DbMcusAds:125 - Set database path to: C:\Users\biomech\.stmcufinder\plugins\mcufinder//mcu/
2023-08-14 11:17:04,260 [INFO] CrossReferenceDbSqlite:203 - Set database path to: C:\Users\biomech\.stmcufinder\plugins\mcufinder//mcu/cs/
2023-08-14 11:17:04,328 [INFO] RulesReader:64 - Compatibility file has been processed (293 Rules)
2023-08-14 11:17:04,373 [INFO] DbMcusXml:78 - Set database path to: C:\ST\STM32CubeIDE_1.13.0\STM32CubeIDE\plugins\com.st.stm32cube.common.mx_6.9.0.202307051724\\db\/mcu/
2023-08-14 11:17:04,373 [INFO] ApiDb:274 - Set plugin database path to: C:\ST\STM32CubeIDE_1.13.0\STM32CubeIDE\plugins\com.st.stm32cube.common.mx_6.9.0.202307051724\\db\/plugins/boardmanager/
2023-08-14 11:17:04,373 [INFO] ApiDb:261 - Set plugin images path to: C:\ST\STM32CubeIDE_1.13.0\STM32CubeIDE\plugins\com.st.stm32cube.common.mx_6.9.0.202307051724\\db\/plugins/mcufinder/images/
2023-08-14 11:17:04,373 [WARN] DbFile:41 - Overriding database path with different value: C:\Users\biomech\.stmcufinder\plugins\mcufinder/ => C:\Users\biomech\.stmcufinder\plugins\mcufinder
2023-08-14 11:17:04,373 [INFO] ApiDb:250 - Set database path to: C:\Users\biomech\.stmcufinder\plugins\mcufinder//mcu/
2023-08-14 11:17:04,373 [WARN] DbFile:41 - Overriding database path with different value: C:\Users\biomech\.stmcufinder\plugins\mcufinder/ => C:\Users\biomech\.stmcufinder\plugins\mcufinder
2023-08-14 11:17:04,373 [INFO] DbMcusAds:125 - Set database path to: C:\Users\biomech\.stmcufinder\plugins\mcufinder//mcu/
2023-08-14 11:17:04,373 [WARN] DbFile:41 - Overriding database path with different value: C:\Users\biomech\.stmcufinder\plugins\mcufinder/ => C:\Users\biomech\.stmcufinder\plugins\mcufinder
2023-08-14 11:17:04,373 [WARN] DbFile:41 - Overriding database path with different value: C:\Users\biomech\.stmcufinder\plugins\mcufinder/ => C:\Users\biomech\.stmcufinder\plugins\mcufinder
2023-08-14 11:17:04,373 [INFO] CrossReferenceDbSqlite:203 - Set database path to: C:\Users\biomech\.stmcufinder\plugins\mcufinder//mcu/cs/
2023-08-14 11:17:04,416 [INFO] MainPanel:262 - HeapMemory: 268435456
2023-08-14 11:17:04,464 [INFO] DbMcusXml:78 - Set database path to: C:\ST\STM32CubeIDE_1.13.0\STM32CubeIDE\plugins\com.st.stm32cube.common.mx_6.9.0.202307051724\\db\/mcu/
2023-08-14 11:17:04,464 [INFO] ApiDb:274 - Set plugin database path to: C:\ST\STM32CubeIDE_1.13.0\STM32CubeIDE\plugins\com.st.stm32cube.common.mx_6.9.0.202307051724\\db\/plugins/boardmanager/
2023-08-14 11:17:04,464 [INFO] ApiDb:261 - Set plugin images path to: C:\ST\STM32CubeIDE_1.13.0\STM32CubeIDE\plugins\com.st.stm32cube.common.mx_6.9.0.202307051724\\db\/plugins/mcufinder/images/
2023-08-14 11:17:04,464 [WARN] DbFile:41 - Overriding database path with different value: C:\Users\biomech\.stmcufinder\plugins\mcufinder/ => C:\Users\biomech\.stmcufinder\plugins\mcufinder
2023-08-14 11:17:04,464 [INFO] ApiDb:250 - Set database path to: C:\Users\biomech\.stmcufinder\plugins\mcufinder//mcu/
2023-08-14 11:17:04,464 [WARN] DbFile:41 - Overriding database path with different value: C:\Users\biomech\.stmcufinder\plugins\mcufinder/ => C:\Users\biomech\.stmcufinder\plugins\mcufinder
2023-08-14 11:17:04,464 [INFO] DbMcusAds:125 - Set database path to: C:\Users\biomech\.stmcufinder\plugins\mcufinder//mcu/
2023-08-14 11:17:04,464 [WARN] DbFile:41 - Overriding database path with different value: C:\Users\biomech\.stmcufinder\plugins\mcufinder/ => C:\Users\biomech\.stmcufinder\plugins\mcufinder
2023-08-14 11:17:04,464 [WARN] DbFile:41 - Overriding database path with different value: C:\Users\biomech\.stmcufinder\plugins\mcufinder/ => C:\Users\biomech\.stmcufinder\plugins\mcufinder
2023-08-14 11:17:04,464 [INFO] CrossReferenceDbSqlite:203 - Set database path to: C:\Users\biomech\.stmcufinder\plugins\mcufinder//mcu/cs/
2023-08-14 11:17:04,473 [INFO] ApplicationProperties:184 - Using Application install path: C:\ST\STM32CubeIDE_1.13.0\STM32CubeIDE\plugins\com.st.stm32cube.common.mx_6.9.0.202307051724
2023-08-14 11:17:04,474 [INFO] PluginManage:196 - Search for loadable plugins [exclusion list=, ]
2023-08-14 11:17:04,475 [INFO] PluginManage:310 - Check plugin analytics
2023-08-14 11:17:04,564 [INFO] AnalyticsPlugin:253 - Accepted Software Licenses: 
2023-08-14 11:17:04,564 [INFO] AnalyticsPlugin:255 - Accepted CMSIS Pack Licenses: 
2023-08-14 11:17:04,564 [INFO] AnalyticsPlugin:257 - Accepted Firmware Licenses: FW.F4.1.27.0
2023-08-14 11:17:04,567 [INFO] PluginManage:359 - Loaded plugin analytics (category:tool,tabindex:-1)
2023-08-14 11:17:04,567 [INFO] PluginManage:310 - Check plugin cadmodel
2023-08-14 11:17:04,577 [INFO] CADModel:105 - Init CAD model plugin
2023-08-14 11:17:04,577 [INFO] PluginManage:359 - Loaded plugin cadmodel (category:power,tabindex:5)
2023-08-14 11:17:04,577 [INFO] PluginManage:310 - Check plugin clock
2023-08-14 11:17:04,588 [INFO] PluginManage:359 - Loaded plugin clock (category:base,tabindex:2)
2023-08-14 11:17:04,589 [INFO] PluginManage:310 - Check plugin ddr
2023-08-14 11:17:04,590 [INFO] PluginManage:359 - Loaded plugin ddr (category:tool,tabindex:6)
2023-08-14 11:17:04,590 [INFO] PluginManage:310 - Check plugin filemanager
2023-08-14 11:17:04,673 [INFO] PluginManage:359 - Loaded plugin filemanager (category:base,tabindex:10)
2023-08-14 11:17:04,673 [INFO] PluginManage:310 - Check plugin ipmanager
2023-08-14 11:17:04,676 [INFO] PluginManage:359 - Loaded plugin ipmanager (category:base,tabindex:5)
2023-08-14 11:17:04,677 [INFO] PluginManage:310 - Check plugin lpbam
2023-08-14 11:17:04,687 [INFO] PluginManage:359 - Loaded plugin lpbam (category:base,tabindex:0)
2023-08-14 11:17:04,687 [INFO] PluginManage:310 - Check plugin memorymap
2023-08-14 11:17:04,699 [INFO] PluginManage:359 - Loaded plugin memorymap (category:base,tabindex:4)
2023-08-14 11:17:04,699 [INFO] PluginManage:310 - Check plugin pinoutandconfiguration
2023-08-14 11:17:04,709 [INFO] PluginManage:359 - Loaded plugin pinoutandconfiguration (category:base,tabindex:1)
2023-08-14 11:17:04,709 [INFO] PluginManage:310 - Check plugin pinoutconfig
2023-08-14 11:17:04,766 [WARN] SupportedApi:132 - Cannot load RTOS API schema: s4s-elt-must-match.1: The content of 'definitions' must match (annotation?, (simpleType | complexType)?, (unique | key | keyref)*)). A problem was found starting at: attribute.
2023-08-14 11:17:04,842 [INFO] PluginManage:359 - Loaded plugin pinoutconfig (category:base,tabindex:0)
2023-08-14 11:17:04,842 [INFO] PluginManage:310 - Check plugin power
2023-08-14 11:17:04,854 [INFO] PluginManage:359 - Loaded plugin power (category:power,tabindex:4)
2023-08-14 11:17:04,854 [INFO] PluginManage:310 - Check plugin projectmanager
2023-08-14 11:17:04,862 [INFO] PluginManage:359 - Loaded plugin projectmanager (category:projectmanager,tabindex:3)
2023-08-14 11:17:04,863 [INFO] PluginManage:310 - Check plugin thirdparty
2023-08-14 11:17:05,020 [INFO] PluginManage:359 - Loaded plugin thirdparty (category:base,tabindex:-1)
2023-08-14 11:17:05,020 [INFO] PluginManage:310 - Check plugin tools
2023-08-14 11:17:05,020 [WARN] IntegrityCheckThread:84 - waiting for thirdparty lock release [integrity check]
2023-08-14 11:17:05,020 [INFO] IntegrityCheckThread:86 - entering critical section [integrity check]
2023-08-14 11:17:05,021 [INFO] ThirdPartyUpdaterWithRetryManager:70 - Updater plugin not ready yet. [1/15]
2023-08-14 11:17:05,038 [INFO] PluginManage:359 - Loaded plugin tools (category:base,tabindex:7)
2023-08-14 11:17:05,039 [INFO] PluginManage:310 - Check plugin tutovideos
2023-08-14 11:17:05,146 [INFO] PluginManage:359 - Loaded plugin tutovideos (category:base,tabindex:-1)
2023-08-14 11:17:05,146 [INFO] PluginManage:310 - Check plugin updater
2023-08-14 11:17:05,156 [INFO] PluginManage:359 - Loaded plugin updater (category:base,tabindex:12)
2023-08-14 11:17:05,156 [INFO] PluginManage:310 - Check plugin userauth
2023-08-14 11:17:05,158 [INFO] UserAuth:113 - Init User Auth plugin
2023-08-14 11:17:05,158 [INFO] PluginManage:359 - Loaded plugin userauth (category:base,tabindex:14)
2023-08-14 11:17:05,159 [INFO] PluginManage:283 - PluginManage : Loaded plugins [17]
2023-08-14 11:17:05,277 [INFO] PinOutPanel:1499 - setPackage(No Configuration,No Configuration)
2023-08-14 11:17:05,331 [INFO] CADModel:165 - CPN selected for project level
2023-08-14 11:17:05,331 [INFO] CADModel:114 - Register for checkConnection events
2023-08-14 11:17:05,347 [INFO] IPUIPlugin:80 - create IPUIPlugin
2023-08-14 11:17:05,347 [INFO] PluginManager:220 - loadIPPluginJar : add adc
2023-08-14 11:17:05,365 [INFO] IPUIPlugin:80 - create IPUIPlugin
2023-08-14 11:17:05,365 [INFO] PluginManager:220 - loadIPPluginJar : add aes
2023-08-14 11:17:05,385 [INFO] IPUIPlugin:80 - create IPUIPlugin
2023-08-14 11:17:05,385 [INFO] PluginManager:220 - loadIPPluginJar : add can
2023-08-14 11:17:05,395 [INFO] IPUIPlugin:80 - create IPUIPlugin
2023-08-14 11:17:05,395 [INFO] PluginManager:220 - loadIPPluginJar : add comp
2023-08-14 11:17:05,411 [INFO] IPUIPlugin:80 - create IPUIPlugin
2023-08-14 11:17:05,411 [INFO] PluginManager:220 - loadIPPluginJar : add cryp
2023-08-14 11:17:05,425 [INFO] IPUIPlugin:80 - create IPUIPlugin
2023-08-14 11:17:05,425 [INFO] PluginManager:220 - loadIPPluginJar : add dfsdm
2023-08-14 11:17:05,433 [INFO] IPUIPlugin:80 - create IPUIPlugin
2023-08-14 11:17:05,433 [INFO] PluginManager:220 - loadIPPluginJar : add dma
2023-08-14 11:17:05,454 [INFO] IPUIPlugin:80 - create IPUIPlugin
2023-08-14 11:17:05,454 [INFO] PluginManager:220 - loadIPPluginJar : add dma3
2023-08-14 11:17:05,464 [INFO] IPUIPlugin:80 - create IPUIPlugin
2023-08-14 11:17:05,464 [INFO] PluginManager:220 - loadIPPluginJar : add fatfs
2023-08-14 11:17:05,486 [INFO] IPUIPlugin:80 - create IPUIPlugin
2023-08-14 11:17:05,486 [INFO] PluginManager:220 - loadIPPluginJar : add fmc
2023-08-14 11:17:05,493 [INFO] IPUIPlugin:80 - create IPUIPlugin
2023-08-14 11:17:05,493 [INFO] PluginManager:220 - loadIPPluginJar : add freertos
2023-08-14 11:17:05,503 [INFO] IPUIPlugin:80 - create IPUIPlugin
2023-08-14 11:17:05,503 [INFO] PluginManager:220 - loadIPPluginJar : add genericplugin
2023-08-14 11:17:05,547 [INFO] IPUIPlugin:80 - create IPUIPlugin
2023-08-14 11:17:05,547 [INFO] PluginManager:220 - loadIPPluginJar : add gfxmmu
2023-08-14 11:17:05,610 [INFO] IPUIPlugin:80 - create IPUIPlugin
2023-08-14 11:17:05,611 [INFO] PluginManager:220 - loadIPPluginJar : add gic
2023-08-14 11:17:05,618 [INFO] IPUIPlugin:80 - create IPUIPlugin
2023-08-14 11:17:05,618 [INFO] PluginManager:220 - loadIPPluginJar : add gpio
2023-08-14 11:17:05,662 [INFO] IPUIPlugin:80 - create IPUIPlugin
2023-08-14 11:17:05,662 [INFO] PluginManager:220 - loadIPPluginJar : add gtzc
2023-08-14 11:17:05,677 [INFO] IPUIPlugin:80 - create IPUIPlugin
2023-08-14 11:17:05,677 [INFO] PluginManager:220 - loadIPPluginJar : add hash
2023-08-14 11:17:05,701 [INFO] IPUIPlugin:80 - create IPUIPlugin
2023-08-14 11:17:05,701 [INFO] PluginManager:220 - loadIPPluginJar : add i2c
2023-08-14 11:17:05,721 [INFO] IPUIPlugin:80 - create IPUIPlugin
2023-08-14 11:17:05,721 [INFO] PluginManager:220 - loadIPPluginJar : add i2s
2023-08-14 11:17:05,740 [INFO] IPUIPlugin:80 - create IPUIPlugin
2023-08-14 11:17:05,740 [INFO] PluginManager:220 - loadIPPluginJar : add i3c
2023-08-14 11:17:05,791 [INFO] IPUIPlugin:80 - create IPUIPlugin
2023-08-14 11:17:05,791 [INFO] PluginManager:220 - loadIPPluginJar : add ipddr
2023-08-14 11:17:05,837 [INFO] IPUIPlugin:80 - create IPUIPlugin
2023-08-14 11:17:05,837 [INFO] PluginManager:220 - loadIPPluginJar : add linkedlist
2023-08-14 11:17:05,865 [INFO] IPUIPlugin:80 - create IPUIPlugin
2023-08-14 11:17:05,865 [INFO] PluginManager:220 - loadIPPluginJar : add lorawan
2023-08-14 11:17:05,885 [INFO] IPUIPlugin:80 - create IPUIPlugin
2023-08-14 11:17:05,885 [INFO] PluginManager:220 - loadIPPluginJar : add ltdc
2023-08-14 11:17:05,894 [INFO] IPUIPlugin:80 - create IPUIPlugin
2023-08-14 11:17:05,894 [INFO] PluginManager:220 - loadIPPluginJar : add mdma
2023-08-14 11:17:05,900 [INFO] IPUIPlugin:80 - create IPUIPlugin
2023-08-14 11:17:05,900 [INFO] PluginManager:220 - loadIPPluginJar : add nvic
2023-08-14 11:17:05,918 [INFO] IPUIPlugin:80 - create IPUIPlugin
2023-08-14 11:17:05,918 [INFO] PluginManager:220 - loadIPPluginJar : add opamp
2023-08-14 11:17:05,948 [INFO] IPUIPlugin:80 - create IPUIPlugin
2023-08-14 11:17:05,948 [INFO] PluginManager:220 - loadIPPluginJar : add openamp
2023-08-14 11:17:05,968 [INFO] IPUIPlugin:80 - create IPUIPlugin
2023-08-14 11:17:05,968 [INFO] PluginManager:220 - loadIPPluginJar : add pdm2pcm
2023-08-14 11:17:05,976 [INFO] IPUIPlugin:80 - create IPUIPlugin
2023-08-14 11:17:05,977 [INFO] PluginManager:220 - loadIPPluginJar : add plateformsettings
2023-08-14 11:17:05,988 [INFO] IPUIPlugin:80 - create IPUIPlugin
2023-08-14 11:17:05,988 [INFO] PluginManager:220 - loadIPPluginJar : add quadspi
2023-08-14 11:17:05,994 [INFO] IPUIPlugin:80 - create IPUIPlugin
2023-08-14 11:17:05,994 [INFO] PluginManager:220 - loadIPPluginJar : add resmgrutility
2023-08-14 11:17:06,017 [INFO] IPUIPlugin:80 - create IPUIPlugin
2023-08-14 11:17:06,017 [INFO] PluginManager:220 - loadIPPluginJar : add sai
2023-08-14 11:17:06,034 [INFO] IPUIPlugin:80 - create IPUIPlugin
2023-08-14 11:17:06,034 [INFO] PluginManager:220 - loadIPPluginJar : add spi
2023-08-14 11:17:06,062 [INFO] IPUIPlugin:80 - create IPUIPlugin
2023-08-14 11:17:06,062 [INFO] PluginManager:220 - loadIPPluginJar : add stm32_wpan
2023-08-14 11:17:06,074 [INFO] IPUIPlugin:80 - create IPUIPlugin
2023-08-14 11:17:06,075 [INFO] PluginManager:220 - loadIPPluginJar : add tim
2023-08-14 11:17:06,101 [INFO] IPUIPlugin:80 - create IPUIPlugin
2023-08-14 11:17:06,101 [INFO] PluginManager:220 - loadIPPluginJar : add touchsensing
2023-08-14 11:17:06,112 [INFO] IPUIPlugin:80 - create IPUIPlugin
2023-08-14 11:17:06,112 [INFO] PluginManager:220 - loadIPPluginJar : add tracer_emb
2023-08-14 11:17:06,123 [INFO] IPUIPlugin:80 - create IPUIPlugin
2023-08-14 11:17:06,123 [INFO] PluginManager:220 - loadIPPluginJar : add ts
2023-08-14 11:17:06,133 [INFO] IPUIPlugin:80 - create IPUIPlugin
2023-08-14 11:17:06,134 [INFO] PluginManager:220 - loadIPPluginJar : add tsc
2023-08-14 11:17:06,144 [INFO] IPUIPlugin:80 - create IPUIPlugin
2023-08-14 11:17:06,144 [INFO] PluginManager:220 - loadIPPluginJar : add ucpd
2023-08-14 11:17:06,166 [INFO] IPUIPlugin:80 - create IPUIPlugin
2023-08-14 11:17:06,166 [INFO] PluginManager:220 - loadIPPluginJar : add usart
2023-08-14 11:17:06,187 [INFO] IPUIPlugin:80 - create IPUIPlugin
2023-08-14 11:17:06,187 [INFO] PluginManager:220 - loadIPPluginJar : add usbx
2023-08-14 11:17:06,289 [INFO] CADModel:165 - CPN selected for project level
2023-08-14 11:17:06,289 [INFO] CADModel:114 - Register for checkConnection events
2023-08-14 11:17:06,290 [FATAL] Updater:308 - Updater called before beeing initialized
2023-08-14 11:17:06,290 [ERROR] CADModel:125 - Updater not yet initialized, retry later 
2023-08-14 11:17:06,363 [INFO] CADModel:165 - CPN selected for project level
2023-08-14 11:17:06,364 [INFO] CADModel:114 - Register for checkConnection events
2023-08-14 11:17:06,364 [FATAL] Updater:308 - Updater called before beeing initialized
2023-08-14 11:17:06,364 [ERROR] CADModel:125 - Updater not yet initialized, retry later 
2023-08-14 11:17:06,366 [FATAL] Updater:308 - Updater called before beeing initialized
2023-08-14 11:17:06,418 [FATAL] Updater:308 - Updater called before beeing initialized
2023-08-14 11:17:06,426 [INFO] DbMcusAds:53 - JSON generation date=Tue Mar 07 11:50:55 TRT 2023 (1678179055114)
2023-08-14 11:17:06,426 [FATAL] Updater:308 - Updater called before beeing initialized
2023-08-14 11:17:06,469 [WARN] DetailPanel:346 - Failed to get advertising image, set to default
2023-08-14 11:17:06,520 [FATAL] Updater:308 - Updater called before beeing initialized
2023-08-14 11:17:06,522 [FATAL] Updater:308 - Updater called before beeing initialized
2023-08-14 11:17:06,522 [FATAL] Updater:308 - Updater called before beeing initialized
2023-08-14 11:17:06,522 [WARN] DetailPanel:346 - Failed to get advertising image, set to default
2023-08-14 11:17:06,522 [FATAL] Updater:308 - Updater called before beeing initialized
2023-08-14 11:17:06,552 [ERROR] Updater:1120 - MainUpdater not yet initialized. External WinMGr cannot be set.
2023-08-14 11:17:06,557 [INFO] Updater:1056 - Updater Version found : 6.9.0
2023-08-14 11:17:06,569 [INFO] ApplicationProperties:184 - Using Application install path: C:\ST\STM32CubeIDE_1.13.0\STM32CubeIDE\plugins\com.st.stm32cube.common.mx_6.9.0.202307051724
2023-08-14 11:17:06,653 [INFO] MainUpdater:2868 - connection check result : 10
2023-08-14 11:17:06,653 [INFO] MainUpdater:3562 - Updater definition file requires update
2023-08-14 11:17:06,654 [INFO] MainUpdater:285 - Updater Check For Update Now.
2023-08-14 11:17:06,654 [INFO] MicroXplorer:498 - Change Database Version : DB.6.0.90
2023-08-14 11:17:06,664 [INFO] McuFinderGlobals:63 - Set McuFinder mode to 2 (CubeIDE integrated)
2023-08-14 11:17:06,843 [INFO] ServerAccessManage:473 - Download File updaters.zip
2023-08-14 11:17:06,893 [INFO] FileExtend:240 - Unzip File : updaters.zip
2023-08-14 11:17:06,893 [INFO] FileExtend:255 - Standard Zip Deflate
2023-08-14 11:17:07,316 [INFO] ServerAccessManage:473 - Download File PacksControlFlags.xml
2023-08-14 11:17:07,480 [INFO] ServerAccessManage:473 - Download File cubemx.pidx
2023-08-14 11:17:07,789 [INFO] ServerAccessManage:473 - Download File STMicroelectronics.X-CUBE-AI.pdsc
2023-08-14 11:17:08,022 [WARN] MainUpdater:1189 - Updater busy. Cannot search thirdparties
2023-08-14 11:17:08,022 [INFO] ThirdPartyUpdaterWithRetryManager:96 - Updater plugin is busy. [1/15]
2023-08-14 11:17:09,876 [INFO] ServerAccessManage:473 - Download File STMicroelectronics.X-CUBE-BLE1.pdsc
2023-08-14 11:17:11,024 [WARN] MainUpdater:1189 - Updater busy. Cannot search thirdparties
2023-08-14 11:17:11,024 [INFO] ThirdPartyUpdaterWithRetryManager:96 - Updater plugin is busy. [2/15]
2023-08-14 11:17:11,847 [ERROR] ServerAccessManage:1089 - Problem, file not found on Server
2023-08-14 11:17:12,297 [INFO] ServerAccessManage:473 - Download File STMicroelectronics.X-CUBE-AZRTOS-L5.pdsc
2023-08-14 11:17:13,118 [INFO] ServerAccessManage:473 - Download File STMicroelectronics.X-CUBE-AZRTOS-WB.pdsc
2023-08-14 11:17:13,998 [ERROR] ServerAccessManage:1096 - Problem, Http access forbiden
2023-08-14 11:17:14,000 [ERROR] ServerAccessManage:651 - Problem, Http access forbiden : RoweBots.I-CUBE-UNISONRTOS.pdsc.
2023-08-14 11:17:14,027 [WARN] MainUpdater:1189 - Updater busy. Cannot search thirdparties
2023-08-14 11:17:14,027 [INFO] ThirdPartyUpdaterWithRetryManager:96 - Updater plugin is busy. [3/15]
2023-08-14 11:17:14,123 [WARN] PackLoader:240 - Cannot read IP mode file for STMicroelectronics.X-CUBE-AI.8.1.0
2023-08-14 11:17:14,133 [WARN] PackLoader:240 - Cannot read IP mode file for STMicroelectronics.X-CUBE-BLE1.7.0.0
2023-08-14 11:17:14,175 [WARN] PackLoader:240 - Cannot read IP mode file for STMicroelectronics.X-CUBE-AZRTOS-L5.2.0.0
2023-08-14 11:17:14,221 [WARN] ConditionMgr:438 - getConditionDescription Invalid condition id : UX DEVICE CLASS RTOS Condition cause : null
2023-08-14 11:17:14,222 [WARN] ConditionMgr:438 - getConditionDescription Invalid condition id : UX DEVICE CLASS RTOS Condition cause : null
2023-08-14 11:17:14,228 [WARN] PackLoader:240 - Cannot read IP mode file for STMicroelectronics.X-CUBE-AZRTOS-WB.2.0.0
2023-08-14 11:17:14,229 [WARN] ConditionMgr:1039 - genDependencies : Invalid condition id : UX DEVICE CLASS RTOS Condition cause : null
2023-08-14 11:17:14,230 [WARN] ConditionMgr:1039 - genDependencies : Invalid condition id : UX DEVICE CLASS RTOS Condition cause : null
2023-08-14 11:17:14,231 [WARN] ConditionMgr:1039 - genDependencies : Invalid condition id : UX DEVICE CLASS RTOS Condition cause : null
2023-08-14 11:17:14,231 [WARN] ConditionMgr:1039 - genDependencies : Invalid condition id : UX DEVICE CLASS RTOS Condition cause : null
2023-08-14 11:17:14,231 [WARN] ConditionMgr:1039 - genDependencies : Invalid condition id : UX DEVICE CLASS RTOS Condition cause : null
2023-08-14 11:17:14,234 [INFO] PopulateThirdPartyThread:66 - Ending populate Thread
2023-08-14 11:17:14,236 [INFO] ThirdParty:1030 - CMSIS Pack Vendor :STMicroelectronics X-CUBE-AZRTOS-WB 2.0.0
2023-08-14 11:17:14,236 [INFO] ThirdParty:1030 - CMSIS Pack Vendor :STMicroelectronics X-CUBE-BLE1 7.0.0
2023-08-14 11:17:14,236 [INFO] ThirdParty:1030 - CMSIS Pack Vendor :STMicroelectronics X-CUBE-AZRTOS-L5 2.0.0
2023-08-14 11:17:14,236 [INFO] ThirdParty:1030 - CMSIS Pack Vendor :STMicroelectronics X-CUBE-AI 8.1.0
2023-08-14 11:17:14,237 [INFO] LoadServerUpdatesThread:373 - End of LoadServerUpdate Thread
2023-08-14 11:17:14,267 [INFO] CheckServerUpdateThread:120 - End of CheckServer Thread
2023-08-14 11:17:17,147 [WARN] PackLoader:240 - Cannot read IP mode file for STMicroelectronics.X-CUBE-SMBUS.2.1.0
2023-08-14 11:17:17,170 [WARN] PackLoader:240 - Cannot read IP mode file for STMicroelectronics.X-CUBE-AZRTOS-F7.1.1.0
2023-08-14 11:17:17,185 [WARN] PackLoader:240 - Cannot read IP mode file for STMicroelectronics.FP-SNS-MOTENV1.4.3.2
2023-08-14 11:17:17,195 [WARN] PackLoader:240 - Cannot read IP mode file for STMicroelectronics.X-CUBE-BLE1.6.2.4
2023-08-14 11:17:17,200 [WARN] PackLoader:240 - Cannot read IP mode file for STMicroelectronics.FP-SNS-FLIGHT1.5.0.2
2023-08-14 11:17:17,210 [WARN] PackLoader:240 - Cannot read IP mode file for STMicroelectronics.X-CUBE-DISPLAY.3.0.0
2023-08-14 11:17:17,220 [WARN] PackLoader:240 - Cannot read IP mode file for STMicroelectronics.X-CUBE-BLE1.7.0.0
2023-08-14 11:17:17,229 [WARN] PackLoader:240 - Cannot read IP mode file for emotas.I-CUBE-CANOPEN.1.3.0
2023-08-14 11:17:17,237 [WARN] PackLoader:240 - Cannot read IP mode file for STMicroelectronics.X-CUBE-TOUCHGFX.4.22.0
2023-08-14 11:17:17,249 [INFO] LogOutputStream:77 - [STDOUT_REDIRECT] 1 : Invalid condition id : UX_CORESTACK_Condition cause : null
2023-08-14 11:17:17,250 [INFO] LogOutputStream:77 - [STDOUT_REDIRECT] 1 : Invalid condition id : UX_CORESTACK_Condition cause : null
2023-08-14 11:17:17,251 [INFO] LogOutputStream:77 - [STDOUT_REDIRECT] 1 : Invalid condition id : UX_CORESTACK_Condition cause : null
2023-08-14 11:17:17,253 [INFO] LogOutputStream:77 - [STDOUT_REDIRECT] 1 : Invalid condition id : UX_CORESTACK_Condition cause : null
2023-08-14 11:17:17,254 [INFO] LogOutputStream:77 - [STDOUT_REDIRECT] 1 : Invalid condition id : UX_CORESTACK_Condition cause : null
2023-08-14 11:17:17,257 [WARN] PackLoader:240 - Cannot read IP mode file for STMicroelectronics.X-CUBE-AZRTOS-WL.2.0.0
2023-08-14 11:17:17,270 [WARN] PackLoader:240 - Cannot read IP mode file for WES.I-CUBE-Cesium.1.3.0
2023-08-14 11:17:17,279 [WARN] PackLoader:240 - Cannot read IP mode file for STMicroelectronics.X-CUBE-BLE2.3.3.0
2023-08-14 11:17:17,288 [WARN] PackLoader:240 - Cannot read IP mode file for STMicroelectronics.X-CUBE-ALGOBUILD.1.3.0
2023-08-14 11:17:17,307 [WARN] PackLoader:240 - Cannot read IP mode file for STMicroelectronics.X-CUBE-AZRTOS-G0.1.1.0
2023-08-14 11:17:17,318 [WARN] PackLoader:240 - Cannot read IP mode file for STMicroelectronics.X-CUBE-NFC4.3.0.0
2023-08-14 11:17:17,322 [WARN] PackLoader:240 - Cannot read IP mode file for STMicroelectronics.FP-ATR-SIGFOX1.3.2.0
2023-08-14 11:17:17,350 [WARN] PackLoader:240 - Cannot read IP mode file for SEGGER.I-CUBE-embOS.1.3.1
2023-08-14 11:17:17,630 [WARN] PackLoader:240 - Cannot read IP mode file for STMicroelectronics.X-CUBE-GNSS1.6.0.0
2023-08-14 11:17:17,867 [WARN] PackLoader:240 - Cannot read IP mode file for STMicroelectronics.X-CUBE-AZRTOS-F4.1.1.0
2023-08-14 11:17:18,033 [WARN] PackLoader:240 - Cannot read IP mode file for wolfSSL.I-CUBE-wolfSSL.5.6.3
2023-08-14 11:17:18,046 [WARN] PackLoader:240 - Cannot read IP mode file for STMicroelectronics.X-CUBE-AZRTOS-L5.2.0.0
2023-08-14 11:17:18,155 [WARN] PackLoader:240 - Cannot read IP mode file for STMicroelectronics.X-CUBE-MEMS1.9.6.0
2023-08-14 11:17:18,577 [WARN] PackLoader:240 - Cannot read IP mode file for STMicroelectronics.X-CUBE-BLEMGR.2.0.0
2023-08-14 11:17:18,647 [WARN] ConditionMgr:438 - getConditionDescription Invalid condition id : UX DEVICE CLASS RTOS Condition cause : null
2023-08-14 11:17:18,647 [WARN] ConditionMgr:438 - getConditionDescription Invalid condition id : UX DEVICE CLASS RTOS Condition cause : null
2023-08-14 11:17:18,650 [WARN] PackLoader:240 - Cannot read IP mode file for STMicroelectronics.X-CUBE-AZRTOS-H7.3.1.0
2023-08-14 11:17:18,651 [WARN] ConditionMgr:1039 - genDependencies : Invalid condition id : UX DEVICE CLASS RTOS Condition cause : null
2023-08-14 11:17:18,651 [WARN] ConditionMgr:1039 - genDependencies : Invalid condition id : UX DEVICE CLASS RTOS Condition cause : null
2023-08-14 11:17:18,682 [WARN] ConditionMgr:1039 - genDependencies : Invalid condition id : UX DEVICE CLASS RTOS Condition cause : null
2023-08-14 11:17:18,722 [WARN] ConditionMgr:1039 - genDependencies : Invalid condition id : UX DEVICE CLASS RTOS Condition cause : null
2023-08-14 11:17:18,734 [WARN] ConditionMgr:1039 - genDependencies : Invalid condition id : UX DEVICE CLASS RTOS Condition cause : null
2023-08-14 11:17:18,744 [WARN] PackLoader:240 - Cannot read IP mode file for STMicroelectronics.X-CUBE-NFC7.1.0.1
2023-08-14 11:17:18,754 [WARN] PackLoader:240 - Cannot read IP mode file for STMicroelectronics.X-CUBE-EEPRMA1.4.1.0
2023-08-14 11:17:18,758 [WARN] PackLoader:240 - Cannot read IP mode file for STMicroelectronics.X-CUBE-AI.8.1.0
2023-08-14 11:17:18,780 [WARN] ConditionMgr:438 - getConditionDescription Invalid condition id : LAN8742 Phy interface Condition cause : null
2023-08-14 11:17:18,781 [WARN] PackLoader:240 - Cannot read IP mode file for STMicroelectronics.X-CUBE-AZRTOS-L4.2.0.0
2023-08-14 11:17:18,782 [WARN] ConditionMgr:1039 - genDependencies : Invalid condition id : LAN8742 Phy interface Condition cause : null
2023-08-14 11:17:18,782 [WARN] ConditionMgr:1039 - genDependencies : Invalid condition id : LAN8742 Phy interface Condition cause : null
2023-08-14 11:17:18,782 [WARN] ConditionMgr:1039 - genDependencies : Invalid condition id : LAN8742 Phy interface Condition cause : null
2023-08-14 11:17:18,793 [WARN] PackLoader:240 - Cannot read IP mode file for STMicroelectronics.X-CUBE-SFXS2LP1.4.0.0
2023-08-14 11:17:18,802 [WARN] PackLoader:240 - Cannot read IP mode file for STMicroelectronics.X-CUBE-ISPU.1.1.0
2023-08-14 11:17:18,911 [WARN] ConditionMgr:438 - getConditionDescription Invalid condition id : UX DEVICE CLASS RTOS Condition cause : null
2023-08-14 11:17:18,911 [WARN] ConditionMgr:438 - getConditionDescription Invalid condition id : UX DEVICE CLASS RTOS Condition cause : null
2023-08-14 11:17:18,920 [WARN] PackLoader:240 - Cannot read IP mode file for STMicroelectronics.X-CUBE-AZRTOS-WB.2.0.0
2023-08-14 11:17:18,936 [WARN] ConditionMgr:1039 - genDependencies : Invalid condition id : UX DEVICE CLASS RTOS Condition cause : null
2023-08-14 11:17:18,936 [WARN] ConditionMgr:1039 - genDependencies : Invalid condition id : UX DEVICE CLASS RTOS Condition cause : null
2023-08-14 11:17:18,937 [WARN] ConditionMgr:1039 - genDependencies : Invalid condition id : UX DEVICE CLASS RTOS Condition cause : null
2023-08-14 11:17:18,937 [WARN] ConditionMgr:1039 - genDependencies : Invalid condition id : UX DEVICE CLASS RTOS Condition cause : null
2023-08-14 11:17:18,937 [WARN] ConditionMgr:1039 - genDependencies : Invalid condition id : UX DEVICE CLASS RTOS Condition cause : null
2023-08-14 11:17:18,951 [WARN] PackLoader:240 - Cannot read IP mode file for STMicroelectronics.X-CUBE-FREERTOS.1.0.1
2023-08-14 11:17:18,970 [WARN] PackLoader:240 - Cannot read IP mode file for STMicroelectronics.X-CUBE-AZRTOS-L5.1.1.0
2023-08-14 11:17:18,989 [WARN] PackLoader:240 - Cannot read IP mode file for STMicroelectronics.X-CUBE-AI.8.0.1
2023-08-14 11:17:19,009 [WARN] PackLoader:240 - Cannot read IP mode file for STMicroelectronics.X-CUBE-SUBG2.5.0.0
2023-08-14 11:17:19,029 [WARN] PackLoader:240 - Cannot read IP mode file for STMicroelectronics.X-CUBE-TOF1.3.3.1
2023-08-14 11:17:19,060 [WARN] PackLoader:240 - Cannot read IP mode file for STMicroelectronics.X-CUBE-AZRTOS-G4.2.0.0
2023-08-14 11:17:19,072 [WARN] PackLoader:240 - Cannot read IP mode file for portGmbH.I-Cube-SoM-uGOAL.1.1.0
2023-08-14 11:17:19,080 [WARN] PackLoader:240 - Cannot read IP mode file for STMicroelectronics.X-CUBE-ALS.1.0.1
2023-08-14 11:17:19,095 [WARN] PackLoader:240 - Cannot read IP mode file for STMicroelectronics.X-CUBE-AZRTOS-WB.1.1.0
2023-08-14 11:17:19,101 [WARN] PackLoader:240 - Cannot read IP mode file for STMicroelectronics.FP-ATR-ASTRA1.2.0.0
2023-08-14 11:17:19,102 [INFO] ThirdParty:978 - Integrity check success = true
2023-08-14 11:17:19,102 [INFO] IntegrityCheckThread:100 - exiting critical section [integrity check]
2023-08-14 11:17:19,103 [INFO] IntegrityCheckThread:103 - End integrity checks thread
2023-08-14 11:17:27,953 [ERROR] LogOutputStream:75 - [STDERR_REDIRECT] SLF4J: Failed to load class "org.slf4j.impl.StaticLoggerBinder".
2023-08-14 11:17:27,953 [ERROR] LogOutputStream:75 - [STDERR_REDIRECT] SLF4J: Defaulting to no-operation (NOP) logger implementation
2023-08-14 11:17:27,954 [ERROR] LogOutputStream:75 - [STDERR_REDIRECT] SLF4J: See http://www.slf4j.org/codes.html#StaticLoggerBinder for further details.
2023-08-14 11:26:57,617 [INFO] McuFinderGlobals:63 - Set McuFinder mode to 2 (CubeIDE integrated)
2023-08-14 11:26:57,629 [INFO] MainUpdater:2868 - connection check result : 10
2023-08-14 11:26:57,633 [INFO] MainUpdater:2868 - connection check result : 10
2023-08-14 11:26:57,734 [INFO] MicroXplorer:468 - Change Database Path : 
2023-08-14 11:26:57,734 [INFO] MicroXplorer:498 - Change Database Version : DB.6.0.90
2023-08-14 11:26:57,736 [WARN] ThirdParty:871 - waiting for thirdparty lock release [close project]
2023-08-14 11:26:57,736 [INFO] ThirdParty:873 - entering critical section [close project]
2023-08-14 11:26:57,737 [INFO] ThirdParty:883 - exiting critical section [close project]
2023-08-14 11:26:57,738 [INFO] PinOutPanel:1499 - setPackage(No Configuration,No Configuration)
2023-08-14 11:26:57,743 [INFO] UtilMem:75 - Begin LoadConfig() Used Memory: 693771464 Bytes (849346560)
2023-08-14 11:26:57,744 [INFO] MicroXplorer:468 - Change Database Path : 
2023-08-14 11:26:57,744 [INFO] MicroXplorer:498 - Change Database Version : DB.6.0.90
2023-08-14 11:26:57,744 [INFO] OpenFileManager:308 - Change cursor
2023-08-14 11:26:57,771 [INFO] Mcu:1946 - Initializing MCU STM32F446R(C-E)Tx STM32F446RETx STM32F446RET6
2023-08-14 11:26:58,615 [INFO] Context:659 - Trying to add GPIOservice into a context  which must be forbidden
2023-08-14 11:26:59,028 [INFO] RtosManager:555 - Registered RTOS mode: class=CMSIS, group=RTOS, mode=CMSIS_V1, owner=FREERTOS
2023-08-14 11:26:59,028 [INFO] RtosManager:555 - Registered RTOS mode: class=CMSIS, group=RTOS2, mode=CMSIS_V2, owner=FREERTOS
2023-08-14 11:26:59,028 [INFO] RtosManager:555 - Registered RTOS mode: class=RTOS, group=Core, mode=CMSIS_V1, owner=FREERTOS
2023-08-14 11:26:59,028 [INFO] RtosManager:555 - Registered RTOS mode: class=RTOS, group=Core, mode=CMSIS_V2, owner=FREERTOS
2023-08-14 11:26:59,028 [WARN] ModelIntegratedComponent:184 - Missing modes for component STMicroelectronics:FreeRTOS:0.0.1:STMicroelectronics:RTOS:FreeRTOS:Core:::10.2.0:
2023-08-14 11:26:59,034 [WARN] ModelIntegratedComponent:63 - No mode defined for component null
2023-08-14 11:26:59,034 [WARN] ModelIntegratedComponent:63 - No mode defined for component null
2023-08-14 11:26:59,034 [WARN] ModelIntegratedComponent:63 - No mode defined for component null
2023-08-14 11:26:59,034 [WARN] ModelIntegratedComponent:63 - No mode defined for component null
2023-08-14 11:26:59,034 [WARN] ModelIntegratedComponent:63 - No mode defined for component null
2023-08-14 11:26:59,034 [WARN] ModelIntegratedComponent:63 - No mode defined for component null
2023-08-14 11:26:59,034 [WARN] ModelIntegratedComponent:63 - No mode defined for component null
2023-08-14 11:26:59,034 [WARN] ModelIntegratedComponent:63 - No mode defined for component null
2023-08-14 11:26:59,034 [WARN] ModelIntegratedComponent:63 - No mode defined for component null
2023-08-14 11:26:59,034 [WARN] ModelIntegratedComponent:63 - No mode defined for component null
2023-08-14 11:26:59,034 [WARN] ModelIntegratedComponent:63 - No mode defined for component null
2023-08-14 11:26:59,034 [WARN] ModelIntegratedComponent:63 - No mode defined for component null
2023-08-14 11:26:59,034 [WARN] ModelIntegratedComponent:63 - No mode defined for component null
2023-08-14 11:26:59,034 [WARN] ModelIntegratedComponent:63 - No mode defined for component null
2023-08-14 11:26:59,034 [WARN] ModelIntegratedComponent:63 - No mode defined for component null
2023-08-14 11:26:59,034 [WARN] ModelIntegratedComponent:63 - No mode defined for component null
2023-08-14 11:26:59,034 [WARN] ModelIntegratedComponent:63 - No mode defined for component null
2023-08-14 11:26:59,034 [WARN] ModelIntegratedComponent:63 - No mode defined for component null
2023-08-14 11:26:59,034 [WARN] ModelIntegratedComponent:63 - No mode defined for component null
2023-08-14 11:26:59,034 [WARN] ModelIntegratedComponent:63 - No mode defined for component null
2023-08-14 11:26:59,034 [WARN] ModelIntegratedComponent:63 - No mode defined for component null
2023-08-14 11:26:59,034 [WARN] ModelIntegratedComponent:63 - No mode defined for component null
2023-08-14 11:26:59,034 [WARN] ModelIntegratedComponent:63 - No mode defined for component null
2023-08-14 11:26:59,034 [WARN] ModelIntegratedComponent:63 - No mode defined for component null
2023-08-14 11:26:59,034 [WARN] ModelIntegratedComponent:63 - No mode defined for component null
2023-08-14 11:26:59,034 [WARN] ModelIntegratedComponent:63 - No mode defined for component null
2023-08-14 11:26:59,034 [WARN] ModelIntegratedComponent:63 - No mode defined for component null
2023-08-14 11:26:59,034 [WARN] ModelIntegratedComponent:63 - No mode defined for component null
2023-08-14 11:26:59,034 [WARN] ModelIntegratedComponent:63 - No mode defined for component null
2023-08-14 11:26:59,034 [WARN] ModelIntegratedComponent:63 - No mode defined for component null
2023-08-14 11:26:59,034 [WARN] ModelIntegratedComponent:63 - No mode defined for component null
2023-08-14 11:26:59,034 [WARN] ModelIntegratedComponent:63 - No mode defined for component null
2023-08-14 11:26:59,034 [WARN] ModelIntegratedComponent:63 - No mode defined for component null
2023-08-14 11:26:59,047 [INFO] ThirdPartyModel:298 - Start build external matchings
2023-08-14 11:26:59,182 [INFO] ThirdPartyModel:316 - End build external matchings
2023-08-14 11:26:59,189 [WARN] IP:2114 - I2C_Coeff_DF not found: check if there is a RefParameter without a condition.
2023-08-14 11:26:59,189 [WARN] IP:2114 - Analog_Filter not found: check if there is a RefParameter without a condition.
2023-08-14 11:26:59,189 [WARN] IP:2114 - I2C_Coeff_DF not found: check if there is a RefParameter without a condition.
2023-08-14 11:26:59,190 [WARN] IP:2114 - Analog_Filter not found: check if there is a RefParameter without a condition.
2023-08-14 11:26:59,190 [INFO] ImportTextPane:194 - (OptionalMessage_ERROR) IP (RCC) : Invalid parameter (48MHZClocksFreq_Value)
2023-08-14 11:26:59,190 [INFO] ImportTextPane:194 - (OptionalMessage_ERROR) IP (RCC) : Invalid parameter (EthernetFreq_Value)
2023-08-14 11:26:59,191 [INFO] ImportTextPane:194 - (OptionalMessage_ERROR) IP (RCC) : Parameter (FLatency) has Id (AdvancedSettings) currently not set
2023-08-14 11:26:59,191 [INFO] ImportTextPane:194 - (OptionalMessage_ERROR) IP (RCC) : Invalid parameter (FamilyName)
2023-08-14 11:26:59,191 [INFO] ImportTextPane:194 - (OptionalMessage_ERROR) IP (RCC) : Invalid parameter (I2SClocksFreq_Value)
2023-08-14 11:26:59,192 [INFO] ImportTextPane:194 - (OptionalMessage_ERROR) IP (RCC) : Parameter (SDIOFreq_Value) has invalid value (168000000)
2023-08-14 11:26:59,192 [INFO] ImportTextPane:194 - (OptionalMessage_ERROR) IP (RCC) : Parameter (USBFreq_Value) has invalid value (168000000)
2023-08-14 11:26:59,192 [INFO] ImportTextPane:194 - (OptionalMessage_ERROR) IP (RCC) : Invalid parameter (VCOInputMFreq_Value)
2023-08-14 11:26:59,192 [INFO] ImportTextPane:194 - (OptionalMessage_ERROR) IP (RCC) : Invalid parameter (VcooutputI2S)
2023-08-14 11:26:59,365 [INFO] UtilMem:75 - End LoadConfig() Used Memory: 800213720 Bytes (1013972992)
2023-08-14 11:26:59,439 [INFO] ApiDb:581 - Connected to CubeFinder SQLite database (C:\Users\biomech\.stmcufinder\plugins\mcufinder\mcu\cube-finder-db.db)
2023-08-14 11:26:59,493 [INFO] ApiDb:668 - CubeFinder database Data Model version=2.1
2023-08-14 11:26:59,493 [INFO] ApiDb:669 - CubeFinder database Configuration version=3.0.37
2023-08-14 11:26:59,494 [INFO] ApiDb:670 - CubeFinder database generation date=2023-07-31 (1690792719)
2023-08-14 11:26:59,494 [INFO] ApiDb:671 - CubeFinder database FW Pack versions=[FP-ATR-ASTRA1_V2.0.0, FP-SNS-FLIGHT1_V5.0.1, FP-SNS-FLIGHT1_V5.0.2, FP-SNS-MOTENV1_V4.3.1, FP-SNS-MOTENV1_V4.3.2, STM32Cube_FW_C0_V1.1.0, STM32Cube_FW_F4_V1.27.1, STM32Cube_FW_F7_V1.17.0, STM32Cube_FW_G0_V1.6.1, STM32Cube_FW_G4_V1.5.1, STM32Cube_FW_H5_V0.5.1, STM32Cube_FW_H5_V1.1.0, STM32Cube_FW_H7_V1.11.0, STM32Cube_FW_L0_V1.12.2, STM32Cube_FW_L5_V1.5.0, STM32Cube_FW_U5_V1.3.0, STM32Cube_FW_U5_V1.3.0RC4, STM32Cube_FW_WBA_V1.0.0RC1, STM32Cube_FW_WBA_V1.1.0, STM32Cube_FW_WBA_V1.1.0RC1, STM32Cube_FW_WB_V1.15.0RC1, STM32Cube_FW_WB_V1.16.0, STM32Cube_FW_WB_V1.16.0RC2, STM32Cube_FW_WB_V1.17.0, STM32Cube_FW_WL_V1.3.0, X-CUBE-ALGOBUILD_V1.3.0, X-CUBE-ALS_V1.0.1, X-CUBE-AZRTOS-F4_V1.1.0, X-CUBE-AZRTOS-F7_V1.1.0, X-CUBE-AZRTOS-G0_V1.1.0, X-CUBE-AZRTOS-G4_V2.0.0, X-CUBE-AZRTOS-H7_V3.1.0, X-CUBE-AZRTOS-L4_V1.0.0, X-CUBE-AZRTOS-L4_V2.0.0, X-CUBE-AZRTOS-L5_V1.1.0, X-CUBE-AZRTOS-WB_V1.1.0, X-CUBE-AZRTOS-WL_V2.0.0, X-CUBE-BLE1_V6.2.4, X-CUBE-BLE2_V3.3.0, X-CUBE-BLEMGR_V2.0.0, X-CUBE-EEPRMA1_V4.1.0, X-CUBE-FREERTOS_V1.0.1, X-CUBE-GNSS1_V6.0.0, X-CUBE-MEMS1_V9.1.0, X-CUBE-MEMS1_V9.4.0, X-CUBE-MEMS1_V9.6.0, X-CUBE-NFC4_V3.0.0, X-CUBE-NFC7_V1.0.0, X-CUBE-SFXS2LP1_V4.0.0, X-CUBE-SUBG2_V5.0.0]
2023-08-14 11:27:00,730 [INFO] ApiDb:240 - Found 323 in-development CPN: [B-G473E-ZEST1S, B-WB1M-WPAN1, B-WL5M-SUBG1, NUCLEO-C031C6, NUCLEO-H503RB, NUCLEO-H563ZI, NUCLEO-U545RE-Q, NUCLEO-U5A5ZJ-Q, NUCLEO-WBA52CG, STEVAL-PROTEUS1, STEVAL-SMARTAG2, STEVAL-STWINBX1, STM320518-EVAL, STM32C0116-DK, STM32C011D6Y3TR, STM32C011D6Y6TR, STM32C011F4P3, STM32C011F4P6, STM32C011F4U3, STM32C011F4U6TR, STM32C011F6P3, STM32C011F6P6, STM32C011F6U3, STM32C011F6U6TR, STM32C011J4M3, STM32C011J4M6, STM32C011J6M3, STM32C011J6M6, STM32C0316-DK, STM32C031C4T3, STM32C031C4T6, STM32C031C4U3, STM32C031C4U6, STM32C031C6T3, STM32C031C6T6, STM32C031C6U3, STM32C031C6U6, STM32C031F4P3, STM32C031F4P6, STM32C031F6P3, STM32C031F6P6, STM32C031G4U3, STM32C031G4U6, STM32C031G6U3, STM32C031G6U6, STM32C031K4T3, STM32C031K4T6, STM32C031K4U3, STM32C031K4U6, STM32C031K6T3, STM32C031K6T6, STM32C031K6U3, STM32C031K6U6, STM32G071K8TXN, STM32G071K8UXN, STM32G081GBU6N, STM32G081KBT6N, STM32G081KBUXN, STM32G0B1CCT6N, STM32G0B1KCT6, STM32G0B1NEY6TR, STM32G0B1RCT6N, STM32G0C1CCT6, STM32G0C1CCT6N, STM32G0C1CCU6N, STM32G0C1CET6N, STM32G0C1CEU6N, STM32G0C1KCT6, STM32G0C1NEY6TR, STM32G0C1RCI6N, STM32G0C1RCT6N, STM32G0C1REI6N, STM32G0C1RET6N, STM32G0C1VCI6, STM32G0C1VEI6, STM32G471CCT6, STM32G471CCU6, STM32G471CET3, STM32G471CET6, STM32G471CEU3, STM32G471CEU6, STM32G471MCT6, STM32G471MET3, STM32G471MET6, STM32G471MEY6TR, STM32G471QCT6, STM32G471QET3, STM32G471RCT6, STM32G471RET3, STM32G471RET6, STM32G471VCH6, STM32G471VCI6, STM32G471VCT6, STM32G471VEH3, STM32G471VEH6, STM32G471VEI3, STM32G471VEI6, STM32G471VET3, STM32G471VET6, STM32G474CCT6, STM32H503CBT6, STM32H503CBU6, STM32H503EBY6TR, STM32H503KBU6, STM32H503RBT6, STM32H562AGI6, STM32H562AII6, STM32H562IGK6, STM32H562IGT6, STM32H562IIK6, STM32H562IIT6, STM32H562RGT6, STM32H562RGV6, STM32H562RIT6, STM32H562RIV6, STM32H562VGT6, STM32H562VIT6, STM32H562ZGT6, STM32H562ZIT6, STM32H563AGI6, STM32H563AII3Q, STM32H563AII6, STM32H563IGK6, STM32H563IGT6, STM32H563IIK3Q, STM32H563IIK6, STM32H563IIT3Q, STM32H563IIT6, STM32H563MIY3QTR, STM32H563RGT6, STM32H563RGV6, STM32H563RIT6, STM32H563RIV6, STM32H563VGT6, STM32H563VIT3Q, STM32H563VIT6, STM32H563ZGT6, STM32H563ZIT3Q, STM32H563ZIT6, STM32H573AII3Q, STM32H573AII6, STM32H573I-DK, STM32H573IIK3Q, STM32H573IIK6, STM32H573IIT3Q, STM32H573IIT6, STM32H573MIY3QTR, STM32H573RIT6, STM32H573RIV6, STM32H573VIT3Q, STM32H573VIT6, STM32H573ZIT3Q, STM32H573ZIT6, STM32L4R5QGI6STR, STM32MP131AAE3, STM32MP131AAF3, STM32MP131AAG3, STM32MP131CAE3, STM32MP131CAF3, STM32MP131CAG3, STM32MP131DAE7, STM32MP131DAF7, STM32MP131DAG7, STM32MP131FAE7, STM32MP131FAF7, STM32MP131FAG7, STM32MP133AAE3, STM32MP133AAF3, STM32MP133AAG3, STM32MP133CAE3, STM32MP133CAF3, STM32MP133CAG3, STM32MP133DAE7, STM32MP133DAF7, STM32MP133DAG7, STM32MP133FAE7, STM32MP133FAF7, STM32MP133FAG7, STM32MP135AAE3, STM32MP135AAF3, STM32MP135AAG3, STM32MP135CAE3, STM32MP135CAF3, STM32MP135CAG3, STM32MP135DAE7, STM32MP135DAF7, STM32MP135DAG7, STM32MP135F-DK, STM32MP135FAE7, STM32MP135FAF7, STM32MP135FAF7T, STM32MP135FAF7U, STM32MP135FAG7, STM32U535CBT6, STM32U535CBT6Q, STM32U535CBU6, STM32U535CBU6Q, STM32U535CCT6, STM32U535CCT6Q, STM32U535CCU6, STM32U535CCU6Q, STM32U535CET6, STM32U535CET6Q, STM32U535CEU6, STM32U535CEU6Q, STM32U535JEY6QTR, STM32U535NCY6QTR, STM32U535NEY6QTR, STM32U535RBI6, STM32U535RBI6Q, STM32U535RBT6, STM32U535RBT6Q, STM32U535RCI6, STM32U535RCI6Q, STM32U535RCT6, STM32U535RCT6Q, STM32U535REI6, STM32U535REI6Q, STM32U535RET6, STM32U535RET6Q, STM32U535VCI6, STM32U535VCI6Q, STM32U535VCT6, STM32U535VCT6Q, STM32U535VEI6, STM32U535VEI6Q, STM32U535VET6, STM32U535VET6Q, STM32U545CET6, STM32U545CET6Q, STM32U545CEU6, STM32U545CEU6Q, STM32U545JEY6QTR, STM32U545NEY6QTR, STM32U545REI6, STM32U545REI6Q, STM32U545RET6, STM32U545RET6Q, STM32U545VEI6, STM32U545VEI6Q, STM32U545VET6, STM32U545VET6Q, STM32U595AIH6, STM32U595AIH6Q, STM32U595AJH6, STM32U595AJH6Q, STM32U595QII6, STM32U595QII6Q, STM32U595QJI6, STM32U595QJI6Q, STM32U595RIT6, STM32U595RIT6Q, STM32U595RJT6, STM32U595RJT6Q, STM32U595VIT6, STM32U595VIT6Q, STM32U595VJT6, STM32U595VJT6Q, STM32U595ZIT6, STM32U595ZIT6Q, STM32U595ZIY6QTR, STM32U595ZJT6, STM32U595ZJT6Q, STM32U595ZJY6QTR, STM32U599BJY6QTR, STM32U599NIH6Q, STM32U599NJH6Q, STM32U599VIT6Q, STM32U599VJT6, STM32U599VJT6Q, STM32U599ZIT6Q, STM32U599ZIY6QTR, STM32U599ZJT6Q, STM32U599ZJY6QTR, STM32U5A5AJH6, STM32U5A5AJH6Q, STM32U5A5QJI6, STM32U5A5QJI6Q, STM32U5A5RJT6, STM32U5A5RJT6Q, STM32U5A5VJT6, STM32U5A5VJT6Q, STM32U5A5ZJT6, STM32U5A5ZJT6Q, STM32U5A5ZJY6QTR, STM32U5A9BJY6QTR, STM32U5A9J-DK, STM32U5A9NJH6Q, STM32U5A9VJT6Q, STM32U5A9ZJT6Q, STM32U5A9ZJY6QTR, STM32U5F7VIT6, STM32U5F7VIT6Q, STM32U5F7VJT6, STM32U5F7VJT6Q, STM32U5F9BJY6QTR, STM32U5F9NJH6Q, STM32U5F9VIT6Q, STM32U5F9VJT6Q, STM32U5F9ZIJ6QTR, STM32U5F9ZIT6Q, STM32U5F9ZJJ6QTR, STM32U5F9ZJT6Q, STM32U5G7VJT6, STM32U5G7VJT6Q, STM32U5G9BJY6QTR, STM32U5G9J-DK1, STM32U5G9J-DK2, STM32U5G9NJH6Q, STM32U5G9VJT6Q, STM32U5G9ZJJ6QTR, STM32U5G9ZJT6Q, STM32WB1MMCH6, STM32WBA52CEU6, STM32WBA52CEU6T, STM32WBA52CGU6, STM32WBA52CGU6T, STM32WBA52KEU6, STM32WBA52KEU6T, STM32WBA52KGU6, STM32WBA52KGU6T, STM32WL5MOCH6, STM32WL5MOCH6TR]
2023-08-14 11:27:00,733 [INFO] DbMcus:217 - Found 3848 MCUs, 3848 are supported
2023-08-14 11:27:00,737 [INFO] ApiDb:423 - Load user favorites file C:\Users\biomech/.stm32cubeide/favorites.mcus.txt: 1 item(s)
2023-08-14 11:27:00,737 [INFO] ApiDb:427 - User favorites MCUs=[STM32F446RET6]
2023-08-14 11:27:00,737 [INFO] DbMcus:223 - Set 1 / 1 favorites MCUs
2023-08-14 11:27:00,951 [WARN] ThirdParty:833 - waiting for thirdparty lock release [change project]
2023-08-14 11:27:00,952 [INFO] ThirdParty:835 - entering critical section [change project]
2023-08-14 11:27:00,952 [INFO] ThirdParty:1030 - CMSIS Pack Vendor :STMicroelectronics X-CUBE-ISPU 1.1.0
2023-08-14 11:27:00,952 [INFO] ThirdParty:1030 - CMSIS Pack Vendor :STMicroelectronics USBPD 4.1
2023-08-14 11:27:00,952 [INFO] ThirdParty:1030 - CMSIS Pack Vendor :STMicroelectronics X-CUBE-GNSS1 6.0.0
2023-08-14 11:27:00,952 [INFO] ThirdParty:1030 - CMSIS Pack Vendor :STMicroelectronics USB_HOST 2.0.0
2023-08-14 11:27:00,952 [INFO] ThirdParty:1030 - CMSIS Pack Vendor :STMicroelectronics X-CUBE-AZRTOS-F4 1.1.0
2023-08-14 11:27:00,952 [INFO] ThirdParty:1030 - CMSIS Pack Vendor :STMicroelectronics LIBJPEG 8.0.0
2023-08-14 11:27:00,952 [INFO] ThirdParty:1030 - CMSIS Pack Vendor :wolfSSL I-CUBE-wolfSSL 5.6.3
2023-08-14 11:27:00,952 [INFO] ThirdParty:1030 - CMSIS Pack Vendor :STMicroelectronics X-CUBE-SMBUS 2.1.0
2023-08-14 11:27:00,952 [INFO] ThirdParty:1030 - CMSIS Pack Vendor :STMicroelectronics USB_DEVICE 3.0.0
2023-08-14 11:27:00,952 [INFO] ThirdParty:1030 - CMSIS Pack Vendor :STMicroelectronics X-CUBE-AZRTOS-WB 2.0.0
2023-08-14 11:27:00,952 [INFO] ThirdParty:1030 - CMSIS Pack Vendor :STMicroelectronics X-CUBE-FREERTOS 1.0.1
2023-08-14 11:27:00,952 [INFO] ThirdParty:1030 - CMSIS Pack Vendor :STMicroelectronics X-CUBE-AZRTOS-F7 1.1.0
2023-08-14 11:27:00,952 [INFO] ThirdParty:1030 - CMSIS Pack Vendor :STMicroelectronics X-CUBE-AZRTOS-L5 2.0.0
2023-08-14 11:27:00,952 [INFO] ThirdParty:1030 - CMSIS Pack Vendor :STMicroelectronics USB_DEVICE 2.0.0
2023-08-14 11:27:00,952 [INFO] ThirdParty:1030 - CMSIS Pack Vendor :STMicroelectronics X-CUBE-MEMS1 9.6.0
2023-08-14 11:27:00,952 [INFO] ThirdParty:1030 - CMSIS Pack Vendor :STMicroelectronics FP-SNS-MOTENV1 4.3.2
2023-08-14 11:27:00,952 [INFO] ThirdParty:1030 - CMSIS Pack Vendor :STMicroelectronics X-CUBE-ALGOBUILD 1.3.0
2023-08-14 11:27:00,952 [INFO] ThirdParty:1030 - CMSIS Pack Vendor :STMicroelectronics X-CUBE-BLE1 6.2.4
2023-08-14 11:27:00,952 [INFO] ThirdParty:1030 - CMSIS Pack Vendor :STMicroelectronics X-CUBE-AZRTOS-L5 1.1.0
2023-08-14 11:27:00,952 [INFO] ThirdParty:1030 - CMSIS Pack Vendor :STMicroelectronics FreeRTOS 0.0.1
2023-08-14 11:27:00,952 [INFO] ThirdParty:1030 - CMSIS Pack Vendor :STMicroelectronics X-CUBE-AZRTOS-G0 1.1.0
2023-08-14 11:27:00,952 [INFO] ThirdParty:1030 - CMSIS Pack Vendor :STMicroelectronics X-CUBE-BLEMGR 2.0.0
2023-08-14 11:27:00,952 [INFO] ThirdParty:1030 - CMSIS Pack Vendor :STMicroelectronics X-CUBE-AI 8.0.1
2023-08-14 11:27:00,952 [INFO] ThirdParty:1030 - CMSIS Pack Vendor :STMicroelectronics X-CUBE-NFC4 3.0.0
2023-08-14 11:27:00,952 [INFO] ThirdParty:1030 - CMSIS Pack Vendor :STMicroelectronics X-CUBE-SUBG2 5.0.0
2023-08-14 11:27:00,952 [INFO] ThirdParty:1030 - CMSIS Pack Vendor :STMicroelectronics STM32_WPAN 1.0.0
2023-08-14 11:27:00,952 [INFO] ThirdParty:1030 - CMSIS Pack Vendor :STMicroelectronics lwIP 2.0.3
2023-08-14 11:27:00,952 [INFO] ThirdParty:1030 - CMSIS Pack Vendor :STMicroelectronics FP-SNS-FLIGHT1 5.0.2
2023-08-14 11:27:00,952 [INFO] ThirdParty:1030 - CMSIS Pack Vendor :STMicroelectronics USB_HOST 1.0.0
2023-08-14 11:27:00,952 [INFO] ThirdParty:1030 - CMSIS Pack Vendor :STMicroelectronics X-CUBE-TOF1 3.3.1
2023-08-14 11:27:00,952 [INFO] ThirdParty:1030 - CMSIS Pack Vendor :STMicroelectronics X-CUBE-AZRTOS-G4 2.0.0
2023-08-14 11:27:00,952 [INFO] ThirdParty:1030 - CMSIS Pack Vendor :STMicroelectronics PDM2PCM 3.1.0
2023-08-14 11:27:00,952 [INFO] ThirdParty:1030 - CMSIS Pack Vendor :STMicroelectronics X-CUBE-AZRTOS-H7 3.1.0
2023-08-14 11:27:00,952 [INFO] ThirdParty:1030 - CMSIS Pack Vendor :STMicroelectronics PDM2PCM 3.3.0
2023-08-14 11:27:00,952 [INFO] ThirdParty:1030 - CMSIS Pack Vendor :STMicroelectronics X-CUBE-DISPLAY 3.0.0
2023-08-14 11:27:00,952 [INFO] ThirdParty:1030 - CMSIS Pack Vendor :STMicroelectronics X-CUBE-BLE1 7.0.0
2023-08-14 11:27:00,952 [INFO] ThirdParty:1030 - CMSIS Pack Vendor :STMicroelectronics FP-ATR-SIGFOX1 3.2.0
2023-08-14 11:27:00,952 [INFO] ThirdParty:1030 - CMSIS Pack Vendor :STMicroelectronics HAL Drivers 0.0.0
2023-08-14 11:27:00,952 [INFO] ThirdParty:1030 - CMSIS Pack Vendor :STMicroelectronics MBEDTLS 2.16.2
2023-08-14 11:27:00,952 [INFO] ThirdParty:1030 - CMSIS Pack Vendor :emotas I-CUBE-CANOPEN 1.3.0
2023-08-14 11:27:00,952 [INFO] ThirdParty:1030 - CMSIS Pack Vendor :STMicroelectronics X-CUBE-TOUCHGFX 4.22.0
2023-08-14 11:27:00,952 [INFO] ThirdParty:1030 - CMSIS Pack Vendor :STMicroelectronics X-CUBE-NFC7 1.0.1
2023-08-14 11:27:00,952 [INFO] ThirdParty:1030 - CMSIS Pack Vendor :STMicroelectronics MBEDTLS 2.14.1
2023-08-14 11:27:00,952 [INFO] ThirdParty:1030 - CMSIS Pack Vendor :STMicroelectronics X-CUBE-EEPRMA1 4.1.0
2023-08-14 11:27:00,952 [INFO] ThirdParty:1030 - CMSIS Pack Vendor :portGmbH I-Cube-SoM-uGOAL 1.1.0
2023-08-14 11:27:00,952 [INFO] ThirdParty:1030 - CMSIS Pack Vendor :STMicroelectronics X-CUBE-ALS 1.0.1
2023-08-14 11:27:00,952 [INFO] ThirdParty:1030 - CMSIS Pack Vendor :STMicroelectronics ThreadX 1.0.0
2023-08-14 11:27:00,952 [INFO] ThirdParty:1030 - CMSIS Pack Vendor :STMicroelectronics X-CUBE-AZRTOS-WB 1.1.0
2023-08-14 11:27:00,952 [INFO] ThirdParty:1030 - CMSIS Pack Vendor :STMicroelectronics X-CUBE-AZRTOS-WL 2.0.0
2023-08-14 11:27:00,952 [INFO] ThirdParty:1030 - CMSIS Pack Vendor :SEGGER I-CUBE-embOS 1.3.1
2023-08-14 11:27:00,952 [INFO] ThirdParty:1030 - CMSIS Pack Vendor :STMicroelectronics USB_DEVICE 1.0.0
2023-08-14 11:27:00,952 [INFO] ThirdParty:1030 - CMSIS Pack Vendor :STMicroelectronics X-CUBE-AI 8.1.0
2023-08-14 11:27:00,952 [INFO] ThirdParty:1030 - CMSIS Pack Vendor :STMicroelectronics X-CUBE-AZRTOS-L4 2.0.0
2023-08-14 11:27:00,952 [INFO] ThirdParty:1030 - CMSIS Pack Vendor :STMicroelectronics ThreadX 0.0.2
2023-08-14 11:27:00,952 [INFO] ThirdParty:1030 - CMSIS Pack Vendor :WES I-CUBE-Cesium 1.3.0
2023-08-14 11:27:00,952 [INFO] ThirdParty:1030 - CMSIS Pack Vendor :STMicroelectronics FP-ATR-ASTRA1 2.0.0
2023-08-14 11:27:00,952 [INFO] ThirdParty:1030 - CMSIS Pack Vendor :STMicroelectronics lwIP 2.1.2
2023-08-14 11:27:00,952 [INFO] ThirdParty:1030 - CMSIS Pack Vendor :STMicroelectronics X-CUBE-SFXS2LP1 4.0.0
2023-08-14 11:27:00,952 [INFO] ThirdParty:1030 - CMSIS Pack Vendor :STMicroelectronics X-CUBE-BLE2 3.3.0
2023-08-14 11:27:00,952 [INFO] ThirdParty:1030 - CMSIS Pack Vendor :STMicroelectronics PDM2PCM 3.2.0
2023-08-14 11:27:00,952 [INFO] ThirdParty:841 - exiting critical section [change project]
2023-08-14 11:27:01,146 [INFO] PinOutPanel:1499 - setPackage(No Configuration,No Configuration)
2023-08-14 11:27:01,147 [INFO] PinOutPanel:1499 - setPackage(STM32F446RETx,LQFP64)
2023-08-14 11:27:01,403 [INFO] UtilMem:75 - Before build in PCC Used Memory: 716146216 Bytes (1013972992)
2023-08-14 11:27:01,916 [INFO] UtilMem:75 - After build in PCC Used Memory: 791170456 Bytes (1013972992)
2023-08-14 11:27:01,933 [INFO] IPUIPlugin:80 - create IPUIPlugin
2023-08-14 11:27:01,934 [INFO] IPUIPlugin:80 - create IPUIPlugin
2023-08-14 11:27:01,934 [INFO] IPUIPlugin:80 - create IPUIPlugin
2023-08-14 11:27:01,934 [INFO] IPUIPlugin:80 - create IPUIPlugin
2023-08-14 11:27:01,934 [INFO] IPUIPlugin:80 - create IPUIPlugin
2023-08-14 11:27:01,934 [INFO] IPUIPlugin:80 - create IPUIPlugin
2023-08-14 11:27:01,934 [INFO] IPUIPlugin:80 - create IPUIPlugin
2023-08-14 11:27:01,934 [INFO] IPUIPlugin:80 - create IPUIPlugin
2023-08-14 11:27:01,934 [INFO] IPUIPlugin:80 - create IPUIPlugin
2023-08-14 11:27:01,934 [INFO] IPUIPlugin:80 - create IPUIPlugin
2023-08-14 11:27:01,934 [INFO] IPUIPlugin:80 - create IPUIPlugin
2023-08-14 11:27:01,934 [INFO] IPUIPlugin:80 - create IPUIPlugin
2023-08-14 11:27:01,934 [INFO] IPUIPlugin:80 - create IPUIPlugin
2023-08-14 11:27:01,934 [INFO] IPUIPlugin:80 - create IPUIPlugin
2023-08-14 11:27:01,934 [INFO] IPUIPlugin:80 - create IPUIPlugin
2023-08-14 11:27:01,934 [INFO] IPUIPlugin:80 - create IPUIPlugin
2023-08-14 11:27:01,934 [INFO] IPUIPlugin:80 - create IPUIPlugin
2023-08-14 11:27:01,934 [INFO] IPUIPlugin:80 - create IPUIPlugin
2023-08-14 11:27:01,934 [INFO] IPUIPlugin:80 - create IPUIPlugin
2023-08-14 11:27:01,934 [INFO] IPUIPlugin:80 - create IPUIPlugin
2023-08-14 11:27:01,934 [INFO] IPUIPlugin:80 - create IPUIPlugin
2023-08-14 11:27:01,935 [INFO] IPUIPlugin:80 - create IPUIPlugin
2023-08-14 11:27:01,935 [INFO] IPUIPlugin:80 - create IPUIPlugin
2023-08-14 11:27:01,935 [INFO] IPUIPlugin:80 - create IPUIPlugin
2023-08-14 11:27:01,935 [INFO] IPUIPlugin:80 - create IPUIPlugin
2023-08-14 11:27:01,935 [INFO] IPUIPlugin:80 - create IPUIPlugin
2023-08-14 11:27:01,935 [INFO] IPUIPlugin:80 - create IPUIPlugin
2023-08-14 11:27:01,935 [INFO] IPUIPlugin:80 - create IPUIPlugin
2023-08-14 11:27:01,935 [INFO] IPUIPlugin:80 - create IPUIPlugin
2023-08-14 11:27:01,935 [INFO] IPUIPlugin:80 - create IPUIPlugin
2023-08-14 11:27:01,935 [INFO] IPUIPlugin:80 - create IPUIPlugin
2023-08-14 11:27:01,935 [INFO] IPUIPlugin:80 - create IPUIPlugin
2023-08-14 11:27:01,935 [INFO] IPUIPlugin:80 - create IPUIPlugin
2023-08-14 11:27:01,936 [INFO] IPUIPlugin:80 - create IPUIPlugin
2023-08-14 11:27:01,936 [INFO] IPUIPlugin:80 - create IPUIPlugin
2023-08-14 11:27:01,936 [INFO] IPUIPlugin:80 - create IPUIPlugin
2023-08-14 11:27:01,936 [INFO] IPUIPlugin:80 - create IPUIPlugin
2023-08-14 11:27:01,936 [INFO] IPUIPlugin:80 - create IPUIPlugin
2023-08-14 11:27:01,936 [INFO] IPUIPlugin:80 - create IPUIPlugin
2023-08-14 11:27:01,936 [INFO] IPUIPlugin:80 - create IPUIPlugin
2023-08-14 11:27:01,936 [INFO] IPUIPlugin:80 - create IPUIPlugin
2023-08-14 11:27:01,936 [INFO] IPUIPlugin:80 - create IPUIPlugin
2023-08-14 11:27:01,936 [INFO] IPUIPlugin:80 - create IPUIPlugin
2023-08-14 11:27:01,936 [INFO] IPUIPlugin:80 - create IPUIPlugin
2023-08-14 11:27:01,937 [INFO] IPUIPlugin:80 - create IPUIPlugin
2023-08-14 11:27:01,937 [INFO] IPUIPlugin:80 - create IPUIPlugin
2023-08-14 11:27:01,937 [INFO] IPUIPlugin:80 - create IPUIPlugin
2023-08-14 11:27:01,937 [INFO] IPUIPlugin:80 - create IPUIPlugin
2023-08-14 11:27:01,937 [INFO] IPUIPlugin:80 - create IPUIPlugin
2023-08-14 11:27:01,937 [INFO] IPUIPlugin:80 - create IPUIPlugin
2023-08-14 11:27:01,937 [INFO] IPUIPlugin:80 - create IPUIPlugin
2023-08-14 11:27:01,937 [INFO] IPUIPlugin:80 - create IPUIPlugin
2023-08-14 11:27:01,937 [INFO] IPUIPlugin:80 - create IPUIPlugin
2023-08-14 11:27:01,938 [INFO] IPUIPlugin:80 - create IPUIPlugin
2023-08-14 11:27:01,938 [INFO] IPUIPlugin:80 - create IPUIPlugin
2023-08-14 11:27:01,938 [INFO] IPUIPlugin:80 - create IPUIPlugin
2023-08-14 11:27:01,938 [INFO] IPUIPlugin:80 - create IPUIPlugin
2023-08-14 11:27:01,938 [INFO] IPUIPlugin:80 - create IPUIPlugin
2023-08-14 11:27:01,939 [INFO] IPUIPlugin:80 - create IPUIPlugin
2023-08-14 11:27:01,939 [INFO] IPUIPlugin:80 - create IPUIPlugin
2023-08-14 11:27:02,018 [INFO] ApiDbMcu:507 - Load IP Config File for PDM2PCM
2023-08-14 11:27:02,027 [WARN] IP:2114 - I2C_Coeff_DF not found: check if there is a RefParameter without a condition.
2023-08-14 11:27:02,027 [WARN] IP:2114 - Analog_Filter not found: check if there is a RefParameter without a condition.
2023-08-14 11:27:02,029 [WARN] IP:2114 - I2C_Coeff_DF not found: check if there is a RefParameter without a condition.
2023-08-14 11:27:02,029 [WARN] IP:2114 - Analog_Filter not found: check if there is a RefParameter without a condition.
2023-08-14 11:27:02,149 [INFO] CADModel:165 - CPN selected for project levelSTM32F446RET6
2023-08-14 11:27:02,149 [INFO] CADModel:114 - Register for checkConnection events
2023-08-14 11:27:02,193 [INFO] OpenFileManager:328 - Restore cursor
2023-08-14 11:27:02,382 [WARN] IP:2114 - I2C_Coeff_DF not found: check if there is a RefParameter without a condition.
2023-08-14 11:27:02,382 [WARN] IP:2114 - Analog_Filter not found: check if there is a RefParameter without a condition.
2023-08-14 11:27:02,382 [WARN] IP:2114 - I2C_Coeff_DF not found: check if there is a RefParameter without a condition.
2023-08-14 11:27:02,382 [WARN] IP:2114 - Analog_Filter not found: check if there is a RefParameter without a condition.
2023-08-14 11:27:02,384 [WARN] IP:2114 - I2C_Coeff_DF not found: check if there is a RefParameter without a condition.
2023-08-14 11:27:02,384 [WARN] IP:2114 - Analog_Filter not found: check if there is a RefParameter without a condition.
2023-08-14 11:27:02,384 [WARN] IP:2114 - I2C_Coeff_DF not found: check if there is a RefParameter without a condition.
2023-08-14 11:27:02,384 [WARN] IP:2114 - Analog_Filter not found: check if there is a RefParameter without a condition.
