2023-08-04 10:01:51,898 [INFO] Activator:176 - 


2023-08-04 10:01:51,901 [INFO] Activator:177 - !SESSION log4j initialized
2023-08-04 10:01:57,302 [INFO] LogOutputStream:77 - [STDOUT_REDIRECT] 
2023-08-04 10:01:58,496 [INFO] ApplicationProperties:184 - Using Application install path: C:\ST\STM32CubeIDE_1.13.0\STM32CubeIDE\plugins\com.st.stm32cube.common.mx_6.9.0.202307051724
2023-08-04 10:01:58,502 [INFO] DbMcusXml:78 - Set database path to: C:\ST\STM32CubeIDE_1.13.0\STM32CubeIDE\plugins\com.st.stm32cube.common.mx_6.9.0.202307051724\\db\/mcu/
2023-08-04 10:01:58,503 [INFO] ApiDb:274 - Set plugin database path to: C:\ST\STM32CubeIDE_1.13.0\STM32CubeIDE\plugins\com.st.stm32cube.common.mx_6.9.0.202307051724\\db\/plugins/boardmanager/
2023-08-04 10:01:58,503 [WARN] ApiDb:259 - Overriding images path with different value:  => C:\ST\STM32CubeIDE_1.13.0\STM32CubeIDE\plugins\com.st.stm32cube.common.mx_6.9.0.202307051724\\db\/plugins/mcufinder/images/
2023-08-04 10:01:58,508 [INFO] ApiDb:250 - Set database path to: C:\Users\biomech\.stmcufinder\plugins\mcufinder//mcu/
2023-08-04 10:01:58,509 [INFO] DbMcusAds:125 - Set database path to: C:\Users\biomech\.stmcufinder\plugins\mcufinder//mcu/
2023-08-04 10:01:58,510 [INFO] CrossReferenceDbSqlite:203 - Set database path to: C:\Users\biomech\.stmcufinder\plugins\mcufinder//mcu/cs/
2023-08-04 10:01:58,546 [INFO] DbMcusXml:78 - Set database path to: C:\ST\STM32CubeIDE_1.13.0\STM32CubeIDE\plugins\com.st.stm32cube.common.mx_6.9.0.202307051724\\db\/mcu/
2023-08-04 10:01:58,547 [INFO] ApiDb:274 - Set plugin database path to: C:\ST\STM32CubeIDE_1.13.0\STM32CubeIDE\plugins\com.st.stm32cube.common.mx_6.9.0.202307051724\\db\/plugins/boardmanager/
2023-08-04 10:01:58,547 [INFO] ApiDb:261 - Set plugin images path to: C:\ST\STM32CubeIDE_1.13.0\STM32CubeIDE\plugins\com.st.stm32cube.common.mx_6.9.0.202307051724\\db\/plugins/mcufinder/images/
2023-08-04 10:01:58,547 [WARN] DbFile:41 - Overriding database path with different value: C:\Users\biomech\.stmcufinder\plugins\mcufinder/ => C:\Users\biomech\.stmcufinder\plugins\mcufinder
2023-08-04 10:01:58,547 [INFO] ApiDb:250 - Set database path to: C:\Users\biomech\.stmcufinder\plugins\mcufinder//mcu/
2023-08-04 10:01:58,547 [WARN] DbFile:41 - Overriding database path with different value: C:\Users\biomech\.stmcufinder\plugins\mcufinder/ => C:\Users\biomech\.stmcufinder\plugins\mcufinder
2023-08-04 10:01:58,547 [INFO] DbMcusAds:125 - Set database path to: C:\Users\biomech\.stmcufinder\plugins\mcufinder//mcu/
2023-08-04 10:01:58,547 [WARN] DbFile:41 - Overriding database path with different value: C:\Users\biomech\.stmcufinder\plugins\mcufinder/ => C:\Users\biomech\.stmcufinder\plugins\mcufinder
2023-08-04 10:01:58,547 [WARN] DbFile:41 - Overriding database path with different value: C:\Users\biomech\.stmcufinder\plugins\mcufinder/ => C:\Users\biomech\.stmcufinder\plugins\mcufinder
2023-08-04 10:01:58,547 [INFO] CrossReferenceDbSqlite:203 - Set database path to: C:\Users\biomech\.stmcufinder\plugins\mcufinder//mcu/cs/
2023-08-04 10:01:58,585 [INFO] MainPanel:262 - HeapMemory: 268435456
2023-08-04 10:01:58,648 [INFO] DbMcusXml:78 - Set database path to: C:\ST\STM32CubeIDE_1.13.0\STM32CubeIDE\plugins\com.st.stm32cube.common.mx_6.9.0.202307051724\\db\/mcu/
2023-08-04 10:01:58,648 [INFO] ApiDb:274 - Set plugin database path to: C:\ST\STM32CubeIDE_1.13.0\STM32CubeIDE\plugins\com.st.stm32cube.common.mx_6.9.0.202307051724\\db\/plugins/boardmanager/
2023-08-04 10:01:58,648 [INFO] ApiDb:261 - Set plugin images path to: C:\ST\STM32CubeIDE_1.13.0\STM32CubeIDE\plugins\com.st.stm32cube.common.mx_6.9.0.202307051724\\db\/plugins/mcufinder/images/
2023-08-04 10:01:58,649 [WARN] DbFile:41 - Overriding database path with different value: C:\Users\biomech\.stmcufinder\plugins\mcufinder/ => C:\Users\biomech\.stmcufinder\plugins\mcufinder
2023-08-04 10:01:58,649 [INFO] ApiDb:250 - Set database path to: C:\Users\biomech\.stmcufinder\plugins\mcufinder//mcu/
2023-08-04 10:01:58,649 [WARN] DbFile:41 - Overriding database path with different value: C:\Users\biomech\.stmcufinder\plugins\mcufinder/ => C:\Users\biomech\.stmcufinder\plugins\mcufinder
2023-08-04 10:01:58,649 [INFO] DbMcusAds:125 - Set database path to: C:\Users\biomech\.stmcufinder\plugins\mcufinder//mcu/
2023-08-04 10:01:58,649 [WARN] DbFile:41 - Overriding database path with different value: C:\Users\biomech\.stmcufinder\plugins\mcufinder/ => C:\Users\biomech\.stmcufinder\plugins\mcufinder
2023-08-04 10:01:58,649 [WARN] DbFile:41 - Overriding database path with different value: C:\Users\biomech\.stmcufinder\plugins\mcufinder/ => C:\Users\biomech\.stmcufinder\plugins\mcufinder
2023-08-04 10:01:58,649 [INFO] CrossReferenceDbSqlite:203 - Set database path to: C:\Users\biomech\.stmcufinder\plugins\mcufinder//mcu/cs/
2023-08-04 10:01:58,659 [INFO] ApplicationProperties:184 - Using Application install path: C:\ST\STM32CubeIDE_1.13.0\STM32CubeIDE\plugins\com.st.stm32cube.common.mx_6.9.0.202307051724
2023-08-04 10:01:58,659 [INFO] PluginManage:196 - Search for loadable plugins [exclusion list=, ]
2023-08-04 10:01:58,660 [INFO] PluginManage:310 - Check plugin analytics
2023-08-04 10:01:58,743 [INFO] AnalyticsPlugin:253 - Accepted Software Licenses: 
2023-08-04 10:01:58,743 [INFO] AnalyticsPlugin:255 - Accepted CMSIS Pack Licenses: 
2023-08-04 10:01:58,743 [INFO] AnalyticsPlugin:257 - Accepted Firmware Licenses: FW.F4.1.27.0
2023-08-04 10:01:58,744 [INFO] PluginManage:359 - Loaded plugin analytics (category:tool,tabindex:-1)
2023-08-04 10:01:58,745 [INFO] PluginManage:310 - Check plugin cadmodel
2023-08-04 10:01:58,754 [INFO] CADModel:105 - Init CAD model plugin
2023-08-04 10:01:58,754 [INFO] PluginManage:359 - Loaded plugin cadmodel (category:power,tabindex:5)
2023-08-04 10:01:58,754 [INFO] PluginManage:310 - Check plugin clock
2023-08-04 10:01:58,766 [INFO] PluginManage:359 - Loaded plugin clock (category:base,tabindex:2)
2023-08-04 10:01:58,766 [INFO] PluginManage:310 - Check plugin ddr
2023-08-04 10:01:58,767 [INFO] PluginManage:359 - Loaded plugin ddr (category:tool,tabindex:6)
2023-08-04 10:01:58,767 [INFO] PluginManage:310 - Check plugin filemanager
2023-08-04 10:01:58,847 [INFO] PluginManage:359 - Loaded plugin filemanager (category:base,tabindex:10)
2023-08-04 10:01:58,847 [INFO] PluginManage:310 - Check plugin ipmanager
2023-08-04 10:01:58,851 [INFO] PluginManage:359 - Loaded plugin ipmanager (category:base,tabindex:5)
2023-08-04 10:01:58,852 [INFO] PluginManage:310 - Check plugin lpbam
2023-08-04 10:01:58,862 [INFO] PluginManage:359 - Loaded plugin lpbam (category:base,tabindex:0)
2023-08-04 10:01:58,862 [INFO] PluginManage:310 - Check plugin memorymap
2023-08-04 10:01:58,874 [INFO] PluginManage:359 - Loaded plugin memorymap (category:base,tabindex:4)
2023-08-04 10:01:58,874 [INFO] PluginManage:310 - Check plugin pinoutandconfiguration
2023-08-04 10:01:58,883 [INFO] PluginManage:359 - Loaded plugin pinoutandconfiguration (category:base,tabindex:1)
2023-08-04 10:01:58,883 [INFO] PluginManage:310 - Check plugin pinoutconfig
2023-08-04 10:01:58,935 [WARN] SupportedApi:132 - Cannot load RTOS API schema: s4s-elt-must-match.1: The content of 'definitions' must match (annotation?, (simpleType | complexType)?, (unique | key | keyref)*)). A problem was found starting at: attribute.
2023-08-04 10:01:59,010 [INFO] PluginManage:359 - Loaded plugin pinoutconfig (category:base,tabindex:0)
2023-08-04 10:01:59,011 [INFO] PluginManage:310 - Check plugin power
2023-08-04 10:01:59,022 [INFO] PluginManage:359 - Loaded plugin power (category:power,tabindex:4)
2023-08-04 10:01:59,022 [INFO] PluginManage:310 - Check plugin projectmanager
2023-08-04 10:01:59,030 [INFO] PluginManage:359 - Loaded plugin projectmanager (category:projectmanager,tabindex:3)
2023-08-04 10:01:59,030 [INFO] PluginManage:310 - Check plugin thirdparty
2023-08-04 10:01:59,176 [INFO] PluginManage:359 - Loaded plugin thirdparty (category:base,tabindex:-1)
2023-08-04 10:01:59,176 [INFO] PluginManage:310 - Check plugin tools
2023-08-04 10:01:59,176 [WARN] IntegrityCheckThread:84 - waiting for thirdparty lock release [integrity check]
2023-08-04 10:01:59,177 [INFO] IntegrityCheckThread:86 - entering critical section [integrity check]
2023-08-04 10:01:59,177 [INFO] ThirdPartyUpdaterWithRetryManager:70 - Updater plugin not ready yet. [1/15]
2023-08-04 10:01:59,195 [INFO] PluginManage:359 - Loaded plugin tools (category:base,tabindex:7)
2023-08-04 10:01:59,195 [INFO] PluginManage:310 - Check plugin tutovideos
2023-08-04 10:01:59,298 [INFO] PluginManage:359 - Loaded plugin tutovideos (category:base,tabindex:-1)
2023-08-04 10:01:59,298 [INFO] PluginManage:310 - Check plugin updater
2023-08-04 10:01:59,305 [INFO] PluginManage:359 - Loaded plugin updater (category:base,tabindex:12)
2023-08-04 10:01:59,305 [INFO] PluginManage:310 - Check plugin userauth
2023-08-04 10:01:59,308 [INFO] UserAuth:113 - Init User Auth plugin
2023-08-04 10:01:59,308 [INFO] PluginManage:359 - Loaded plugin userauth (category:base,tabindex:14)
2023-08-04 10:01:59,308 [INFO] PluginManage:283 - PluginManage : Loaded plugins [17]
2023-08-04 10:01:59,431 [INFO] PinOutPanel:1499 - setPackage(No Configuration,No Configuration)
2023-08-04 10:01:59,484 [INFO] CADModel:165 - CPN selected for project level
2023-08-04 10:01:59,484 [INFO] CADModel:114 - Register for checkConnection events
2023-08-04 10:01:59,500 [INFO] IPUIPlugin:80 - create IPUIPlugin
2023-08-04 10:01:59,500 [INFO] PluginManager:220 - loadIPPluginJar : add adc
2023-08-04 10:01:59,519 [INFO] IPUIPlugin:80 - create IPUIPlugin
2023-08-04 10:01:59,519 [INFO] PluginManager:220 - loadIPPluginJar : add aes
2023-08-04 10:01:59,541 [INFO] IPUIPlugin:80 - create IPUIPlugin
2023-08-04 10:01:59,541 [INFO] PluginManager:220 - loadIPPluginJar : add can
2023-08-04 10:01:59,552 [INFO] IPUIPlugin:80 - create IPUIPlugin
2023-08-04 10:01:59,553 [INFO] PluginManager:220 - loadIPPluginJar : add comp
2023-08-04 10:01:59,569 [INFO] IPUIPlugin:80 - create IPUIPlugin
2023-08-04 10:01:59,569 [INFO] PluginManager:220 - loadIPPluginJar : add cryp
2023-08-04 10:01:59,584 [INFO] IPUIPlugin:80 - create IPUIPlugin
2023-08-04 10:01:59,584 [INFO] PluginManager:220 - loadIPPluginJar : add dfsdm
2023-08-04 10:01:59,593 [INFO] IPUIPlugin:80 - create IPUIPlugin
2023-08-04 10:01:59,593 [INFO] PluginManager:220 - loadIPPluginJar : add dma
2023-08-04 10:01:59,614 [INFO] IPUIPlugin:80 - create IPUIPlugin
2023-08-04 10:01:59,614 [INFO] PluginManager:220 - loadIPPluginJar : add dma3
2023-08-04 10:01:59,624 [INFO] IPUIPlugin:80 - create IPUIPlugin
2023-08-04 10:01:59,624 [INFO] PluginManager:220 - loadIPPluginJar : add fatfs
2023-08-04 10:01:59,648 [INFO] IPUIPlugin:80 - create IPUIPlugin
2023-08-04 10:01:59,648 [INFO] PluginManager:220 - loadIPPluginJar : add fmc
2023-08-04 10:01:59,657 [INFO] IPUIPlugin:80 - create IPUIPlugin
2023-08-04 10:01:59,657 [INFO] PluginManager:220 - loadIPPluginJar : add freertos
2023-08-04 10:01:59,668 [INFO] IPUIPlugin:80 - create IPUIPlugin
2023-08-04 10:01:59,668 [INFO] PluginManager:220 - loadIPPluginJar : add genericplugin
2023-08-04 10:01:59,714 [INFO] IPUIPlugin:80 - create IPUIPlugin
2023-08-04 10:01:59,714 [INFO] PluginManager:220 - loadIPPluginJar : add gfxmmu
2023-08-04 10:01:59,779 [INFO] IPUIPlugin:80 - create IPUIPlugin
2023-08-04 10:01:59,779 [INFO] PluginManager:220 - loadIPPluginJar : add gic
2023-08-04 10:01:59,788 [INFO] IPUIPlugin:80 - create IPUIPlugin
2023-08-04 10:01:59,789 [INFO] PluginManager:220 - loadIPPluginJar : add gpio
2023-08-04 10:01:59,833 [INFO] IPUIPlugin:80 - create IPUIPlugin
2023-08-04 10:01:59,833 [INFO] PluginManager:220 - loadIPPluginJar : add gtzc
2023-08-04 10:01:59,849 [INFO] IPUIPlugin:80 - create IPUIPlugin
2023-08-04 10:01:59,850 [INFO] PluginManager:220 - loadIPPluginJar : add hash
2023-08-04 10:01:59,875 [INFO] IPUIPlugin:80 - create IPUIPlugin
2023-08-04 10:01:59,875 [INFO] PluginManager:220 - loadIPPluginJar : add i2c
2023-08-04 10:01:59,894 [INFO] IPUIPlugin:80 - create IPUIPlugin
2023-08-04 10:01:59,894 [INFO] PluginManager:220 - loadIPPluginJar : add i2s
2023-08-04 10:01:59,915 [INFO] IPUIPlugin:80 - create IPUIPlugin
2023-08-04 10:01:59,915 [INFO] PluginManager:220 - loadIPPluginJar : add i3c
2023-08-04 10:01:59,965 [INFO] IPUIPlugin:80 - create IPUIPlugin
2023-08-04 10:01:59,965 [INFO] PluginManager:220 - loadIPPluginJar : add ipddr
2023-08-04 10:02:00,014 [INFO] IPUIPlugin:80 - create IPUIPlugin
2023-08-04 10:02:00,014 [INFO] PluginManager:220 - loadIPPluginJar : add linkedlist
2023-08-04 10:02:00,033 [INFO] IPUIPlugin:80 - create IPUIPlugin
2023-08-04 10:02:00,033 [INFO] PluginManager:220 - loadIPPluginJar : add lorawan
2023-08-04 10:02:00,051 [INFO] IPUIPlugin:80 - create IPUIPlugin
2023-08-04 10:02:00,051 [INFO] PluginManager:220 - loadIPPluginJar : add ltdc
2023-08-04 10:02:00,059 [INFO] IPUIPlugin:80 - create IPUIPlugin
2023-08-04 10:02:00,059 [INFO] PluginManager:220 - loadIPPluginJar : add mdma
2023-08-04 10:02:00,066 [INFO] IPUIPlugin:80 - create IPUIPlugin
2023-08-04 10:02:00,066 [INFO] PluginManager:220 - loadIPPluginJar : add nvic
2023-08-04 10:02:00,084 [INFO] IPUIPlugin:80 - create IPUIPlugin
2023-08-04 10:02:00,084 [INFO] PluginManager:220 - loadIPPluginJar : add opamp
2023-08-04 10:02:00,113 [INFO] IPUIPlugin:80 - create IPUIPlugin
2023-08-04 10:02:00,113 [INFO] PluginManager:220 - loadIPPluginJar : add openamp
2023-08-04 10:02:00,135 [INFO] IPUIPlugin:80 - create IPUIPlugin
2023-08-04 10:02:00,135 [INFO] PluginManager:220 - loadIPPluginJar : add pdm2pcm
2023-08-04 10:02:00,143 [INFO] IPUIPlugin:80 - create IPUIPlugin
2023-08-04 10:02:00,145 [INFO] PluginManager:220 - loadIPPluginJar : add plateformsettings
2023-08-04 10:02:00,156 [INFO] IPUIPlugin:80 - create IPUIPlugin
2023-08-04 10:02:00,156 [INFO] PluginManager:220 - loadIPPluginJar : add quadspi
2023-08-04 10:02:00,163 [INFO] IPUIPlugin:80 - create IPUIPlugin
2023-08-04 10:02:00,163 [INFO] PluginManager:220 - loadIPPluginJar : add resmgrutility
2023-08-04 10:02:00,186 [INFO] IPUIPlugin:80 - create IPUIPlugin
2023-08-04 10:02:00,186 [INFO] PluginManager:220 - loadIPPluginJar : add sai
2023-08-04 10:02:00,204 [INFO] IPUIPlugin:80 - create IPUIPlugin
2023-08-04 10:02:00,204 [INFO] PluginManager:220 - loadIPPluginJar : add spi
2023-08-04 10:02:00,233 [INFO] IPUIPlugin:80 - create IPUIPlugin
2023-08-04 10:02:00,234 [INFO] PluginManager:220 - loadIPPluginJar : add stm32_wpan
2023-08-04 10:02:00,244 [INFO] IPUIPlugin:80 - create IPUIPlugin
2023-08-04 10:02:00,245 [INFO] PluginManager:220 - loadIPPluginJar : add tim
2023-08-04 10:02:00,272 [INFO] IPUIPlugin:80 - create IPUIPlugin
2023-08-04 10:02:00,272 [INFO] PluginManager:220 - loadIPPluginJar : add touchsensing
2023-08-04 10:02:00,283 [INFO] IPUIPlugin:80 - create IPUIPlugin
2023-08-04 10:02:00,283 [INFO] PluginManager:220 - loadIPPluginJar : add tracer_emb
2023-08-04 10:02:00,294 [INFO] IPUIPlugin:80 - create IPUIPlugin
2023-08-04 10:02:00,294 [INFO] PluginManager:220 - loadIPPluginJar : add ts
2023-08-04 10:02:00,305 [INFO] IPUIPlugin:80 - create IPUIPlugin
2023-08-04 10:02:00,305 [INFO] PluginManager:220 - loadIPPluginJar : add tsc
2023-08-04 10:02:00,316 [INFO] IPUIPlugin:80 - create IPUIPlugin
2023-08-04 10:02:00,317 [INFO] PluginManager:220 - loadIPPluginJar : add ucpd
2023-08-04 10:02:00,340 [INFO] IPUIPlugin:80 - create IPUIPlugin
2023-08-04 10:02:00,340 [INFO] PluginManager:220 - loadIPPluginJar : add usart
2023-08-04 10:02:00,362 [INFO] IPUIPlugin:80 - create IPUIPlugin
2023-08-04 10:02:00,362 [INFO] PluginManager:220 - loadIPPluginJar : add usbx
2023-08-04 10:02:00,466 [INFO] CADModel:165 - CPN selected for project level
2023-08-04 10:02:00,466 [INFO] CADModel:114 - Register for checkConnection events
2023-08-04 10:02:00,467 [FATAL] Updater:308 - Updater called before beeing initialized
2023-08-04 10:02:00,467 [ERROR] CADModel:125 - Updater not yet initialized, retry later 
2023-08-04 10:02:00,544 [INFO] CADModel:165 - CPN selected for project level
2023-08-04 10:02:00,544 [INFO] CADModel:114 - Register for checkConnection events
2023-08-04 10:02:00,544 [FATAL] Updater:308 - Updater called before beeing initialized
2023-08-04 10:02:00,544 [ERROR] CADModel:125 - Updater not yet initialized, retry later 
2023-08-04 10:02:00,546 [FATAL] Updater:308 - Updater called before beeing initialized
2023-08-04 10:02:00,599 [FATAL] Updater:308 - Updater called before beeing initialized
2023-08-04 10:02:00,606 [INFO] DbMcusAds:53 - JSON generation date=Tue Mar 07 11:50:55 TRT 2023 (1678179055114)
2023-08-04 10:02:00,606 [FATAL] Updater:308 - Updater called before beeing initialized
2023-08-04 10:02:00,647 [WARN] DetailPanel:346 - Failed to get advertising image, set to default
2023-08-04 10:02:00,699 [FATAL] Updater:308 - Updater called before beeing initialized
2023-08-04 10:02:00,700 [FATAL] Updater:308 - Updater called before beeing initialized
2023-08-04 10:02:00,701 [FATAL] Updater:308 - Updater called before beeing initialized
2023-08-04 10:02:00,701 [WARN] DetailPanel:346 - Failed to get advertising image, set to default
2023-08-04 10:02:00,702 [FATAL] Updater:308 - Updater called before beeing initialized
2023-08-04 10:02:00,737 [ERROR] Updater:1120 - MainUpdater not yet initialized. External WinMGr cannot be set.
2023-08-04 10:02:00,743 [INFO] Updater:1056 - Updater Version found : 6.9.0
2023-08-04 10:02:00,755 [INFO] ApplicationProperties:184 - Using Application install path: C:\ST\STM32CubeIDE_1.13.0\STM32CubeIDE\plugins\com.st.stm32cube.common.mx_6.9.0.202307051724
2023-08-04 10:02:00,858 [INFO] MainUpdater:2868 - connection check result : 10
2023-08-04 10:02:00,859 [INFO] MainUpdater:285 - Updater Check For Update Now.
2023-08-04 10:02:00,859 [INFO] MicroXplorer:498 - Change Database Version : DB.6.0.90
2023-08-04 10:02:00,869 [INFO] McuFinderGlobals:63 - Set McuFinder mode to 2 (CubeIDE integrated)
2023-08-04 10:02:00,869 [INFO] UserAuth:179 - activating auth plugin
2023-08-04 10:02:00,870 [INFO] UserAuth:393 - Internet connection configuration mode: 1
2023-08-04 10:02:00,889 [INFO] JxBrowserEngine:151 - Initiate JxBrowser Engine with user profile folder
2023-08-04 10:02:01,006 [INFO] CheckServerUpdateThread:120 - End of CheckServer Thread
2023-08-04 10:02:02,053 [INFO] WebApp:157 - Instantiating new browser for Auth
2023-08-04 10:02:02,252 [WARN] PackLoader:240 - Cannot read IP mode file for STMicroelectronics.X-CUBE-SMBUS.2.1.0
2023-08-04 10:02:02,280 [WARN] PackLoader:240 - Cannot read IP mode file for STMicroelectronics.X-CUBE-AZRTOS-F7.1.1.0
2023-08-04 10:02:02,291 [WARN] PackLoader:240 - Cannot read IP mode file for STMicroelectronics.FP-SNS-MOTENV1.4.3.2
2023-08-04 10:02:02,301 [WARN] PackLoader:240 - Cannot read IP mode file for STMicroelectronics.X-CUBE-BLE1.6.2.4
2023-08-04 10:02:02,309 [WARN] PackLoader:240 - Cannot read IP mode file for STMicroelectronics.FP-SNS-FLIGHT1.5.0.2
2023-08-04 10:02:02,319 [WARN] PackLoader:240 - Cannot read IP mode file for STMicroelectronics.X-CUBE-DISPLAY.3.0.0
2023-08-04 10:02:02,329 [WARN] PackLoader:240 - Cannot read IP mode file for emotas.I-CUBE-CANOPEN.1.3.0
2023-08-04 10:02:02,337 [WARN] PackLoader:240 - Cannot read IP mode file for STMicroelectronics.X-CUBE-TOUCHGFX.4.22.0
2023-08-04 10:02:02,348 [INFO] LogOutputStream:77 - [STDOUT_REDIRECT] 1 : Invalid condition id : UX_CORESTACK_Condition cause : null
2023-08-04 10:02:02,348 [INFO] LogOutputStream:77 - [STDOUT_REDIRECT] 1 : Invalid condition id : UX_CORESTACK_Condition cause : null
2023-08-04 10:02:02,349 [INFO] LogOutputStream:77 - [STDOUT_REDIRECT] 1 : Invalid condition id : UX_CORESTACK_Condition cause : null
2023-08-04 10:02:02,349 [INFO] LogOutputStream:77 - [STDOUT_REDIRECT] 1 : Invalid condition id : UX_CORESTACK_Condition cause : null
2023-08-04 10:02:02,350 [INFO] LogOutputStream:77 - [STDOUT_REDIRECT] 1 : Invalid condition id : UX_CORESTACK_Condition cause : null
2023-08-04 10:02:02,352 [WARN] PackLoader:240 - Cannot read IP mode file for STMicroelectronics.X-CUBE-AZRTOS-WL.2.0.0
2023-08-04 10:02:02,360 [WARN] PackLoader:240 - Cannot read IP mode file for WES.I-CUBE-Cesium.1.3.0
2023-08-04 10:02:02,367 [WARN] PackLoader:240 - Cannot read IP mode file for STMicroelectronics.X-CUBE-BLE2.3.3.0
2023-08-04 10:02:02,375 [WARN] PackLoader:240 - Cannot read IP mode file for STMicroelectronics.X-CUBE-ALGOBUILD.1.3.0
2023-08-04 10:02:02,390 [WARN] PackLoader:240 - Cannot read IP mode file for STMicroelectronics.X-CUBE-AZRTOS-G0.1.1.0
2023-08-04 10:02:02,398 [WARN] PackLoader:240 - Cannot read IP mode file for STMicroelectronics.X-CUBE-NFC4.3.0.0
2023-08-04 10:02:02,399 [INFO] WebApp:753 - Register for checkConnection events
2023-08-04 10:02:02,399 [INFO] WebApp:390 - Apply proxy settings
2023-08-04 10:02:02,399 [INFO] WebApp:475 - Chromium requires no authentication
2023-08-04 10:02:02,404 [INFO] WebApp:418 - Direct internet connection detected
2023-08-04 10:02:02,406 [WARN] PackLoader:240 - Cannot read IP mode file for STMicroelectronics.FP-ATR-SIGFOX1.3.2.0
2023-08-04 10:02:02,425 [WARN] PackLoader:240 - Cannot read IP mode file for SEGGER.I-CUBE-embOS.1.3.1
2023-08-04 10:02:02,448 [WARN] PackLoader:240 - Cannot read IP mode file for STMicroelectronics.X-CUBE-GNSS1.6.0.0
2023-08-04 10:02:02,463 [WARN] PackLoader:240 - Cannot read IP mode file for STMicroelectronics.X-CUBE-AZRTOS-F4.1.1.0
2023-08-04 10:02:02,471 [WARN] PackLoader:240 - Cannot read IP mode file for wolfSSL.I-CUBE-wolfSSL.5.6.3
2023-08-04 10:02:02,498 [WARN] PackLoader:240 - Cannot read IP mode file for STMicroelectronics.X-CUBE-MEMS1.9.6.0
2023-08-04 10:02:02,560 [INFO] WebApp:188 - Starting web application
2023-08-04 10:02:02,560 [INFO] WebApp:520 - Web application path used C:\ST\STM32CubeIDE_1.13.0\STM32CubeIDE\plugins\com.st.stm32cube.common.mx_6.9.0.202307051724\db\plugins\mcufinder\reactClient1\index.html
2023-08-04 10:02:02,567 [WARN] PackLoader:240 - Cannot read IP mode file for STMicroelectronics.X-CUBE-BLEMGR.2.0.0
2023-08-04 10:02:02,585 [WARN] ConditionMgr:438 - getConditionDescription Invalid condition id : UX DEVICE CLASS RTOS Condition cause : null
2023-08-04 10:02:02,585 [WARN] ConditionMgr:438 - getConditionDescription Invalid condition id : UX DEVICE CLASS RTOS Condition cause : null
2023-08-04 10:02:02,586 [WARN] PackLoader:240 - Cannot read IP mode file for STMicroelectronics.X-CUBE-AZRTOS-H7.3.1.0
2023-08-04 10:02:02,587 [WARN] ConditionMgr:1039 - genDependencies : Invalid condition id : UX DEVICE CLASS RTOS Condition cause : null
2023-08-04 10:02:02,587 [WARN] ConditionMgr:1039 - genDependencies : Invalid condition id : UX DEVICE CLASS RTOS Condition cause : null
2023-08-04 10:02:02,587 [WARN] ConditionMgr:1039 - genDependencies : Invalid condition id : UX DEVICE CLASS RTOS Condition cause : null
2023-08-04 10:02:02,587 [WARN] ConditionMgr:1039 - genDependencies : Invalid condition id : UX DEVICE CLASS RTOS Condition cause : null
2023-08-04 10:02:02,587 [WARN] ConditionMgr:1039 - genDependencies : Invalid condition id : UX DEVICE CLASS RTOS Condition cause : null
2023-08-04 10:02:02,596 [WARN] PackLoader:240 - Cannot read IP mode file for STMicroelectronics.X-CUBE-NFC7.1.0.1
2023-08-04 10:02:02,605 [WARN] PackLoader:240 - Cannot read IP mode file for STMicroelectronics.X-CUBE-EEPRMA1.4.1.0
2023-08-04 10:02:02,621 [WARN] ConditionMgr:438 - getConditionDescription Invalid condition id : LAN8742 Phy interface Condition cause : null
2023-08-04 10:02:02,621 [WARN] PackLoader:240 - Cannot read IP mode file for STMicroelectronics.X-CUBE-AZRTOS-L4.2.0.0
2023-08-04 10:02:02,621 [WARN] ConditionMgr:1039 - genDependencies : Invalid condition id : LAN8742 Phy interface Condition cause : null
2023-08-04 10:02:02,622 [WARN] ConditionMgr:1039 - genDependencies : Invalid condition id : LAN8742 Phy interface Condition cause : null
2023-08-04 10:02:02,622 [WARN] ConditionMgr:1039 - genDependencies : Invalid condition id : LAN8742 Phy interface Condition cause : null
2023-08-04 10:02:02,630 [WARN] PackLoader:240 - Cannot read IP mode file for STMicroelectronics.X-CUBE-SFXS2LP1.4.0.0
2023-08-04 10:02:02,638 [WARN] PackLoader:240 - Cannot read IP mode file for STMicroelectronics.X-CUBE-ISPU.1.1.0
2023-08-04 10:02:02,651 [WARN] PackLoader:240 - Cannot read IP mode file for STMicroelectronics.X-CUBE-FREERTOS.1.0.1
2023-08-04 10:02:02,667 [WARN] PackLoader:240 - Cannot read IP mode file for STMicroelectronics.X-CUBE-AZRTOS-L5.1.1.0
2023-08-04 10:02:02,676 [WARN] PackLoader:240 - Cannot read IP mode file for STMicroelectronics.X-CUBE-AI.8.0.1
2023-08-04 10:02:02,688 [WARN] PackLoader:240 - Cannot read IP mode file for STMicroelectronics.X-CUBE-SUBG2.5.0.0
2023-08-04 10:02:02,707 [WARN] PackLoader:240 - Cannot read IP mode file for STMicroelectronics.X-CUBE-TOF1.3.3.1
2023-08-04 10:02:02,725 [WARN] PackLoader:240 - Cannot read IP mode file for STMicroelectronics.X-CUBE-AZRTOS-G4.2.0.0
2023-08-04 10:02:02,736 [WARN] PackLoader:240 - Cannot read IP mode file for portGmbH.I-Cube-SoM-uGOAL.1.1.0
2023-08-04 10:02:02,744 [WARN] PackLoader:240 - Cannot read IP mode file for STMicroelectronics.X-CUBE-ALS.1.0.1
2023-08-04 10:02:02,760 [WARN] PackLoader:240 - Cannot read IP mode file for STMicroelectronics.X-CUBE-AZRTOS-WB.1.1.0
2023-08-04 10:02:02,768 [WARN] PackLoader:240 - Cannot read IP mode file for STMicroelectronics.FP-ATR-ASTRA1.2.0.0
2023-08-04 10:02:02,768 [INFO] ThirdParty:978 - Integrity check success = true
2023-08-04 10:02:02,769 [INFO] IntegrityCheckThread:100 - exiting critical section [integrity check]
2023-08-04 10:02:02,769 [INFO] IntegrityCheckThread:103 - End integrity checks thread
2023-08-04 10:02:23,146 [ERROR] LogOutputStream:75 - [STDERR_REDIRECT] SLF4J: Failed to load class "org.slf4j.impl.StaticLoggerBinder".
2023-08-04 10:02:23,146 [ERROR] LogOutputStream:75 - [STDERR_REDIRECT] SLF4J: Defaulting to no-operation (NOP) logger implementation
2023-08-04 10:02:23,147 [ERROR] LogOutputStream:75 - [STDERR_REDIRECT] SLF4J: See http://www.slf4j.org/codes.html#StaticLoggerBinder for further details.
2023-08-04 10:06:24,078 [INFO] McuFinderGlobals:63 - Set McuFinder mode to 2 (CubeIDE integrated)
2023-08-04 10:06:24,093 [INFO] MainUpdater:2868 - connection check result : 10
2023-08-04 10:06:24,097 [INFO] MainUpdater:2868 - connection check result : 10
2023-08-04 10:06:24,192 [INFO] MicroXplorer:468 - Change Database Path : 
2023-08-04 10:06:24,192 [INFO] MicroXplorer:498 - Change Database Version : DB.6.0.90
2023-08-04 10:06:24,194 [WARN] ThirdParty:871 - waiting for thirdparty lock release [close project]
2023-08-04 10:06:24,194 [INFO] ThirdParty:873 - entering critical section [close project]
2023-08-04 10:06:24,195 [INFO] ThirdParty:883 - exiting critical section [close project]
2023-08-04 10:06:24,195 [INFO] PinOutPanel:1499 - setPackage(No Configuration,No Configuration)
2023-08-04 10:06:24,198 [INFO] UtilMem:75 - Begin LoadConfig() Used Memory: 506553848 Bytes (854589440)
2023-08-04 10:06:24,201 [INFO] MicroXplorer:468 - Change Database Path : C:/Users/biomech/.stm32cubemx/databases/DB.6.0.60/db/
2023-08-04 10:06:24,201 [INFO] MicroXplorer:498 - Change Database Version : DB.6.0.60
2023-08-04 10:06:25,494 [INFO] OpenFileManager:308 - Change cursor
2023-08-04 10:06:25,532 [INFO] Mcu:1946 - Initializing MCU STM32F446R(C-E)Tx STM32F446RETx STM32F446RET6
2023-08-04 10:06:26,407 [INFO] Context:659 - Trying to add GPIOservice into a context  which must be forbidden
2023-08-04 10:06:26,726 [INFO] RtosManager:555 - Registered RTOS mode: class=CMSIS, group=RTOS, mode=CMSIS_V1, owner=FREERTOS
2023-08-04 10:06:26,726 [INFO] RtosManager:555 - Registered RTOS mode: class=CMSIS, group=RTOS2, mode=CMSIS_V2, owner=FREERTOS
2023-08-04 10:06:26,726 [INFO] RtosManager:555 - Registered RTOS mode: class=RTOS, group=Core, mode=CMSIS_V1, owner=FREERTOS
2023-08-04 10:06:26,726 [INFO] RtosManager:555 - Registered RTOS mode: class=RTOS, group=Core, mode=CMSIS_V2, owner=FREERTOS
2023-08-04 10:06:26,726 [WARN] ModelIntegratedComponent:184 - Missing modes for component STMicroelectronics:FreeRTOS:0.0.1:STMicroelectronics:RTOS:FreeRTOS:Core:::10.2.0:
2023-08-04 10:06:26,732 [WARN] ModelIntegratedComponent:63 - No mode defined for component null
2023-08-04 10:06:26,732 [WARN] ModelIntegratedComponent:63 - No mode defined for component null
2023-08-04 10:06:26,732 [WARN] ModelIntegratedComponent:63 - No mode defined for component null
2023-08-04 10:06:26,732 [WARN] ModelIntegratedComponent:63 - No mode defined for component null
2023-08-04 10:06:26,732 [WARN] ModelIntegratedComponent:63 - No mode defined for component null
2023-08-04 10:06:26,732 [WARN] ModelIntegratedComponent:63 - No mode defined for component null
2023-08-04 10:06:26,732 [WARN] ModelIntegratedComponent:63 - No mode defined for component null
2023-08-04 10:06:26,732 [WARN] ModelIntegratedComponent:63 - No mode defined for component null
2023-08-04 10:06:26,732 [WARN] ModelIntegratedComponent:63 - No mode defined for component null
2023-08-04 10:06:26,732 [WARN] ModelIntegratedComponent:63 - No mode defined for component null
2023-08-04 10:06:26,732 [WARN] ModelIntegratedComponent:63 - No mode defined for component null
2023-08-04 10:06:26,732 [WARN] ModelIntegratedComponent:63 - No mode defined for component null
2023-08-04 10:06:26,732 [WARN] ModelIntegratedComponent:63 - No mode defined for component null
2023-08-04 10:06:26,732 [WARN] ModelIntegratedComponent:63 - No mode defined for component null
2023-08-04 10:06:26,732 [WARN] ModelIntegratedComponent:63 - No mode defined for component null
2023-08-04 10:06:26,732 [WARN] ModelIntegratedComponent:63 - No mode defined for component null
2023-08-04 10:06:26,732 [WARN] ModelIntegratedComponent:63 - No mode defined for component null
2023-08-04 10:06:26,732 [WARN] ModelIntegratedComponent:63 - No mode defined for component null
2023-08-04 10:06:26,732 [WARN] ModelIntegratedComponent:63 - No mode defined for component null
2023-08-04 10:06:26,732 [WARN] ModelIntegratedComponent:63 - No mode defined for component null
2023-08-04 10:06:26,732 [WARN] ModelIntegratedComponent:63 - No mode defined for component null
2023-08-04 10:06:26,733 [WARN] ModelIntegratedComponent:63 - No mode defined for component null
2023-08-04 10:06:26,733 [WARN] ModelIntegratedComponent:63 - No mode defined for component null
2023-08-04 10:06:26,733 [WARN] ModelIntegratedComponent:63 - No mode defined for component null
2023-08-04 10:06:26,733 [WARN] ModelIntegratedComponent:63 - No mode defined for component null
2023-08-04 10:06:26,733 [WARN] ModelIntegratedComponent:63 - No mode defined for component null
2023-08-04 10:06:26,733 [WARN] ModelIntegratedComponent:63 - No mode defined for component null
2023-08-04 10:06:26,733 [WARN] ModelIntegratedComponent:63 - No mode defined for component null
2023-08-04 10:06:26,733 [WARN] ModelIntegratedComponent:63 - No mode defined for component null
2023-08-04 10:06:26,733 [WARN] ModelIntegratedComponent:63 - No mode defined for component null
2023-08-04 10:06:26,733 [WARN] ModelIntegratedComponent:63 - No mode defined for component null
2023-08-04 10:06:26,733 [WARN] ModelIntegratedComponent:63 - No mode defined for component null
2023-08-04 10:06:26,733 [WARN] ModelIntegratedComponent:63 - No mode defined for component null
2023-08-04 10:06:26,744 [INFO] ThirdPartyModel:298 - Start build external matchings
2023-08-04 10:06:26,853 [INFO] ThirdPartyModel:316 - End build external matchings
2023-08-04 10:06:26,860 [INFO] ImportTextPane:194 - (OptionalMessage_ERROR) IP (RCC) : Invalid parameter (48MHZClocksFreq_Value)
2023-08-04 10:06:26,860 [INFO] ImportTextPane:194 - (OptionalMessage_ERROR) IP (RCC) : Invalid parameter (EthernetFreq_Value)
2023-08-04 10:06:26,861 [INFO] ImportTextPane:194 - (OptionalMessage_ERROR) IP (RCC) : Parameter (FLatency) has Id (AdvancedSettings) currently not set
2023-08-04 10:06:26,861 [INFO] ImportTextPane:194 - (OptionalMessage_ERROR) IP (RCC) : Invalid parameter (FamilyName)
2023-08-04 10:06:26,861 [INFO] ImportTextPane:194 - (OptionalMessage_ERROR) IP (RCC) : Invalid parameter (I2SClocksFreq_Value)
2023-08-04 10:06:26,862 [INFO] ImportTextPane:194 - (OptionalMessage_ERROR) IP (RCC) : Parameter (SDIOFreq_Value) has invalid value (168000000)
2023-08-04 10:06:26,862 [INFO] ImportTextPane:194 - (OptionalMessage_ERROR) IP (RCC) : Parameter (USBFreq_Value) has invalid value (168000000)
2023-08-04 10:06:26,863 [INFO] ImportTextPane:194 - (OptionalMessage_ERROR) IP (RCC) : Invalid parameter (VCOInputMFreq_Value)
2023-08-04 10:06:26,863 [INFO] ImportTextPane:194 - (OptionalMessage_ERROR) IP (RCC) : Invalid parameter (VcooutputI2S)
2023-08-04 10:06:27,088 [INFO] UtilMem:75 - End LoadConfig() Used Memory: 788473128 Bytes (1017118720)
2023-08-04 10:06:27,160 [INFO] ApiDb:581 - Connected to CubeFinder SQLite database (C:\Users\biomech\.stmcufinder\plugins\mcufinder\mcu\cube-finder-db.db)
2023-08-04 10:06:27,208 [INFO] ApiDb:668 - CubeFinder database Data Model version=2.1
2023-08-04 10:06:27,208 [INFO] ApiDb:669 - CubeFinder database Configuration version=3.0.37
2023-08-04 10:06:27,209 [INFO] ApiDb:670 - CubeFinder database generation date=2023-06-26 (1687786131)
2023-08-04 10:06:27,209 [INFO] ApiDb:671 - CubeFinder database FW Pack versions=[FP-ATR-ASTRA1_V2.0.0, FP-SNS-FLIGHT1_V5.0.1, FP-SNS-MOTENV1_V4.3.1, STM32Cube_FW_C0_V1.1.0, STM32Cube_FW_F4_V1.27.1, STM32Cube_FW_F7_V1.17.0, STM32Cube_FW_G0_V1.6.1, STM32Cube_FW_G4_V1.5.1, STM32Cube_FW_H5_V0.5.1, STM32Cube_FW_H5_V1.1.0, STM32Cube_FW_H7_V1.11.0, STM32Cube_FW_L0_V1.12.2, STM32Cube_FW_L5_V1.5.0, STM32Cube_FW_U5_V1.3.0, STM32Cube_FW_U5_V1.3.0RC4, STM32Cube_FW_WBA_V1.0.0RC1, STM32Cube_FW_WBA_V1.1.0, STM32Cube_FW_WBA_V1.1.0RC1, STM32Cube_FW_WB_V1.15.0RC1, STM32Cube_FW_WB_V1.16.0, STM32Cube_FW_WB_V1.16.0RC2, STM32Cube_FW_WB_V1.17.0, STM32Cube_FW_WL_V1.3.0, X-CUBE-ALGOBUILD_V1.3.0, X-CUBE-ALS_V1.0.1, X-CUBE-AZRTOS-F4_V1.1.0, X-CUBE-AZRTOS-F7_V1.1.0, X-CUBE-AZRTOS-G0_V1.1.0, X-CUBE-AZRTOS-G4_V2.0.0, X-CUBE-AZRTOS-H7_V3.1.0, X-CUBE-AZRTOS-L4_V1.0.0, X-CUBE-AZRTOS-L4_V2.0.0, X-CUBE-AZRTOS-L5_V1.1.0, X-CUBE-AZRTOS-WB_V1.1.0, X-CUBE-AZRTOS-WL_V2.0.0, X-CUBE-BLE1_V6.2.4, X-CUBE-BLE2_V3.3.0, X-CUBE-BLEMGR_V2.0.0, X-CUBE-EEPRMA1_V4.1.0, X-CUBE-FREERTOS_V1.0.1, X-CUBE-GNSS1_V6.0.0, X-CUBE-MEMS1_V9.1.0, X-CUBE-MEMS1_V9.4.0, X-CUBE-MEMS1_V9.6.0, X-CUBE-NFC4_V3.0.0, X-CUBE-NFC7_V1.0.0, X-CUBE-SFXS2LP1_V4.0.0, X-CUBE-SUBG2_V5.0.0]
2023-08-04 10:06:28,474 [INFO] ApiDb:240 - Found 323 in-development CPN: [B-G473E-ZEST1S, B-WB1M-WPAN1, B-WL5M-SUBG1, NUCLEO-C031C6, NUCLEO-H503RB, NUCLEO-H563ZI, NUCLEO-U545RE-Q, NUCLEO-U5A5ZJ-Q, NUCLEO-WBA52CG, STEVAL-PROTEUS1, STEVAL-SMARTAG2, STEVAL-STWINBX1, STM320518-EVAL, STM32C0116-DK, STM32C011D6Y3TR, STM32C011D6Y6TR, STM32C011F4P3, STM32C011F4P6, STM32C011F4U3, STM32C011F4U6TR, STM32C011F6P3, STM32C011F6P6, STM32C011F6U3, STM32C011F6U6TR, STM32C011J4M3, STM32C011J4M6, STM32C011J6M3, STM32C011J6M6, STM32C0316-DK, STM32C031C4T3, STM32C031C4T6, STM32C031C4U3, STM32C031C4U6, STM32C031C6T3, STM32C031C6T6, STM32C031C6U3, STM32C031C6U6, STM32C031F4P3, STM32C031F4P6, STM32C031F6P3, STM32C031F6P6, STM32C031G4U3, STM32C031G4U6, STM32C031G6U3, STM32C031G6U6, STM32C031K4T3, STM32C031K4T6, STM32C031K4U3, STM32C031K4U6, STM32C031K6T3, STM32C031K6T6, STM32C031K6U3, STM32C031K6U6, STM32G071K8TXN, STM32G071K8UXN, STM32G081GBU6N, STM32G081KBT6N, STM32G081KBUXN, STM32G0B1CCT6N, STM32G0B1KCT6, STM32G0B1NEY6TR, STM32G0B1RCT6N, STM32G0C1CCT6, STM32G0C1CCT6N, STM32G0C1CCU6N, STM32G0C1CET6N, STM32G0C1CEU6N, STM32G0C1KCT6, STM32G0C1NEY6TR, STM32G0C1RCI6N, STM32G0C1RCT6N, STM32G0C1REI6N, STM32G0C1RET6N, STM32G0C1VCI6, STM32G0C1VEI6, STM32G471CCT6, STM32G471CCU6, STM32G471CET3, STM32G471CET6, STM32G471CEU3, STM32G471CEU6, STM32G471MCT6, STM32G471MET3, STM32G471MET6, STM32G471MEY6TR, STM32G471QCT6, STM32G471QET3, STM32G471RCT6, STM32G471RET3, STM32G471RET6, STM32G471VCH6, STM32G471VCI6, STM32G471VCT6, STM32G471VEH3, STM32G471VEH6, STM32G471VEI3, STM32G471VEI6, STM32G471VET3, STM32G471VET6, STM32G474CCT6, STM32H503CBT6, STM32H503CBU6, STM32H503EBY6TR, STM32H503KBU6, STM32H503RBT6, STM32H562AGI6, STM32H562AII6, STM32H562IGK6, STM32H562IGT6, STM32H562IIK6, STM32H562IIT6, STM32H562RGT6, STM32H562RGV6, STM32H562RIT6, STM32H562RIV6, STM32H562VGT6, STM32H562VIT6, STM32H562ZGT6, STM32H562ZIT6, STM32H563AGI6, STM32H563AII3Q, STM32H563AII6, STM32H563IGK6, STM32H563IGT6, STM32H563IIK3Q, STM32H563IIK6, STM32H563IIT3Q, STM32H563IIT6, STM32H563MIY3QTR, STM32H563RGT6, STM32H563RGV6, STM32H563RIT6, STM32H563RIV6, STM32H563VGT6, STM32H563VIT3Q, STM32H563VIT6, STM32H563ZGT6, STM32H563ZIT3Q, STM32H563ZIT6, STM32H573AII3Q, STM32H573AII6, STM32H573I-DK, STM32H573IIK3Q, STM32H573IIK6, STM32H573IIT3Q, STM32H573IIT6, STM32H573MIY3QTR, STM32H573RIT6, STM32H573RIV6, STM32H573VIT3Q, STM32H573VIT6, STM32H573ZIT3Q, STM32H573ZIT6, STM32L4R5QGI6STR, STM32MP131AAE3, STM32MP131AAF3, STM32MP131AAG3, STM32MP131CAE3, STM32MP131CAF3, STM32MP131CAG3, STM32MP131DAE7, STM32MP131DAF7, STM32MP131DAG7, STM32MP131FAE7, STM32MP131FAF7, STM32MP131FAG7, STM32MP133AAE3, STM32MP133AAF3, STM32MP133AAG3, STM32MP133CAE3, STM32MP133CAF3, STM32MP133CAG3, STM32MP133DAE7, STM32MP133DAF7, STM32MP133DAG7, STM32MP133FAE7, STM32MP133FAF7, STM32MP133FAG7, STM32MP135AAE3, STM32MP135AAF3, STM32MP135AAG3, STM32MP135CAE3, STM32MP135CAF3, STM32MP135CAG3, STM32MP135DAE7, STM32MP135DAF7, STM32MP135DAG7, STM32MP135F-DK, STM32MP135FAE7, STM32MP135FAF7, STM32MP135FAF7T, STM32MP135FAF7U, STM32MP135FAG7, STM32U535CBT6, STM32U535CBT6Q, STM32U535CBU6, STM32U535CBU6Q, STM32U535CCT6, STM32U535CCT6Q, STM32U535CCU6, STM32U535CCU6Q, STM32U535CET6, STM32U535CET6Q, STM32U535CEU6, STM32U535CEU6Q, STM32U535JEY6QTR, STM32U535NCY6QTR, STM32U535NEY6QTR, STM32U535RBI6, STM32U535RBI6Q, STM32U535RBT6, STM32U535RBT6Q, STM32U535RCI6, STM32U535RCI6Q, STM32U535RCT6, STM32U535RCT6Q, STM32U535REI6, STM32U535REI6Q, STM32U535RET6, STM32U535RET6Q, STM32U535VCI6, STM32U535VCI6Q, STM32U535VCT6, STM32U535VCT6Q, STM32U535VEI6, STM32U535VEI6Q, STM32U535VET6, STM32U535VET6Q, STM32U545CET6, STM32U545CET6Q, STM32U545CEU6, STM32U545CEU6Q, STM32U545JEY6QTR, STM32U545NEY6QTR, STM32U545REI6, STM32U545REI6Q, STM32U545RET6, STM32U545RET6Q, STM32U545VEI6, STM32U545VEI6Q, STM32U545VET6, STM32U545VET6Q, STM32U595AIH6, STM32U595AIH6Q, STM32U595AJH6, STM32U595AJH6Q, STM32U595QII6, STM32U595QII6Q, STM32U595QJI6, STM32U595QJI6Q, STM32U595RIT6, STM32U595RIT6Q, STM32U595RJT6, STM32U595RJT6Q, STM32U595VIT6, STM32U595VIT6Q, STM32U595VJT6, STM32U595VJT6Q, STM32U595ZIT6, STM32U595ZIT6Q, STM32U595ZIY6QTR, STM32U595ZJT6, STM32U595ZJT6Q, STM32U595ZJY6QTR, STM32U599BJY6QTR, STM32U599NIH6Q, STM32U599NJH6Q, STM32U599VIT6Q, STM32U599VJT6, STM32U599VJT6Q, STM32U599ZIT6Q, STM32U599ZIY6QTR, STM32U599ZJT6Q, STM32U599ZJY6QTR, STM32U5A5AJH6, STM32U5A5AJH6Q, STM32U5A5QJI6, STM32U5A5QJI6Q, STM32U5A5RJT6, STM32U5A5RJT6Q, STM32U5A5VJT6, STM32U5A5VJT6Q, STM32U5A5ZJT6, STM32U5A5ZJT6Q, STM32U5A5ZJY6QTR, STM32U5A9BJY6QTR, STM32U5A9J-DK, STM32U5A9NJH6Q, STM32U5A9VJT6Q, STM32U5A9ZJT6Q, STM32U5A9ZJY6QTR, STM32U5F7VIT6, STM32U5F7VIT6Q, STM32U5F7VJT6, STM32U5F7VJT6Q, STM32U5F9BJY6QTR, STM32U5F9NJH6Q, STM32U5F9VIT6Q, STM32U5F9VJT6Q, STM32U5F9ZIJ6QTR, STM32U5F9ZIT6Q, STM32U5F9ZJJ6QTR, STM32U5F9ZJT6Q, STM32U5G7VJT6, STM32U5G7VJT6Q, STM32U5G9BJY6QTR, STM32U5G9J-DK1, STM32U5G9J-DK2, STM32U5G9NJH6Q, STM32U5G9VJT6Q, STM32U5G9ZJJ6QTR, STM32U5G9ZJT6Q, STM32WB1MMCH6, STM32WBA52CEU6, STM32WBA52CEU6T, STM32WBA52CGU6, STM32WBA52CGU6T, STM32WBA52KEU6, STM32WBA52KEU6T, STM32WBA52KGU6, STM32WBA52KGU6T, STM32WL5MOCH6, STM32WL5MOCH6TR]
2023-08-04 10:06:28,476 [INFO] DbMcus:217 - Found 3848 MCUs, 3848 are supported
2023-08-04 10:06:28,479 [INFO] ApiDb:423 - Load user favorites file C:\Users\biomech/.stm32cubeide/favorites.mcus.txt: 1 item(s)
2023-08-04 10:06:28,480 [INFO] ApiDb:427 - User favorites MCUs=[STM32F446RET6]
2023-08-04 10:06:28,480 [INFO] DbMcus:223 - Set 1 / 1 favorites MCUs
2023-08-04 10:06:28,700 [WARN] ThirdParty:833 - waiting for thirdparty lock release [change project]
2023-08-04 10:06:28,700 [INFO] ThirdParty:835 - entering critical section [change project]
2023-08-04 10:06:28,700 [INFO] ThirdParty:1030 - CMSIS Pack Vendor :STMicroelectronics X-CUBE-ISPU 1.1.0
2023-08-04 10:06:28,700 [INFO] ThirdParty:1030 - CMSIS Pack Vendor :STMicroelectronics USBPD 4.1
2023-08-04 10:06:28,700 [INFO] ThirdParty:1030 - CMSIS Pack Vendor :STMicroelectronics X-CUBE-GNSS1 6.0.0
2023-08-04 10:06:28,700 [INFO] ThirdParty:1030 - CMSIS Pack Vendor :STMicroelectronics USB_HOST 2.0.0
2023-08-04 10:06:28,700 [INFO] ThirdParty:1030 - CMSIS Pack Vendor :STMicroelectronics X-CUBE-AZRTOS-F4 1.1.0
2023-08-04 10:06:28,700 [INFO] ThirdParty:1030 - CMSIS Pack Vendor :STMicroelectronics LIBJPEG 8.0.0
2023-08-04 10:06:28,700 [INFO] ThirdParty:1030 - CMSIS Pack Vendor :wolfSSL I-CUBE-wolfSSL 5.6.3
2023-08-04 10:06:28,700 [INFO] ThirdParty:1030 - CMSIS Pack Vendor :STMicroelectronics X-CUBE-SMBUS 2.1.0
2023-08-04 10:06:28,700 [INFO] ThirdParty:1030 - CMSIS Pack Vendor :STMicroelectronics USB_DEVICE 3.0.0
2023-08-04 10:06:28,700 [INFO] ThirdParty:1030 - CMSIS Pack Vendor :STMicroelectronics X-CUBE-FREERTOS 1.0.1
2023-08-04 10:06:28,700 [INFO] ThirdParty:1030 - CMSIS Pack Vendor :STMicroelectronics X-CUBE-AZRTOS-F7 1.1.0
2023-08-04 10:06:28,700 [INFO] ThirdParty:1030 - CMSIS Pack Vendor :STMicroelectronics USB_DEVICE 2.0.0
2023-08-04 10:06:28,700 [INFO] ThirdParty:1030 - CMSIS Pack Vendor :STMicroelectronics X-CUBE-MEMS1 9.6.0
2023-08-04 10:06:28,700 [INFO] ThirdParty:1030 - CMSIS Pack Vendor :STMicroelectronics FP-SNS-MOTENV1 4.3.2
2023-08-04 10:06:28,700 [INFO] ThirdParty:1030 - CMSIS Pack Vendor :STMicroelectronics X-CUBE-ALGOBUILD 1.3.0
2023-08-04 10:06:28,700 [INFO] ThirdParty:1030 - CMSIS Pack Vendor :STMicroelectronics X-CUBE-BLE1 6.2.4
2023-08-04 10:06:28,700 [INFO] ThirdParty:1030 - CMSIS Pack Vendor :STMicroelectronics X-CUBE-AZRTOS-L5 1.1.0
2023-08-04 10:06:28,700 [INFO] ThirdParty:1030 - CMSIS Pack Vendor :STMicroelectronics FreeRTOS 0.0.1
2023-08-04 10:06:28,700 [INFO] ThirdParty:1030 - CMSIS Pack Vendor :STMicroelectronics X-CUBE-AZRTOS-G0 1.1.0
2023-08-04 10:06:28,700 [INFO] ThirdParty:1030 - CMSIS Pack Vendor :STMicroelectronics X-CUBE-BLEMGR 2.0.0
2023-08-04 10:06:28,700 [INFO] ThirdParty:1030 - CMSIS Pack Vendor :STMicroelectronics X-CUBE-AI 8.0.1
2023-08-04 10:06:28,700 [INFO] ThirdParty:1030 - CMSIS Pack Vendor :STMicroelectronics X-CUBE-NFC4 3.0.0
2023-08-04 10:06:28,700 [INFO] ThirdParty:1030 - CMSIS Pack Vendor :STMicroelectronics X-CUBE-SUBG2 5.0.0
2023-08-04 10:06:28,700 [INFO] ThirdParty:1030 - CMSIS Pack Vendor :STMicroelectronics STM32_WPAN 1.0.0
2023-08-04 10:06:28,700 [INFO] ThirdParty:1030 - CMSIS Pack Vendor :STMicroelectronics lwIP 2.0.3
2023-08-04 10:06:28,700 [INFO] ThirdParty:1030 - CMSIS Pack Vendor :STMicroelectronics FP-SNS-FLIGHT1 5.0.2
2023-08-04 10:06:28,700 [INFO] ThirdParty:1030 - CMSIS Pack Vendor :STMicroelectronics USB_HOST 1.0.0
2023-08-04 10:06:28,700 [INFO] ThirdParty:1030 - CMSIS Pack Vendor :STMicroelectronics X-CUBE-TOF1 3.3.1
2023-08-04 10:06:28,700 [INFO] ThirdParty:1030 - CMSIS Pack Vendor :STMicroelectronics X-CUBE-AZRTOS-G4 2.0.0
2023-08-04 10:06:28,700 [INFO] ThirdParty:1030 - CMSIS Pack Vendor :STMicroelectronics PDM2PCM 3.1.0
2023-08-04 10:06:28,700 [INFO] ThirdParty:1030 - CMSIS Pack Vendor :STMicroelectronics X-CUBE-AZRTOS-H7 3.1.0
2023-08-04 10:06:28,700 [INFO] ThirdParty:1030 - CMSIS Pack Vendor :STMicroelectronics PDM2PCM 3.3.0
2023-08-04 10:06:28,700 [INFO] ThirdParty:1030 - CMSIS Pack Vendor :STMicroelectronics X-CUBE-DISPLAY 3.0.0
2023-08-04 10:06:28,700 [INFO] ThirdParty:1030 - CMSIS Pack Vendor :STMicroelectronics FP-ATR-SIGFOX1 3.2.0
2023-08-04 10:06:28,700 [INFO] ThirdParty:1030 - CMSIS Pack Vendor :STMicroelectronics HAL Drivers 0.0.0
2023-08-04 10:06:28,700 [INFO] ThirdParty:1030 - CMSIS Pack Vendor :STMicroelectronics MBEDTLS 2.16.2
2023-08-04 10:06:28,700 [INFO] ThirdParty:1030 - CMSIS Pack Vendor :emotas I-CUBE-CANOPEN 1.3.0
2023-08-04 10:06:28,700 [INFO] ThirdParty:1030 - CMSIS Pack Vendor :STMicroelectronics X-CUBE-TOUCHGFX 4.22.0
2023-08-04 10:06:28,700 [INFO] ThirdParty:1030 - CMSIS Pack Vendor :STMicroelectronics X-CUBE-NFC7 1.0.1
2023-08-04 10:06:28,700 [INFO] ThirdParty:1030 - CMSIS Pack Vendor :STMicroelectronics MBEDTLS 2.14.1
2023-08-04 10:06:28,700 [INFO] ThirdParty:1030 - CMSIS Pack Vendor :STMicroelectronics X-CUBE-EEPRMA1 4.1.0
2023-08-04 10:06:28,700 [INFO] ThirdParty:1030 - CMSIS Pack Vendor :portGmbH I-Cube-SoM-uGOAL 1.1.0
2023-08-04 10:06:28,700 [INFO] ThirdParty:1030 - CMSIS Pack Vendor :STMicroelectronics X-CUBE-ALS 1.0.1
2023-08-04 10:06:28,700 [INFO] ThirdParty:1030 - CMSIS Pack Vendor :STMicroelectronics ThreadX 1.0.0
2023-08-04 10:06:28,701 [INFO] ThirdParty:1030 - CMSIS Pack Vendor :STMicroelectronics X-CUBE-AZRTOS-WB 1.1.0
2023-08-04 10:06:28,701 [INFO] ThirdParty:1030 - CMSIS Pack Vendor :STMicroelectronics X-CUBE-AZRTOS-WL 2.0.0
2023-08-04 10:06:28,701 [INFO] ThirdParty:1030 - CMSIS Pack Vendor :SEGGER I-CUBE-embOS 1.3.1
2023-08-04 10:06:28,701 [INFO] ThirdParty:1030 - CMSIS Pack Vendor :STMicroelectronics USB_DEVICE 1.0.0
2023-08-04 10:06:28,701 [INFO] ThirdParty:1030 - CMSIS Pack Vendor :STMicroelectronics X-CUBE-AZRTOS-L4 2.0.0
2023-08-04 10:06:28,701 [INFO] ThirdParty:1030 - CMSIS Pack Vendor :STMicroelectronics ThreadX 0.0.2
2023-08-04 10:06:28,701 [INFO] ThirdParty:1030 - CMSIS Pack Vendor :WES I-CUBE-Cesium 1.3.0
2023-08-04 10:06:28,701 [INFO] ThirdParty:1030 - CMSIS Pack Vendor :STMicroelectronics FP-ATR-ASTRA1 2.0.0
2023-08-04 10:06:28,701 [INFO] ThirdParty:1030 - CMSIS Pack Vendor :STMicroelectronics lwIP 2.1.2
2023-08-04 10:06:28,701 [INFO] ThirdParty:1030 - CMSIS Pack Vendor :STMicroelectronics X-CUBE-SFXS2LP1 4.0.0
2023-08-04 10:06:28,701 [INFO] ThirdParty:1030 - CMSIS Pack Vendor :STMicroelectronics X-CUBE-BLE2 3.3.0
2023-08-04 10:06:28,701 [INFO] ThirdParty:1030 - CMSIS Pack Vendor :STMicroelectronics PDM2PCM 3.2.0
2023-08-04 10:06:28,701 [INFO] ThirdParty:841 - exiting critical section [change project]
2023-08-04 10:06:28,888 [INFO] PinOutPanel:1499 - setPackage(No Configuration,No Configuration)
2023-08-04 10:06:28,888 [INFO] PinOutPanel:1499 - setPackage(STM32F446RETx,LQFP64)
2023-08-04 10:06:29,175 [INFO] UtilMem:75 - Before build in PCC Used Memory: 532370272 Bytes (1017118720)
2023-08-04 10:06:29,691 [INFO] UtilMem:75 - After build in PCC Used Memory: 607345504 Bytes (1017118720)
2023-08-04 10:06:29,708 [INFO] IPUIPlugin:80 - create IPUIPlugin
2023-08-04 10:06:29,708 [INFO] IPUIPlugin:80 - create IPUIPlugin
2023-08-04 10:06:29,708 [INFO] IPUIPlugin:80 - create IPUIPlugin
2023-08-04 10:06:29,708 [INFO] IPUIPlugin:80 - create IPUIPlugin
2023-08-04 10:06:29,709 [INFO] IPUIPlugin:80 - create IPUIPlugin
2023-08-04 10:06:29,709 [INFO] IPUIPlugin:80 - create IPUIPlugin
2023-08-04 10:06:29,709 [INFO] IPUIPlugin:80 - create IPUIPlugin
2023-08-04 10:06:29,709 [INFO] IPUIPlugin:80 - create IPUIPlugin
2023-08-04 10:06:29,709 [INFO] IPUIPlugin:80 - create IPUIPlugin
2023-08-04 10:06:29,709 [INFO] IPUIPlugin:80 - create IPUIPlugin
2023-08-04 10:06:29,709 [INFO] IPUIPlugin:80 - create IPUIPlugin
2023-08-04 10:06:29,709 [INFO] IPUIPlugin:80 - create IPUIPlugin
2023-08-04 10:06:29,709 [INFO] IPUIPlugin:80 - create IPUIPlugin
2023-08-04 10:06:29,709 [INFO] IPUIPlugin:80 - create IPUIPlugin
2023-08-04 10:06:29,709 [INFO] IPUIPlugin:80 - create IPUIPlugin
2023-08-04 10:06:29,709 [INFO] IPUIPlugin:80 - create IPUIPlugin
2023-08-04 10:06:29,709 [INFO] IPUIPlugin:80 - create IPUIPlugin
2023-08-04 10:06:29,709 [INFO] IPUIPlugin:80 - create IPUIPlugin
2023-08-04 10:06:29,710 [INFO] IPUIPlugin:80 - create IPUIPlugin
2023-08-04 10:06:29,710 [INFO] IPUIPlugin:80 - create IPUIPlugin
2023-08-04 10:06:29,710 [INFO] IPUIPlugin:80 - create IPUIPlugin
2023-08-04 10:06:29,710 [INFO] IPUIPlugin:80 - create IPUIPlugin
2023-08-04 10:06:29,710 [INFO] IPUIPlugin:80 - create IPUIPlugin
2023-08-04 10:06:29,710 [INFO] IPUIPlugin:80 - create IPUIPlugin
2023-08-04 10:06:29,710 [INFO] IPUIPlugin:80 - create IPUIPlugin
2023-08-04 10:06:29,710 [INFO] IPUIPlugin:80 - create IPUIPlugin
2023-08-04 10:06:29,710 [INFO] IPUIPlugin:80 - create IPUIPlugin
2023-08-04 10:06:29,710 [INFO] IPUIPlugin:80 - create IPUIPlugin
2023-08-04 10:06:29,710 [INFO] IPUIPlugin:80 - create IPUIPlugin
2023-08-04 10:06:29,711 [INFO] IPUIPlugin:80 - create IPUIPlugin
2023-08-04 10:06:29,711 [INFO] IPUIPlugin:80 - create IPUIPlugin
2023-08-04 10:06:29,711 [INFO] IPUIPlugin:80 - create IPUIPlugin
2023-08-04 10:06:29,711 [INFO] IPUIPlugin:80 - create IPUIPlugin
2023-08-04 10:06:29,711 [INFO] IPUIPlugin:80 - create IPUIPlugin
2023-08-04 10:06:29,711 [INFO] IPUIPlugin:80 - create IPUIPlugin
2023-08-04 10:06:29,711 [INFO] IPUIPlugin:80 - create IPUIPlugin
2023-08-04 10:06:29,711 [INFO] IPUIPlugin:80 - create IPUIPlugin
2023-08-04 10:06:29,711 [INFO] IPUIPlugin:80 - create IPUIPlugin
2023-08-04 10:06:29,711 [INFO] IPUIPlugin:80 - create IPUIPlugin
2023-08-04 10:06:29,712 [INFO] IPUIPlugin:80 - create IPUIPlugin
2023-08-04 10:06:29,712 [INFO] IPUIPlugin:80 - create IPUIPlugin
2023-08-04 10:06:29,712 [INFO] IPUIPlugin:80 - create IPUIPlugin
2023-08-04 10:06:29,712 [INFO] IPUIPlugin:80 - create IPUIPlugin
2023-08-04 10:06:29,712 [INFO] IPUIPlugin:80 - create IPUIPlugin
2023-08-04 10:06:29,712 [INFO] IPUIPlugin:80 - create IPUIPlugin
2023-08-04 10:06:29,712 [INFO] IPUIPlugin:80 - create IPUIPlugin
2023-08-04 10:06:29,712 [INFO] IPUIPlugin:80 - create IPUIPlugin
2023-08-04 10:06:29,712 [INFO] IPUIPlugin:80 - create IPUIPlugin
2023-08-04 10:06:29,712 [INFO] IPUIPlugin:80 - create IPUIPlugin
2023-08-04 10:06:29,713 [INFO] IPUIPlugin:80 - create IPUIPlugin
2023-08-04 10:06:29,713 [INFO] IPUIPlugin:80 - create IPUIPlugin
2023-08-04 10:06:29,713 [INFO] IPUIPlugin:80 - create IPUIPlugin
2023-08-04 10:06:29,713 [INFO] IPUIPlugin:80 - create IPUIPlugin
2023-08-04 10:06:29,713 [INFO] IPUIPlugin:80 - create IPUIPlugin
2023-08-04 10:06:29,713 [INFO] IPUIPlugin:80 - create IPUIPlugin
2023-08-04 10:06:29,713 [INFO] IPUIPlugin:80 - create IPUIPlugin
2023-08-04 10:06:29,713 [INFO] IPUIPlugin:80 - create IPUIPlugin
2023-08-04 10:06:29,714 [INFO] IPUIPlugin:80 - create IPUIPlugin
2023-08-04 10:06:29,714 [INFO] IPUIPlugin:80 - create IPUIPlugin
2023-08-04 10:06:29,714 [INFO] IPUIPlugin:80 - create IPUIPlugin
2023-08-04 10:06:29,780 [INFO] ApiDbMcu:507 - Load IP Config File for PDM2PCM
2023-08-04 10:06:29,785 [WARN] IP:2114 - I2C_Coeff_DF not found: check if there is a RefParameter without a condition.
2023-08-04 10:06:29,785 [WARN] IP:2114 - Analog_Filter not found: check if there is a RefParameter without a condition.
2023-08-04 10:06:29,908 [INFO] CADModel:165 - CPN selected for project levelSTM32F446RET6
2023-08-04 10:06:29,908 [INFO] CADModel:114 - Register for checkConnection events
2023-08-04 10:06:29,950 [INFO] OpenFileManager:328 - Restore cursor
2023-08-04 10:06:30,073 [WARN] IP:2114 - I2C_Coeff_DF not found: check if there is a RefParameter without a condition.
2023-08-04 10:06:30,073 [WARN] IP:2114 - Analog_Filter not found: check if there is a RefParameter without a condition.
2023-08-04 10:06:30,074 [WARN] IP:2114 - I2C_Coeff_DF not found: check if there is a RefParameter without a condition.
2023-08-04 10:06:30,074 [WARN] IP:2114 - Analog_Filter not found: check if there is a RefParameter without a condition.
2023-08-04 10:42:37,881 [ERROR] LogOutputStream:75 - [STDERR_REDIRECT] 
2023-08-04 10:44:53,626 [INFO] Activator:176 - 


2023-08-04 10:44:53,627 [INFO] Activator:177 - !SESSION log4j initialized
2023-08-04 10:44:56,085 [INFO] LogOutputStream:77 - [STDOUT_REDIRECT] 
2023-08-04 10:44:57,021 [INFO] ApplicationProperties:184 - Using Application install path: C:\ST\STM32CubeIDE_1.13.0\STM32CubeIDE\plugins\com.st.stm32cube.common.mx_6.9.0.202307051724
2023-08-04 10:44:57,033 [INFO] DbMcusXml:78 - Set database path to: C:\ST\STM32CubeIDE_1.13.0\STM32CubeIDE\plugins\com.st.stm32cube.common.mx_6.9.0.202307051724\\db\/mcu/
2023-08-04 10:44:57,034 [INFO] ApiDb:274 - Set plugin database path to: C:\ST\STM32CubeIDE_1.13.0\STM32CubeIDE\plugins\com.st.stm32cube.common.mx_6.9.0.202307051724\\db\/plugins/boardmanager/
2023-08-04 10:44:57,034 [WARN] ApiDb:259 - Overriding images path with different value:  => C:\ST\STM32CubeIDE_1.13.0\STM32CubeIDE\plugins\com.st.stm32cube.common.mx_6.9.0.202307051724\\db\/plugins/mcufinder/images/
2023-08-04 10:44:57,038 [INFO] ApiDb:250 - Set database path to: C:\Users\biomech\.stmcufinder\plugins\mcufinder//mcu/
2023-08-04 10:44:57,039 [INFO] DbMcusAds:125 - Set database path to: C:\Users\biomech\.stmcufinder\plugins\mcufinder//mcu/
2023-08-04 10:44:57,040 [INFO] CrossReferenceDbSqlite:203 - Set database path to: C:\Users\biomech\.stmcufinder\plugins\mcufinder//mcu/cs/
2023-08-04 10:44:57,088 [INFO] RulesReader:64 - Compatibility file has been processed (293 Rules)
2023-08-04 10:44:57,125 [INFO] DbMcusXml:78 - Set database path to: C:\ST\STM32CubeIDE_1.13.0\STM32CubeIDE\plugins\com.st.stm32cube.common.mx_6.9.0.202307051724\\db\/mcu/
2023-08-04 10:44:57,125 [INFO] ApiDb:274 - Set plugin database path to: C:\ST\STM32CubeIDE_1.13.0\STM32CubeIDE\plugins\com.st.stm32cube.common.mx_6.9.0.202307051724\\db\/plugins/boardmanager/
2023-08-04 10:44:57,125 [INFO] ApiDb:261 - Set plugin images path to: C:\ST\STM32CubeIDE_1.13.0\STM32CubeIDE\plugins\com.st.stm32cube.common.mx_6.9.0.202307051724\\db\/plugins/mcufinder/images/
2023-08-04 10:44:57,125 [WARN] DbFile:41 - Overriding database path with different value: C:\Users\biomech\.stmcufinder\plugins\mcufinder/ => C:\Users\biomech\.stmcufinder\plugins\mcufinder
2023-08-04 10:44:57,125 [INFO] ApiDb:250 - Set database path to: C:\Users\biomech\.stmcufinder\plugins\mcufinder//mcu/
2023-08-04 10:44:57,125 [WARN] DbFile:41 - Overriding database path with different value: C:\Users\biomech\.stmcufinder\plugins\mcufinder/ => C:\Users\biomech\.stmcufinder\plugins\mcufinder
2023-08-04 10:44:57,125 [INFO] DbMcusAds:125 - Set database path to: C:\Users\biomech\.stmcufinder\plugins\mcufinder//mcu/
2023-08-04 10:44:57,125 [WARN] DbFile:41 - Overriding database path with different value: C:\Users\biomech\.stmcufinder\plugins\mcufinder/ => C:\Users\biomech\.stmcufinder\plugins\mcufinder
2023-08-04 10:44:57,125 [WARN] DbFile:41 - Overriding database path with different value: C:\Users\biomech\.stmcufinder\plugins\mcufinder/ => C:\Users\biomech\.stmcufinder\plugins\mcufinder
2023-08-04 10:44:57,125 [INFO] CrossReferenceDbSqlite:203 - Set database path to: C:\Users\biomech\.stmcufinder\plugins\mcufinder//mcu/cs/
2023-08-04 10:44:57,161 [INFO] MainPanel:262 - HeapMemory: 268435456
2023-08-04 10:44:57,194 [INFO] DbMcusXml:78 - Set database path to: C:\ST\STM32CubeIDE_1.13.0\STM32CubeIDE\plugins\com.st.stm32cube.common.mx_6.9.0.202307051724\\db\/mcu/
2023-08-04 10:44:57,194 [INFO] ApiDb:274 - Set plugin database path to: C:\ST\STM32CubeIDE_1.13.0\STM32CubeIDE\plugins\com.st.stm32cube.common.mx_6.9.0.202307051724\\db\/plugins/boardmanager/
2023-08-04 10:44:57,194 [INFO] ApiDb:261 - Set plugin images path to: C:\ST\STM32CubeIDE_1.13.0\STM32CubeIDE\plugins\com.st.stm32cube.common.mx_6.9.0.202307051724\\db\/plugins/mcufinder/images/
2023-08-04 10:44:57,194 [WARN] DbFile:41 - Overriding database path with different value: C:\Users\biomech\.stmcufinder\plugins\mcufinder/ => C:\Users\biomech\.stmcufinder\plugins\mcufinder
2023-08-04 10:44:57,194 [INFO] ApiDb:250 - Set database path to: C:\Users\biomech\.stmcufinder\plugins\mcufinder//mcu/
2023-08-04 10:44:57,194 [WARN] DbFile:41 - Overriding database path with different value: C:\Users\biomech\.stmcufinder\plugins\mcufinder/ => C:\Users\biomech\.stmcufinder\plugins\mcufinder
2023-08-04 10:44:57,194 [INFO] DbMcusAds:125 - Set database path to: C:\Users\biomech\.stmcufinder\plugins\mcufinder//mcu/
2023-08-04 10:44:57,194 [WARN] DbFile:41 - Overriding database path with different value: C:\Users\biomech\.stmcufinder\plugins\mcufinder/ => C:\Users\biomech\.stmcufinder\plugins\mcufinder
2023-08-04 10:44:57,195 [WARN] DbFile:41 - Overriding database path with different value: C:\Users\biomech\.stmcufinder\plugins\mcufinder/ => C:\Users\biomech\.stmcufinder\plugins\mcufinder
2023-08-04 10:44:57,195 [INFO] CrossReferenceDbSqlite:203 - Set database path to: C:\Users\biomech\.stmcufinder\plugins\mcufinder//mcu/cs/
2023-08-04 10:44:57,202 [INFO] ApplicationProperties:184 - Using Application install path: C:\ST\STM32CubeIDE_1.13.0\STM32CubeIDE\plugins\com.st.stm32cube.common.mx_6.9.0.202307051724
2023-08-04 10:44:57,203 [INFO] PluginManage:196 - Search for loadable plugins [exclusion list=, ]
2023-08-04 10:44:57,204 [INFO] PluginManage:310 - Check plugin analytics
2023-08-04 10:44:57,296 [INFO] AnalyticsPlugin:253 - Accepted Software Licenses: 
2023-08-04 10:44:57,297 [INFO] AnalyticsPlugin:255 - Accepted CMSIS Pack Licenses: 
2023-08-04 10:44:57,297 [INFO] AnalyticsPlugin:257 - Accepted Firmware Licenses: FW.F4.1.27.0
2023-08-04 10:44:57,298 [INFO] PluginManage:359 - Loaded plugin analytics (category:tool,tabindex:-1)
2023-08-04 10:44:57,298 [INFO] PluginManage:310 - Check plugin cadmodel
2023-08-04 10:44:57,300 [INFO] CADModel:105 - Init CAD model plugin
2023-08-04 10:44:57,301 [INFO] PluginManage:359 - Loaded plugin cadmodel (category:power,tabindex:5)
2023-08-04 10:44:57,301 [INFO] PluginManage:310 - Check plugin clock
2023-08-04 10:44:57,306 [INFO] PluginManage:359 - Loaded plugin clock (category:base,tabindex:2)
2023-08-04 10:44:57,306 [INFO] PluginManage:310 - Check plugin ddr
2023-08-04 10:44:57,308 [INFO] PluginManage:359 - Loaded plugin ddr (category:tool,tabindex:6)
2023-08-04 10:44:57,308 [INFO] PluginManage:310 - Check plugin filemanager
2023-08-04 10:44:57,381 [INFO] PluginManage:359 - Loaded plugin filemanager (category:base,tabindex:10)
2023-08-04 10:44:57,382 [INFO] PluginManage:310 - Check plugin ipmanager
2023-08-04 10:44:57,386 [INFO] PluginManage:359 - Loaded plugin ipmanager (category:base,tabindex:5)
2023-08-04 10:44:57,386 [INFO] PluginManage:310 - Check plugin lpbam
2023-08-04 10:44:57,394 [INFO] PluginManage:359 - Loaded plugin lpbam (category:base,tabindex:0)
2023-08-04 10:44:57,394 [INFO] PluginManage:310 - Check plugin memorymap
2023-08-04 10:44:57,401 [INFO] PluginManage:359 - Loaded plugin memorymap (category:base,tabindex:4)
2023-08-04 10:44:57,401 [INFO] PluginManage:310 - Check plugin pinoutandconfiguration
2023-08-04 10:44:57,405 [INFO] PluginManage:359 - Loaded plugin pinoutandconfiguration (category:base,tabindex:1)
2023-08-04 10:44:57,405 [INFO] PluginManage:310 - Check plugin pinoutconfig
2023-08-04 10:44:57,451 [WARN] SupportedApi:132 - Cannot load RTOS API schema: s4s-elt-must-match.1: The content of 'definitions' must match (annotation?, (simpleType | complexType)?, (unique | key | keyref)*)). A problem was found starting at: attribute.
2023-08-04 10:44:57,514 [INFO] PluginManage:359 - Loaded plugin pinoutconfig (category:base,tabindex:0)
2023-08-04 10:44:57,514 [INFO] PluginManage:310 - Check plugin power
2023-08-04 10:44:57,519 [INFO] PluginManage:359 - Loaded plugin power (category:power,tabindex:4)
2023-08-04 10:44:57,519 [INFO] PluginManage:310 - Check plugin projectmanager
2023-08-04 10:44:57,527 [INFO] PluginManage:359 - Loaded plugin projectmanager (category:projectmanager,tabindex:3)
2023-08-04 10:44:57,528 [INFO] PluginManage:310 - Check plugin thirdparty
2023-08-04 10:44:57,596 [INFO] PluginManage:359 - Loaded plugin thirdparty (category:base,tabindex:-1)
2023-08-04 10:44:57,596 [INFO] PluginManage:310 - Check plugin tools
2023-08-04 10:44:57,596 [WARN] IntegrityCheckThread:84 - waiting for thirdparty lock release [integrity check]
2023-08-04 10:44:57,596 [INFO] IntegrityCheckThread:86 - entering critical section [integrity check]
2023-08-04 10:44:57,596 [INFO] ThirdPartyUpdaterWithRetryManager:70 - Updater plugin not ready yet. [1/15]
2023-08-04 10:44:57,597 [INFO] PluginManage:359 - Loaded plugin tools (category:base,tabindex:7)
2023-08-04 10:44:57,597 [INFO] PluginManage:310 - Check plugin tutovideos
2023-08-04 10:44:57,689 [INFO] PluginManage:359 - Loaded plugin tutovideos (category:base,tabindex:-1)
2023-08-04 10:44:57,689 [INFO] PluginManage:310 - Check plugin updater
2023-08-04 10:44:57,696 [INFO] PluginManage:359 - Loaded plugin updater (category:base,tabindex:12)
2023-08-04 10:44:57,696 [INFO] PluginManage:310 - Check plugin userauth
2023-08-04 10:44:57,699 [INFO] UserAuth:113 - Init User Auth plugin
2023-08-04 10:44:57,699 [INFO] PluginManage:359 - Loaded plugin userauth (category:base,tabindex:14)
2023-08-04 10:44:57,700 [INFO] PluginManage:283 - PluginManage : Loaded plugins [17]
2023-08-04 10:44:57,809 [INFO] PinOutPanel:1499 - setPackage(No Configuration,No Configuration)
2023-08-04 10:44:57,865 [INFO] CADModel:165 - CPN selected for project level
2023-08-04 10:44:57,865 [INFO] CADModel:114 - Register for checkConnection events
2023-08-04 10:44:57,874 [INFO] IPUIPlugin:80 - create IPUIPlugin
2023-08-04 10:44:57,874 [INFO] PluginManager:220 - loadIPPluginJar : add adc
2023-08-04 10:44:57,876 [INFO] IPUIPlugin:80 - create IPUIPlugin
2023-08-04 10:44:57,876 [INFO] PluginManager:220 - loadIPPluginJar : add aes
2023-08-04 10:44:57,877 [INFO] IPUIPlugin:80 - create IPUIPlugin
2023-08-04 10:44:57,877 [INFO] PluginManager:220 - loadIPPluginJar : add can
2023-08-04 10:44:57,878 [INFO] IPUIPlugin:80 - create IPUIPlugin
2023-08-04 10:44:57,878 [INFO] PluginManager:220 - loadIPPluginJar : add comp
2023-08-04 10:44:57,879 [INFO] IPUIPlugin:80 - create IPUIPlugin
2023-08-04 10:44:57,879 [INFO] PluginManager:220 - loadIPPluginJar : add cryp
2023-08-04 10:44:57,880 [INFO] IPUIPlugin:80 - create IPUIPlugin
2023-08-04 10:44:57,880 [INFO] PluginManager:220 - loadIPPluginJar : add dfsdm
2023-08-04 10:44:57,883 [INFO] IPUIPlugin:80 - create IPUIPlugin
2023-08-04 10:44:57,883 [INFO] PluginManager:220 - loadIPPluginJar : add dma
2023-08-04 10:44:57,884 [INFO] IPUIPlugin:80 - create IPUIPlugin
2023-08-04 10:44:57,884 [INFO] PluginManager:220 - loadIPPluginJar : add dma3
2023-08-04 10:44:57,885 [INFO] IPUIPlugin:80 - create IPUIPlugin
2023-08-04 10:44:57,885 [INFO] PluginManager:220 - loadIPPluginJar : add fatfs
2023-08-04 10:44:57,887 [INFO] IPUIPlugin:80 - create IPUIPlugin
2023-08-04 10:44:57,887 [INFO] PluginManager:220 - loadIPPluginJar : add fmc
2023-08-04 10:44:57,890 [INFO] IPUIPlugin:80 - create IPUIPlugin
2023-08-04 10:44:57,891 [INFO] PluginManager:220 - loadIPPluginJar : add freertos
2023-08-04 10:44:57,891 [INFO] IPUIPlugin:80 - create IPUIPlugin
2023-08-04 10:44:57,891 [INFO] PluginManager:220 - loadIPPluginJar : add genericplugin
2023-08-04 10:44:57,892 [INFO] IPUIPlugin:80 - create IPUIPlugin
2023-08-04 10:44:57,892 [INFO] PluginManager:220 - loadIPPluginJar : add gfxmmu
2023-08-04 10:44:57,895 [INFO] IPUIPlugin:80 - create IPUIPlugin
2023-08-04 10:44:57,895 [INFO] PluginManager:220 - loadIPPluginJar : add gic
2023-08-04 10:44:57,897 [INFO] IPUIPlugin:80 - create IPUIPlugin
2023-08-04 10:44:57,897 [INFO] PluginManager:220 - loadIPPluginJar : add gpio
2023-08-04 10:44:57,898 [INFO] IPUIPlugin:80 - create IPUIPlugin
2023-08-04 10:44:57,898 [INFO] PluginManager:220 - loadIPPluginJar : add gtzc
2023-08-04 10:44:57,899 [INFO] IPUIPlugin:80 - create IPUIPlugin
2023-08-04 10:44:57,899 [INFO] PluginManager:220 - loadIPPluginJar : add hash
2023-08-04 10:44:57,900 [INFO] IPUIPlugin:80 - create IPUIPlugin
2023-08-04 10:44:57,900 [INFO] PluginManager:220 - loadIPPluginJar : add i2c
2023-08-04 10:44:57,901 [INFO] IPUIPlugin:80 - create IPUIPlugin
2023-08-04 10:44:57,901 [INFO] PluginManager:220 - loadIPPluginJar : add i2s
2023-08-04 10:44:57,903 [INFO] IPUIPlugin:80 - create IPUIPlugin
2023-08-04 10:44:57,903 [INFO] PluginManager:220 - loadIPPluginJar : add i3c
2023-08-04 10:44:57,904 [INFO] IPUIPlugin:80 - create IPUIPlugin
2023-08-04 10:44:57,904 [INFO] PluginManager:220 - loadIPPluginJar : add ipddr
2023-08-04 10:44:57,908 [INFO] IPUIPlugin:80 - create IPUIPlugin
2023-08-04 10:44:57,908 [INFO] PluginManager:220 - loadIPPluginJar : add linkedlist
2023-08-04 10:44:57,910 [INFO] IPUIPlugin:80 - create IPUIPlugin
2023-08-04 10:44:57,910 [INFO] PluginManager:220 - loadIPPluginJar : add lorawan
2023-08-04 10:44:57,910 [INFO] IPUIPlugin:80 - create IPUIPlugin
2023-08-04 10:44:57,910 [INFO] PluginManager:220 - loadIPPluginJar : add ltdc
2023-08-04 10:44:57,913 [INFO] IPUIPlugin:80 - create IPUIPlugin
2023-08-04 10:44:57,913 [INFO] PluginManager:220 - loadIPPluginJar : add mdma
2023-08-04 10:44:57,914 [INFO] IPUIPlugin:80 - create IPUIPlugin
2023-08-04 10:44:57,914 [INFO] PluginManager:220 - loadIPPluginJar : add nvic
2023-08-04 10:44:57,916 [INFO] IPUIPlugin:80 - create IPUIPlugin
2023-08-04 10:44:57,916 [INFO] PluginManager:220 - loadIPPluginJar : add opamp
2023-08-04 10:44:57,917 [INFO] IPUIPlugin:80 - create IPUIPlugin
2023-08-04 10:44:57,917 [INFO] PluginManager:220 - loadIPPluginJar : add openamp
2023-08-04 10:44:57,918 [INFO] IPUIPlugin:80 - create IPUIPlugin
2023-08-04 10:44:57,918 [INFO] PluginManager:220 - loadIPPluginJar : add pdm2pcm
2023-08-04 10:44:57,921 [INFO] IPUIPlugin:80 - create IPUIPlugin
2023-08-04 10:44:57,923 [INFO] PluginManager:220 - loadIPPluginJar : add plateformsettings
2023-08-04 10:44:57,923 [INFO] IPUIPlugin:80 - create IPUIPlugin
2023-08-04 10:44:57,923 [INFO] PluginManager:220 - loadIPPluginJar : add quadspi
2023-08-04 10:44:57,925 [INFO] IPUIPlugin:80 - create IPUIPlugin
2023-08-04 10:44:57,925 [INFO] PluginManager:220 - loadIPPluginJar : add resmgrutility
2023-08-04 10:44:57,926 [INFO] IPUIPlugin:80 - create IPUIPlugin
2023-08-04 10:44:57,926 [INFO] PluginManager:220 - loadIPPluginJar : add sai
2023-08-04 10:44:57,927 [INFO] IPUIPlugin:80 - create IPUIPlugin
2023-08-04 10:44:57,927 [INFO] PluginManager:220 - loadIPPluginJar : add spi
2023-08-04 10:44:57,929 [INFO] IPUIPlugin:80 - create IPUIPlugin
2023-08-04 10:44:57,929 [INFO] PluginManager:220 - loadIPPluginJar : add stm32_wpan
2023-08-04 10:44:57,930 [INFO] IPUIPlugin:80 - create IPUIPlugin
2023-08-04 10:44:57,930 [INFO] PluginManager:220 - loadIPPluginJar : add tim
2023-08-04 10:44:57,931 [INFO] IPUIPlugin:80 - create IPUIPlugin
2023-08-04 10:44:57,931 [INFO] PluginManager:220 - loadIPPluginJar : add touchsensing
2023-08-04 10:44:57,932 [INFO] IPUIPlugin:80 - create IPUIPlugin
2023-08-04 10:44:57,932 [INFO] PluginManager:220 - loadIPPluginJar : add tracer_emb
2023-08-04 10:44:57,933 [INFO] IPUIPlugin:80 - create IPUIPlugin
2023-08-04 10:44:57,933 [INFO] PluginManager:220 - loadIPPluginJar : add ts
2023-08-04 10:44:57,934 [INFO] IPUIPlugin:80 - create IPUIPlugin
2023-08-04 10:44:57,934 [INFO] PluginManager:220 - loadIPPluginJar : add tsc
2023-08-04 10:44:57,934 [INFO] IPUIPlugin:80 - create IPUIPlugin
2023-08-04 10:44:57,934 [INFO] PluginManager:220 - loadIPPluginJar : add ucpd
2023-08-04 10:44:57,935 [INFO] IPUIPlugin:80 - create IPUIPlugin
2023-08-04 10:44:57,935 [INFO] PluginManager:220 - loadIPPluginJar : add usart
2023-08-04 10:44:57,937 [INFO] IPUIPlugin:80 - create IPUIPlugin
2023-08-04 10:44:57,937 [INFO] PluginManager:220 - loadIPPluginJar : add usbx
2023-08-04 10:44:58,033 [INFO] CADModel:165 - CPN selected for project level
2023-08-04 10:44:58,033 [INFO] CADModel:114 - Register for checkConnection events
2023-08-04 10:44:58,034 [FATAL] Updater:308 - Updater called before beeing initialized
2023-08-04 10:44:58,034 [ERROR] CADModel:125 - Updater not yet initialized, retry later 
2023-08-04 10:44:58,109 [INFO] CADModel:165 - CPN selected for project level
2023-08-04 10:44:58,110 [INFO] CADModel:114 - Register for checkConnection events
2023-08-04 10:44:58,110 [FATAL] Updater:308 - Updater called before beeing initialized
2023-08-04 10:44:58,110 [ERROR] CADModel:125 - Updater not yet initialized, retry later 
2023-08-04 10:44:58,112 [FATAL] Updater:308 - Updater called before beeing initialized
2023-08-04 10:44:58,165 [FATAL] Updater:308 - Updater called before beeing initialized
2023-08-04 10:44:58,168 [INFO] DbMcusAds:53 - JSON generation date=Tue Mar 07 11:50:55 TRT 2023 (1678179055114)
2023-08-04 10:44:58,168 [FATAL] Updater:308 - Updater called before beeing initialized
2023-08-04 10:44:58,187 [WARN] DetailPanel:346 - Failed to get advertising image, set to default
2023-08-04 10:44:58,243 [FATAL] Updater:308 - Updater called before beeing initialized
2023-08-04 10:44:58,245 [FATAL] Updater:308 - Updater called before beeing initialized
2023-08-04 10:44:58,245 [FATAL] Updater:308 - Updater called before beeing initialized
2023-08-04 10:44:58,245 [WARN] DetailPanel:346 - Failed to get advertising image, set to default
2023-08-04 10:44:58,246 [FATAL] Updater:308 - Updater called before beeing initialized
2023-08-04 10:44:58,264 [ERROR] Updater:1120 - MainUpdater not yet initialized. External WinMGr cannot be set.
2023-08-04 10:44:58,265 [INFO] Updater:1056 - Updater Version found : 6.9.0
2023-08-04 10:44:58,276 [INFO] ApplicationProperties:184 - Using Application install path: C:\ST\STM32CubeIDE_1.13.0\STM32CubeIDE\plugins\com.st.stm32cube.common.mx_6.9.0.202307051724
2023-08-04 10:44:58,373 [INFO] MainUpdater:2868 - connection check result : 10
2023-08-04 10:44:58,373 [INFO] MainUpdater:285 - Updater Check For Update Now.
2023-08-04 10:44:58,373 [INFO] MicroXplorer:498 - Change Database Version : DB.6.0.90
2023-08-04 10:44:58,377 [INFO] McuFinderGlobals:63 - Set McuFinder mode to 2 (CubeIDE integrated)
2023-08-04 10:44:58,377 [INFO] UserAuth:179 - activating auth plugin
2023-08-04 10:44:58,380 [INFO] UserAuth:393 - Internet connection configuration mode: 1
2023-08-04 10:44:58,392 [INFO] JxBrowserEngine:151 - Initiate JxBrowser Engine with user profile folder
2023-08-04 10:44:58,510 [INFO] CheckServerUpdateThread:120 - End of CheckServer Thread
2023-08-04 10:44:58,679 [INFO] WebApp:157 - Instantiating new browser for Auth
2023-08-04 10:44:58,928 [INFO] WebApp:753 - Register for checkConnection events
2023-08-04 10:44:58,929 [INFO] WebApp:390 - Apply proxy settings
2023-08-04 10:44:58,929 [INFO] WebApp:475 - Chromium requires no authentication
2023-08-04 10:44:58,932 [INFO] WebApp:418 - Direct internet connection detected
2023-08-04 10:44:59,006 [INFO] WebApp:188 - Starting web application
2023-08-04 10:44:59,006 [INFO] WebApp:520 - Web application path used C:\ST\STM32CubeIDE_1.13.0\STM32CubeIDE\plugins\com.st.stm32cube.common.mx_6.9.0.202307051724\db\plugins\mcufinder\reactClient1\index.html
2023-08-04 10:45:00,675 [WARN] PackLoader:240 - Cannot read IP mode file for STMicroelectronics.X-CUBE-SMBUS.2.1.0
2023-08-04 10:45:00,694 [WARN] PackLoader:240 - Cannot read IP mode file for STMicroelectronics.X-CUBE-AZRTOS-F7.1.1.0
2023-08-04 10:45:00,707 [WARN] PackLoader:240 - Cannot read IP mode file for STMicroelectronics.FP-SNS-MOTENV1.4.3.2
2023-08-04 10:45:00,715 [WARN] PackLoader:240 - Cannot read IP mode file for STMicroelectronics.X-CUBE-BLE1.6.2.4
2023-08-04 10:45:00,718 [WARN] PackLoader:240 - Cannot read IP mode file for STMicroelectronics.FP-SNS-FLIGHT1.5.0.2
2023-08-04 10:45:00,722 [WARN] PackLoader:240 - Cannot read IP mode file for STMicroelectronics.X-CUBE-DISPLAY.3.0.0
2023-08-04 10:45:00,727 [WARN] PackLoader:240 - Cannot read IP mode file for emotas.I-CUBE-CANOPEN.1.3.0
2023-08-04 10:45:00,730 [WARN] PackLoader:240 - Cannot read IP mode file for STMicroelectronics.X-CUBE-TOUCHGFX.4.22.0
2023-08-04 10:45:00,737 [INFO] LogOutputStream:77 - [STDOUT_REDIRECT] 1 : Invalid condition id : UX_CORESTACK_Condition cause : null
2023-08-04 10:45:00,737 [INFO] LogOutputStream:77 - [STDOUT_REDIRECT] 1 : Invalid condition id : UX_CORESTACK_Condition cause : null
2023-08-04 10:45:00,738 [INFO] LogOutputStream:77 - [STDOUT_REDIRECT] 1 : Invalid condition id : UX_CORESTACK_Condition cause : null
2023-08-04 10:45:00,739 [INFO] LogOutputStream:77 - [STDOUT_REDIRECT] 1 : Invalid condition id : UX_CORESTACK_Condition cause : null
2023-08-04 10:45:00,739 [INFO] LogOutputStream:77 - [STDOUT_REDIRECT] 1 : Invalid condition id : UX_CORESTACK_Condition cause : null
2023-08-04 10:45:00,741 [WARN] PackLoader:240 - Cannot read IP mode file for STMicroelectronics.X-CUBE-AZRTOS-WL.2.0.0
2023-08-04 10:45:00,747 [WARN] PackLoader:240 - Cannot read IP mode file for WES.I-CUBE-Cesium.1.3.0
2023-08-04 10:45:00,750 [WARN] PackLoader:240 - Cannot read IP mode file for STMicroelectronics.X-CUBE-BLE2.3.3.0
2023-08-04 10:45:00,753 [WARN] PackLoader:240 - Cannot read IP mode file for STMicroelectronics.X-CUBE-ALGOBUILD.1.3.0
2023-08-04 10:45:00,761 [WARN] PackLoader:240 - Cannot read IP mode file for STMicroelectronics.X-CUBE-AZRTOS-G0.1.1.0
2023-08-04 10:45:00,765 [WARN] PackLoader:240 - Cannot read IP mode file for STMicroelectronics.X-CUBE-NFC4.3.0.0
2023-08-04 10:45:00,769 [WARN] PackLoader:240 - Cannot read IP mode file for STMicroelectronics.FP-ATR-SIGFOX1.3.2.0
2023-08-04 10:45:00,789 [WARN] PackLoader:240 - Cannot read IP mode file for SEGGER.I-CUBE-embOS.1.3.1
2023-08-04 10:45:00,816 [WARN] PackLoader:240 - Cannot read IP mode file for STMicroelectronics.X-CUBE-GNSS1.6.0.0
2023-08-04 10:45:00,825 [WARN] PackLoader:240 - Cannot read IP mode file for STMicroelectronics.X-CUBE-AZRTOS-F4.1.1.0
2023-08-04 10:45:00,828 [WARN] PackLoader:240 - Cannot read IP mode file for wolfSSL.I-CUBE-wolfSSL.5.6.3
2023-08-04 10:45:00,845 [WARN] PackLoader:240 - Cannot read IP mode file for STMicroelectronics.X-CUBE-MEMS1.9.6.0
2023-08-04 10:45:00,908 [WARN] PackLoader:240 - Cannot read IP mode file for STMicroelectronics.X-CUBE-BLEMGR.2.0.0
2023-08-04 10:45:00,918 [WARN] ConditionMgr:438 - getConditionDescription Invalid condition id : UX DEVICE CLASS RTOS Condition cause : null
2023-08-04 10:45:00,918 [WARN] ConditionMgr:438 - getConditionDescription Invalid condition id : UX DEVICE CLASS RTOS Condition cause : null
2023-08-04 10:45:00,919 [WARN] PackLoader:240 - Cannot read IP mode file for STMicroelectronics.X-CUBE-AZRTOS-H7.3.1.0
2023-08-04 10:45:00,920 [WARN] ConditionMgr:1039 - genDependencies : Invalid condition id : UX DEVICE CLASS RTOS Condition cause : null
2023-08-04 10:45:00,920 [WARN] ConditionMgr:1039 - genDependencies : Invalid condition id : UX DEVICE CLASS RTOS Condition cause : null
2023-08-04 10:45:00,920 [WARN] ConditionMgr:1039 - genDependencies : Invalid condition id : UX DEVICE CLASS RTOS Condition cause : null
2023-08-04 10:45:00,921 [WARN] ConditionMgr:1039 - genDependencies : Invalid condition id : UX DEVICE CLASS RTOS Condition cause : null
2023-08-04 10:45:00,921 [WARN] ConditionMgr:1039 - genDependencies : Invalid condition id : UX DEVICE CLASS RTOS Condition cause : null
2023-08-04 10:45:00,925 [WARN] PackLoader:240 - Cannot read IP mode file for STMicroelectronics.X-CUBE-NFC7.1.0.1
2023-08-04 10:45:00,928 [WARN] PackLoader:240 - Cannot read IP mode file for STMicroelectronics.X-CUBE-EEPRMA1.4.1.0
2023-08-04 10:45:00,935 [WARN] ConditionMgr:438 - getConditionDescription Invalid condition id : LAN8742 Phy interface Condition cause : null
2023-08-04 10:45:00,936 [WARN] PackLoader:240 - Cannot read IP mode file for STMicroelectronics.X-CUBE-AZRTOS-L4.2.0.0
2023-08-04 10:45:00,936 [WARN] ConditionMgr:1039 - genDependencies : Invalid condition id : LAN8742 Phy interface Condition cause : null
2023-08-04 10:45:00,936 [WARN] ConditionMgr:1039 - genDependencies : Invalid condition id : LAN8742 Phy interface Condition cause : null
2023-08-04 10:45:00,936 [WARN] ConditionMgr:1039 - genDependencies : Invalid condition id : LAN8742 Phy interface Condition cause : null
2023-08-04 10:45:00,940 [WARN] PackLoader:240 - Cannot read IP mode file for STMicroelectronics.X-CUBE-SFXS2LP1.4.0.0
2023-08-04 10:45:00,943 [WARN] PackLoader:240 - Cannot read IP mode file for STMicroelectronics.X-CUBE-ISPU.1.1.0
2023-08-04 10:45:00,945 [WARN] PackLoader:240 - Cannot read IP mode file for STMicroelectronics.X-CUBE-FREERTOS.1.0.1
2023-08-04 10:45:00,951 [WARN] PackLoader:240 - Cannot read IP mode file for STMicroelectronics.X-CUBE-AZRTOS-L5.1.1.0
2023-08-04 10:45:00,954 [WARN] PackLoader:240 - Cannot read IP mode file for STMicroelectronics.X-CUBE-AI.8.0.1
2023-08-04 10:45:00,958 [WARN] PackLoader:240 - Cannot read IP mode file for STMicroelectronics.X-CUBE-SUBG2.5.0.0
2023-08-04 10:45:00,964 [WARN] PackLoader:240 - Cannot read IP mode file for STMicroelectronics.X-CUBE-TOF1.3.3.1
2023-08-04 10:45:00,967 [INFO] McuFinderGlobals:63 - Set McuFinder mode to 2 (CubeIDE integrated)
2023-08-04 10:45:00,974 [WARN] PackLoader:240 - Cannot read IP mode file for STMicroelectronics.X-CUBE-AZRTOS-G4.2.0.0
2023-08-04 10:45:00,977 [WARN] PackLoader:240 - Cannot read IP mode file for portGmbH.I-Cube-SoM-uGOAL.1.1.0
2023-08-04 10:45:00,980 [WARN] PackLoader:240 - Cannot read IP mode file for STMicroelectronics.X-CUBE-ALS.1.0.1
2023-08-04 10:45:00,985 [WARN] PackLoader:240 - Cannot read IP mode file for STMicroelectronics.X-CUBE-AZRTOS-WB.1.1.0
2023-08-04 10:45:00,990 [WARN] PackLoader:240 - Cannot read IP mode file for STMicroelectronics.FP-ATR-ASTRA1.2.0.0
2023-08-04 10:45:00,991 [INFO] ThirdParty:978 - Integrity check success = true
2023-08-04 10:45:00,991 [INFO] IntegrityCheckThread:100 - exiting critical section [integrity check]
2023-08-04 10:45:00,991 [INFO] IntegrityCheckThread:103 - End integrity checks thread
2023-08-04 10:45:00,992 [INFO] MainUpdater:2868 - connection check result : 10
2023-08-04 10:45:00,997 [INFO] MainUpdater:2868 - connection check result : 10
2023-08-04 10:45:01,116 [INFO] MicroXplorer:468 - Change Database Path : 
2023-08-04 10:45:01,117 [INFO] MicroXplorer:498 - Change Database Version : DB.6.0.90
2023-08-04 10:45:01,120 [WARN] ThirdParty:871 - waiting for thirdparty lock release [close project]
2023-08-04 10:45:01,120 [INFO] ThirdParty:873 - entering critical section [close project]
2023-08-04 10:45:01,121 [INFO] ThirdParty:883 - exiting critical section [close project]
2023-08-04 10:45:01,122 [INFO] PinOutPanel:1499 - setPackage(No Configuration,No Configuration)
2023-08-04 10:45:01,126 [INFO] UtilMem:75 - Begin LoadConfig() Used Memory: 170111576 Bytes (268435456)
2023-08-04 10:45:01,131 [INFO] MicroXplorer:468 - Change Database Path : C:/Users/biomech/.stm32cubemx/databases/DB.6.0.60/db/
2023-08-04 10:45:01,131 [INFO] MicroXplorer:498 - Change Database Version : DB.6.0.60
2023-08-04 10:45:19,390 [ERROR] LogOutputStream:75 - [STDERR_REDIRECT] SLF4J: Failed to load class "org.slf4j.impl.StaticLoggerBinder".
2023-08-04 10:45:19,390 [ERROR] LogOutputStream:75 - [STDERR_REDIRECT] SLF4J: Defaulting to no-operation (NOP) logger implementation
2023-08-04 10:45:19,391 [ERROR] LogOutputStream:75 - [STDERR_REDIRECT] SLF4J: See http://www.slf4j.org/codes.html#StaticLoggerBinder for further details.
2023-08-04 10:45:53,324 [ERROR] LogOutputStream:75 - [STDERR_REDIRECT] 
