2023-08-18 12:46:52,972 [INFO] Activator:176 - 


2023-08-18 12:46:52,975 [INFO] Activator:177 - !SESSION log4j initialized
2023-08-18 12:46:56,604 [INFO] LogOutputStream:77 - [STDOUT_REDIRECT] 
2023-08-18 12:46:57,976 [INFO] ApplicationProperties:184 - Using Application install path: C:\ST\STM32CubeIDE_1.13.0\STM32CubeIDE\plugins\com.st.stm32cube.common.mx_6.9.0.202307051724
2023-08-18 12:46:57,989 [INFO] DbMcusXml:78 - Set database path to: C:\ST\STM32CubeIDE_1.13.0\STM32CubeIDE\plugins\com.st.stm32cube.common.mx_6.9.0.202307051724\\db\/mcu/
2023-08-18 12:46:57,989 [INFO] ApiDb:274 - Set plugin database path to: C:\ST\STM32CubeIDE_1.13.0\STM32CubeIDE\plugins\com.st.stm32cube.common.mx_6.9.0.202307051724\\db\/plugins/boardmanager/
2023-08-18 12:46:57,989 [WARN] ApiDb:259 - Overriding images path with different value:  => C:\ST\STM32CubeIDE_1.13.0\STM32CubeIDE\plugins\com.st.stm32cube.common.mx_6.9.0.202307051724\\db\/plugins/mcufinder/images/
2023-08-18 12:46:57,996 [INFO] ApiDb:250 - Set database path to: C:\Users\biomech\.stmcufinder\plugins\mcufinder//mcu/
2023-08-18 12:46:57,997 [INFO] DbMcusAds:125 - Set database path to: C:\Users\biomech\.stmcufinder\plugins\mcufinder//mcu/
2023-08-18 12:46:57,998 [INFO] CrossReferenceDbSqlite:203 - Set database path to: C:\Users\biomech\.stmcufinder\plugins\mcufinder//mcu/cs/
2023-08-18 12:46:58,071 [INFO] RulesReader:64 - Compatibility file has been processed (293 Rules)
2023-08-18 12:46:58,132 [INFO] DbMcusXml:78 - Set database path to: C:\ST\STM32CubeIDE_1.13.0\STM32CubeIDE\plugins\com.st.stm32cube.common.mx_6.9.0.202307051724\\db\/mcu/
2023-08-18 12:46:58,132 [INFO] ApiDb:274 - Set plugin database path to: C:\ST\STM32CubeIDE_1.13.0\STM32CubeIDE\plugins\com.st.stm32cube.common.mx_6.9.0.202307051724\\db\/plugins/boardmanager/
2023-08-18 12:46:58,132 [INFO] ApiDb:261 - Set plugin images path to: C:\ST\STM32CubeIDE_1.13.0\STM32CubeIDE\plugins\com.st.stm32cube.common.mx_6.9.0.202307051724\\db\/plugins/mcufinder/images/
2023-08-18 12:46:58,132 [WARN] DbFile:41 - Overriding database path with different value: C:\Users\biomech\.stmcufinder\plugins\mcufinder/ => C:\Users\biomech\.stmcufinder\plugins\mcufinder
2023-08-18 12:46:58,132 [INFO] ApiDb:250 - Set database path to: C:\Users\biomech\.stmcufinder\plugins\mcufinder//mcu/
2023-08-18 12:46:58,132 [WARN] DbFile:41 - Overriding database path with different value: C:\Users\biomech\.stmcufinder\plugins\mcufinder/ => C:\Users\biomech\.stmcufinder\plugins\mcufinder
2023-08-18 12:46:58,132 [INFO] DbMcusAds:125 - Set database path to: C:\Users\biomech\.stmcufinder\plugins\mcufinder//mcu/
2023-08-18 12:46:58,132 [WARN] DbFile:41 - Overriding database path with different value: C:\Users\biomech\.stmcufinder\plugins\mcufinder/ => C:\Users\biomech\.stmcufinder\plugins\mcufinder
2023-08-18 12:46:58,132 [WARN] DbFile:41 - Overriding database path with different value: C:\Users\biomech\.stmcufinder\plugins\mcufinder/ => C:\Users\biomech\.stmcufinder\plugins\mcufinder
2023-08-18 12:46:58,132 [INFO] CrossReferenceDbSqlite:203 - Set database path to: C:\Users\biomech\.stmcufinder\plugins\mcufinder//mcu/cs/
2023-08-18 12:46:58,190 [INFO] MainPanel:262 - HeapMemory: 268435456
2023-08-18 12:46:58,261 [INFO] DbMcusXml:78 - Set database path to: C:\ST\STM32CubeIDE_1.13.0\STM32CubeIDE\plugins\com.st.stm32cube.common.mx_6.9.0.202307051724\\db\/mcu/
2023-08-18 12:46:58,261 [INFO] ApiDb:274 - Set plugin database path to: C:\ST\STM32CubeIDE_1.13.0\STM32CubeIDE\plugins\com.st.stm32cube.common.mx_6.9.0.202307051724\\db\/plugins/boardmanager/
2023-08-18 12:46:58,261 [INFO] ApiDb:261 - Set plugin images path to: C:\ST\STM32CubeIDE_1.13.0\STM32CubeIDE\plugins\com.st.stm32cube.common.mx_6.9.0.202307051724\\db\/plugins/mcufinder/images/
2023-08-18 12:46:58,261 [WARN] DbFile:41 - Overriding database path with different value: C:\Users\biomech\.stmcufinder\plugins\mcufinder/ => C:\Users\biomech\.stmcufinder\plugins\mcufinder
2023-08-18 12:46:58,261 [INFO] ApiDb:250 - Set database path to: C:\Users\biomech\.stmcufinder\plugins\mcufinder//mcu/
2023-08-18 12:46:58,261 [WARN] DbFile:41 - Overriding database path with different value: C:\Users\biomech\.stmcufinder\plugins\mcufinder/ => C:\Users\biomech\.stmcufinder\plugins\mcufinder
2023-08-18 12:46:58,261 [INFO] DbMcusAds:125 - Set database path to: C:\Users\biomech\.stmcufinder\plugins\mcufinder//mcu/
2023-08-18 12:46:58,261 [WARN] DbFile:41 - Overriding database path with different value: C:\Users\biomech\.stmcufinder\plugins\mcufinder/ => C:\Users\biomech\.stmcufinder\plugins\mcufinder
2023-08-18 12:46:58,261 [WARN] DbFile:41 - Overriding database path with different value: C:\Users\biomech\.stmcufinder\plugins\mcufinder/ => C:\Users\biomech\.stmcufinder\plugins\mcufinder
2023-08-18 12:46:58,261 [INFO] CrossReferenceDbSqlite:203 - Set database path to: C:\Users\biomech\.stmcufinder\plugins\mcufinder//mcu/cs/
2023-08-18 12:46:58,272 [INFO] ApplicationProperties:184 - Using Application install path: C:\ST\STM32CubeIDE_1.13.0\STM32CubeIDE\plugins\com.st.stm32cube.common.mx_6.9.0.202307051724
2023-08-18 12:46:58,273 [INFO] PluginManage:196 - Search for loadable plugins [exclusion list=, ]
2023-08-18 12:46:58,274 [INFO] PluginManage:310 - Check plugin analytics
2023-08-18 12:46:58,382 [INFO] AnalyticsPlugin:253 - Accepted Software Licenses: 
2023-08-18 12:46:58,382 [INFO] AnalyticsPlugin:255 - Accepted CMSIS Pack Licenses: 
2023-08-18 12:46:58,382 [INFO] AnalyticsPlugin:257 - Accepted Firmware Licenses: FW.F4.1.27.0
2023-08-18 12:46:58,384 [INFO] PluginManage:359 - Loaded plugin analytics (category:tool,tabindex:-1)
2023-08-18 12:46:58,384 [INFO] PluginManage:310 - Check plugin cadmodel
2023-08-18 12:46:58,396 [INFO] CADModel:105 - Init CAD model plugin
2023-08-18 12:46:58,397 [INFO] PluginManage:359 - Loaded plugin cadmodel (category:power,tabindex:5)
2023-08-18 12:46:58,397 [INFO] PluginManage:310 - Check plugin clock
2023-08-18 12:46:58,409 [INFO] PluginManage:359 - Loaded plugin clock (category:base,tabindex:2)
2023-08-18 12:46:58,410 [INFO] PluginManage:310 - Check plugin ddr
2023-08-18 12:46:58,411 [INFO] PluginManage:359 - Loaded plugin ddr (category:tool,tabindex:6)
2023-08-18 12:46:58,411 [INFO] PluginManage:310 - Check plugin filemanager
2023-08-18 12:46:58,520 [INFO] PluginManage:359 - Loaded plugin filemanager (category:base,tabindex:10)
2023-08-18 12:46:58,521 [INFO] PluginManage:310 - Check plugin ipmanager
2023-08-18 12:46:58,526 [INFO] PluginManage:359 - Loaded plugin ipmanager (category:base,tabindex:5)
2023-08-18 12:46:58,526 [INFO] PluginManage:310 - Check plugin lpbam
2023-08-18 12:46:58,539 [INFO] PluginManage:359 - Loaded plugin lpbam (category:base,tabindex:0)
2023-08-18 12:46:58,539 [INFO] PluginManage:310 - Check plugin memorymap
2023-08-18 12:46:58,553 [INFO] PluginManage:359 - Loaded plugin memorymap (category:base,tabindex:4)
2023-08-18 12:46:58,554 [INFO] PluginManage:310 - Check plugin pinoutandconfiguration
2023-08-18 12:46:58,565 [INFO] PluginManage:359 - Loaded plugin pinoutandconfiguration (category:base,tabindex:1)
2023-08-18 12:46:58,565 [INFO] PluginManage:310 - Check plugin pinoutconfig
2023-08-18 12:46:58,629 [WARN] SupportedApi:132 - Cannot load RTOS API schema: s4s-elt-must-match.1: The content of 'definitions' must match (annotation?, (simpleType | complexType)?, (unique | key | keyref)*)). A problem was found starting at: attribute.
2023-08-18 12:46:58,722 [INFO] PluginManage:359 - Loaded plugin pinoutconfig (category:base,tabindex:0)
2023-08-18 12:46:58,722 [INFO] PluginManage:310 - Check plugin power
2023-08-18 12:46:58,735 [INFO] PluginManage:359 - Loaded plugin power (category:power,tabindex:4)
2023-08-18 12:46:58,735 [INFO] PluginManage:310 - Check plugin projectmanager
2023-08-18 12:46:58,744 [INFO] PluginManage:359 - Loaded plugin projectmanager (category:projectmanager,tabindex:3)
2023-08-18 12:46:58,744 [INFO] PluginManage:310 - Check plugin thirdparty
2023-08-18 12:46:58,902 [INFO] PluginManage:359 - Loaded plugin thirdparty (category:base,tabindex:-1)
2023-08-18 12:46:58,902 [WARN] IntegrityCheckThread:84 - waiting for thirdparty lock release [integrity check]
2023-08-18 12:46:58,902 [INFO] PluginManage:310 - Check plugin tools
2023-08-18 12:46:58,902 [INFO] IntegrityCheckThread:86 - entering critical section [integrity check]
2023-08-18 12:46:58,902 [INFO] ThirdPartyUpdaterWithRetryManager:70 - Updater plugin not ready yet. [1/15]
2023-08-18 12:46:58,921 [INFO] PluginManage:359 - Loaded plugin tools (category:base,tabindex:7)
2023-08-18 12:46:58,921 [INFO] PluginManage:310 - Check plugin tutovideos
2023-08-18 12:46:59,055 [INFO] PluginManage:359 - Loaded plugin tutovideos (category:base,tabindex:-1)
2023-08-18 12:46:59,055 [INFO] PluginManage:310 - Check plugin updater
2023-08-18 12:46:59,063 [INFO] PluginManage:359 - Loaded plugin updater (category:base,tabindex:12)
2023-08-18 12:46:59,063 [INFO] PluginManage:310 - Check plugin userauth
2023-08-18 12:46:59,067 [INFO] UserAuth:113 - Init User Auth plugin
2023-08-18 12:46:59,067 [INFO] PluginManage:359 - Loaded plugin userauth (category:base,tabindex:14)
2023-08-18 12:46:59,068 [INFO] PluginManage:283 - PluginManage : Loaded plugins [17]
2023-08-18 12:46:59,208 [INFO] PinOutPanel:1499 - setPackage(No Configuration,No Configuration)
2023-08-18 12:46:59,276 [INFO] CADModel:165 - CPN selected for project level
2023-08-18 12:46:59,276 [INFO] CADModel:114 - Register for checkConnection events
2023-08-18 12:46:59,293 [INFO] IPUIPlugin:80 - create IPUIPlugin
2023-08-18 12:46:59,293 [INFO] PluginManager:220 - loadIPPluginJar : add adc
2023-08-18 12:46:59,312 [INFO] IPUIPlugin:80 - create IPUIPlugin
2023-08-18 12:46:59,312 [INFO] PluginManager:220 - loadIPPluginJar : add aes
2023-08-18 12:46:59,334 [INFO] IPUIPlugin:80 - create IPUIPlugin
2023-08-18 12:46:59,334 [INFO] PluginManager:220 - loadIPPluginJar : add can
2023-08-18 12:46:59,347 [INFO] IPUIPlugin:80 - create IPUIPlugin
2023-08-18 12:46:59,347 [INFO] PluginManager:220 - loadIPPluginJar : add comp
2023-08-18 12:46:59,365 [INFO] IPUIPlugin:80 - create IPUIPlugin
2023-08-18 12:46:59,365 [INFO] PluginManager:220 - loadIPPluginJar : add cryp
2023-08-18 12:46:59,381 [INFO] IPUIPlugin:80 - create IPUIPlugin
2023-08-18 12:46:59,382 [INFO] PluginManager:220 - loadIPPluginJar : add dfsdm
2023-08-18 12:46:59,392 [INFO] IPUIPlugin:80 - create IPUIPlugin
2023-08-18 12:46:59,392 [INFO] PluginManager:220 - loadIPPluginJar : add dma
2023-08-18 12:46:59,415 [INFO] IPUIPlugin:80 - create IPUIPlugin
2023-08-18 12:46:59,415 [INFO] PluginManager:220 - loadIPPluginJar : add dma3
2023-08-18 12:46:59,426 [INFO] IPUIPlugin:80 - create IPUIPlugin
2023-08-18 12:46:59,426 [INFO] PluginManager:220 - loadIPPluginJar : add fatfs
2023-08-18 12:46:59,450 [INFO] IPUIPlugin:80 - create IPUIPlugin
2023-08-18 12:46:59,450 [INFO] PluginManager:220 - loadIPPluginJar : add fmc
2023-08-18 12:46:59,459 [INFO] IPUIPlugin:80 - create IPUIPlugin
2023-08-18 12:46:59,459 [INFO] PluginManager:220 - loadIPPluginJar : add freertos
2023-08-18 12:46:59,470 [INFO] IPUIPlugin:80 - create IPUIPlugin
2023-08-18 12:46:59,470 [INFO] PluginManager:220 - loadIPPluginJar : add genericplugin
2023-08-18 12:46:59,514 [INFO] IPUIPlugin:80 - create IPUIPlugin
2023-08-18 12:46:59,514 [INFO] PluginManager:220 - loadIPPluginJar : add gfxmmu
2023-08-18 12:46:59,578 [INFO] IPUIPlugin:80 - create IPUIPlugin
2023-08-18 12:46:59,578 [INFO] PluginManager:220 - loadIPPluginJar : add gic
2023-08-18 12:46:59,585 [INFO] IPUIPlugin:80 - create IPUIPlugin
2023-08-18 12:46:59,585 [INFO] PluginManager:220 - loadIPPluginJar : add gpio
2023-08-18 12:46:59,630 [INFO] IPUIPlugin:80 - create IPUIPlugin
2023-08-18 12:46:59,630 [INFO] PluginManager:220 - loadIPPluginJar : add gtzc
2023-08-18 12:46:59,646 [INFO] IPUIPlugin:80 - create IPUIPlugin
2023-08-18 12:46:59,646 [INFO] PluginManager:220 - loadIPPluginJar : add hash
2023-08-18 12:46:59,674 [INFO] IPUIPlugin:80 - create IPUIPlugin
2023-08-18 12:46:59,674 [INFO] PluginManager:220 - loadIPPluginJar : add i2c
2023-08-18 12:46:59,695 [INFO] IPUIPlugin:80 - create IPUIPlugin
2023-08-18 12:46:59,695 [INFO] PluginManager:220 - loadIPPluginJar : add i2s
2023-08-18 12:46:59,715 [INFO] IPUIPlugin:80 - create IPUIPlugin
2023-08-18 12:46:59,716 [INFO] PluginManager:220 - loadIPPluginJar : add i3c
2023-08-18 12:46:59,767 [INFO] IPUIPlugin:80 - create IPUIPlugin
2023-08-18 12:46:59,767 [INFO] PluginManager:220 - loadIPPluginJar : add ipddr
2023-08-18 12:46:59,812 [INFO] IPUIPlugin:80 - create IPUIPlugin
2023-08-18 12:46:59,812 [INFO] PluginManager:220 - loadIPPluginJar : add linkedlist
2023-08-18 12:46:59,829 [INFO] IPUIPlugin:80 - create IPUIPlugin
2023-08-18 12:46:59,829 [INFO] PluginManager:220 - loadIPPluginJar : add lorawan
2023-08-18 12:46:59,848 [INFO] IPUIPlugin:80 - create IPUIPlugin
2023-08-18 12:46:59,848 [INFO] PluginManager:220 - loadIPPluginJar : add ltdc
2023-08-18 12:46:59,856 [INFO] IPUIPlugin:80 - create IPUIPlugin
2023-08-18 12:46:59,856 [INFO] PluginManager:220 - loadIPPluginJar : add mdma
2023-08-18 12:46:59,862 [INFO] IPUIPlugin:80 - create IPUIPlugin
2023-08-18 12:46:59,862 [INFO] PluginManager:220 - loadIPPluginJar : add nvic
2023-08-18 12:46:59,880 [INFO] IPUIPlugin:80 - create IPUIPlugin
2023-08-18 12:46:59,880 [INFO] PluginManager:220 - loadIPPluginJar : add opamp
2023-08-18 12:46:59,909 [INFO] IPUIPlugin:80 - create IPUIPlugin
2023-08-18 12:46:59,909 [INFO] PluginManager:220 - loadIPPluginJar : add openamp
2023-08-18 12:46:59,930 [INFO] IPUIPlugin:80 - create IPUIPlugin
2023-08-18 12:46:59,930 [INFO] PluginManager:220 - loadIPPluginJar : add pdm2pcm
2023-08-18 12:46:59,938 [INFO] IPUIPlugin:80 - create IPUIPlugin
2023-08-18 12:46:59,940 [INFO] PluginManager:220 - loadIPPluginJar : add plateformsettings
2023-08-18 12:46:59,950 [INFO] IPUIPlugin:80 - create IPUIPlugin
2023-08-18 12:46:59,951 [INFO] PluginManager:220 - loadIPPluginJar : add quadspi
2023-08-18 12:46:59,958 [INFO] IPUIPlugin:80 - create IPUIPlugin
2023-08-18 12:46:59,958 [INFO] PluginManager:220 - loadIPPluginJar : add resmgrutility
2023-08-18 12:46:59,982 [INFO] IPUIPlugin:80 - create IPUIPlugin
2023-08-18 12:46:59,982 [INFO] PluginManager:220 - loadIPPluginJar : add sai
2023-08-18 12:47:00,000 [INFO] IPUIPlugin:80 - create IPUIPlugin
2023-08-18 12:47:00,000 [INFO] PluginManager:220 - loadIPPluginJar : add spi
2023-08-18 12:47:00,030 [INFO] IPUIPlugin:80 - create IPUIPlugin
2023-08-18 12:47:00,030 [INFO] PluginManager:220 - loadIPPluginJar : add stm32_wpan
2023-08-18 12:47:00,042 [INFO] IPUIPlugin:80 - create IPUIPlugin
2023-08-18 12:47:00,042 [INFO] PluginManager:220 - loadIPPluginJar : add tim
2023-08-18 12:47:00,070 [INFO] IPUIPlugin:80 - create IPUIPlugin
2023-08-18 12:47:00,070 [INFO] PluginManager:220 - loadIPPluginJar : add touchsensing
2023-08-18 12:47:00,082 [INFO] IPUIPlugin:80 - create IPUIPlugin
2023-08-18 12:47:00,082 [INFO] PluginManager:220 - loadIPPluginJar : add tracer_emb
2023-08-18 12:47:00,094 [INFO] IPUIPlugin:80 - create IPUIPlugin
2023-08-18 12:47:00,094 [INFO] PluginManager:220 - loadIPPluginJar : add ts
2023-08-18 12:47:00,104 [INFO] IPUIPlugin:80 - create IPUIPlugin
2023-08-18 12:47:00,104 [INFO] PluginManager:220 - loadIPPluginJar : add tsc
2023-08-18 12:47:00,115 [INFO] IPUIPlugin:80 - create IPUIPlugin
2023-08-18 12:47:00,115 [INFO] PluginManager:220 - loadIPPluginJar : add ucpd
2023-08-18 12:47:00,138 [INFO] IPUIPlugin:80 - create IPUIPlugin
2023-08-18 12:47:00,138 [INFO] PluginManager:220 - loadIPPluginJar : add usart
2023-08-18 12:47:00,160 [INFO] IPUIPlugin:80 - create IPUIPlugin
2023-08-18 12:47:00,160 [INFO] PluginManager:220 - loadIPPluginJar : add usbx
2023-08-18 12:47:00,257 [INFO] CADModel:165 - CPN selected for project level
2023-08-18 12:47:00,257 [INFO] CADModel:114 - Register for checkConnection events
2023-08-18 12:47:00,257 [FATAL] Updater:308 - Updater called before beeing initialized
2023-08-18 12:47:00,257 [ERROR] CADModel:125 - Updater not yet initialized, retry later 
2023-08-18 12:47:00,336 [INFO] CADModel:165 - CPN selected for project level
2023-08-18 12:47:00,337 [INFO] CADModel:114 - Register for checkConnection events
2023-08-18 12:47:00,337 [FATAL] Updater:308 - Updater called before beeing initialized
2023-08-18 12:47:00,337 [ERROR] CADModel:125 - Updater not yet initialized, retry later 
2023-08-18 12:47:00,339 [FATAL] Updater:308 - Updater called before beeing initialized
2023-08-18 12:47:00,395 [FATAL] Updater:308 - Updater called before beeing initialized
2023-08-18 12:47:00,401 [INFO] DbMcusAds:53 - JSON generation date=Tue Mar 07 11:50:55 TRT 2023 (1678179055114)
2023-08-18 12:47:00,401 [FATAL] Updater:308 - Updater called before beeing initialized
2023-08-18 12:47:00,452 [WARN] DetailPanel:346 - Failed to get advertising image, set to default
2023-08-18 12:47:00,509 [FATAL] Updater:308 - Updater called before beeing initialized
2023-08-18 12:47:00,510 [FATAL] Updater:308 - Updater called before beeing initialized
2023-08-18 12:47:00,510 [FATAL] Updater:308 - Updater called before beeing initialized
2023-08-18 12:47:00,510 [WARN] DetailPanel:346 - Failed to get advertising image, set to default
2023-08-18 12:47:00,511 [FATAL] Updater:308 - Updater called before beeing initialized
2023-08-18 12:47:00,540 [ERROR] Updater:1120 - MainUpdater not yet initialized. External WinMGr cannot be set.
2023-08-18 12:47:00,546 [INFO] Updater:1056 - Updater Version found : 6.9.0
2023-08-18 12:47:00,559 [INFO] ApplicationProperties:184 - Using Application install path: C:\ST\STM32CubeIDE_1.13.0\STM32CubeIDE\plugins\com.st.stm32cube.common.mx_6.9.0.202307051724
2023-08-18 12:47:00,663 [INFO] MainUpdater:2868 - connection check result : 10
2023-08-18 12:47:00,663 [INFO] MainUpdater:285 - Updater Check For Update Now.
2023-08-18 12:47:00,664 [INFO] MicroXplorer:498 - Change Database Version : DB.6.0.90
2023-08-18 12:47:00,674 [INFO] McuFinderGlobals:63 - Set McuFinder mode to 2 (CubeIDE integrated)
2023-08-18 12:47:00,810 [INFO] CheckServerUpdateThread:120 - End of CheckServer Thread
2023-08-18 12:47:02,004 [WARN] PackLoader:240 - Cannot read IP mode file for STMicroelectronics.X-CUBE-SMBUS.2.1.0
2023-08-18 12:47:02,024 [WARN] PackLoader:240 - Cannot read IP mode file for STMicroelectronics.X-CUBE-AZRTOS-F7.1.1.0
2023-08-18 12:47:02,035 [WARN] PackLoader:240 - Cannot read IP mode file for STMicroelectronics.FP-SNS-MOTENV1.4.3.2
2023-08-18 12:47:02,046 [WARN] PackLoader:240 - Cannot read IP mode file for STMicroelectronics.X-CUBE-BLE1.6.2.4
2023-08-18 12:47:02,053 [WARN] PackLoader:240 - Cannot read IP mode file for STMicroelectronics.FP-SNS-FLIGHT1.5.0.2
2023-08-18 12:47:02,062 [WARN] PackLoader:240 - Cannot read IP mode file for STMicroelectronics.X-CUBE-DISPLAY.3.0.0
2023-08-18 12:47:02,070 [WARN] PackLoader:240 - Cannot read IP mode file for STMicroelectronics.X-CUBE-BLE1.7.0.0
2023-08-18 12:47:02,078 [WARN] PackLoader:240 - Cannot read IP mode file for emotas.I-CUBE-CANOPEN.1.3.0
2023-08-18 12:47:02,086 [WARN] PackLoader:240 - Cannot read IP mode file for STMicroelectronics.X-CUBE-TOUCHGFX.4.22.0
2023-08-18 12:47:02,096 [INFO] LogOutputStream:77 - [STDOUT_REDIRECT] 1 : Invalid condition id : UX_CORESTACK_Condition cause : null
2023-08-18 12:47:02,096 [INFO] LogOutputStream:77 - [STDOUT_REDIRECT] 1 : Invalid condition id : UX_CORESTACK_Condition cause : null
2023-08-18 12:47:02,097 [INFO] LogOutputStream:77 - [STDOUT_REDIRECT] 1 : Invalid condition id : UX_CORESTACK_Condition cause : null
2023-08-18 12:47:02,097 [INFO] LogOutputStream:77 - [STDOUT_REDIRECT] 1 : Invalid condition id : UX_CORESTACK_Condition cause : null
2023-08-18 12:47:02,098 [INFO] LogOutputStream:77 - [STDOUT_REDIRECT] 1 : Invalid condition id : UX_CORESTACK_Condition cause : null
2023-08-18 12:47:02,100 [WARN] PackLoader:240 - Cannot read IP mode file for STMicroelectronics.X-CUBE-AZRTOS-WL.2.0.0
2023-08-18 12:47:02,111 [WARN] PackLoader:240 - Cannot read IP mode file for WES.I-CUBE-Cesium.1.3.0
2023-08-18 12:47:02,118 [WARN] PackLoader:240 - Cannot read IP mode file for STMicroelectronics.X-CUBE-BLE2.3.3.0
2023-08-18 12:47:02,125 [WARN] PackLoader:240 - Cannot read IP mode file for STMicroelectronics.X-CUBE-ALGOBUILD.1.3.0
2023-08-18 12:47:02,140 [WARN] PackLoader:240 - Cannot read IP mode file for STMicroelectronics.X-CUBE-AZRTOS-G0.1.1.0
2023-08-18 12:47:02,150 [WARN] PackLoader:240 - Cannot read IP mode file for STMicroelectronics.X-CUBE-NFC4.3.0.0
2023-08-18 12:47:02,157 [WARN] PackLoader:240 - Cannot read IP mode file for STMicroelectronics.FP-ATR-SIGFOX1.3.2.0
2023-08-18 12:47:02,176 [WARN] PackLoader:240 - Cannot read IP mode file for SEGGER.I-CUBE-embOS.1.3.1
2023-08-18 12:47:02,200 [WARN] PackLoader:240 - Cannot read IP mode file for STMicroelectronics.X-CUBE-GNSS1.6.0.0
2023-08-18 12:47:02,216 [WARN] PackLoader:240 - Cannot read IP mode file for STMicroelectronics.X-CUBE-AZRTOS-F4.1.1.0
2023-08-18 12:47:02,224 [WARN] PackLoader:240 - Cannot read IP mode file for wolfSSL.I-CUBE-wolfSSL.5.6.3
2023-08-18 12:47:02,240 [WARN] PackLoader:240 - Cannot read IP mode file for STMicroelectronics.X-CUBE-AZRTOS-L5.2.0.0
2023-08-18 12:47:02,267 [WARN] PackLoader:240 - Cannot read IP mode file for STMicroelectronics.X-CUBE-MEMS1.9.6.0
2023-08-18 12:47:02,330 [WARN] PackLoader:240 - Cannot read IP mode file for STMicroelectronics.X-CUBE-BLEMGR.2.0.0
2023-08-18 12:47:02,347 [WARN] ConditionMgr:438 - getConditionDescription Invalid condition id : UX DEVICE CLASS RTOS Condition cause : null
2023-08-18 12:47:02,347 [WARN] ConditionMgr:438 - getConditionDescription Invalid condition id : UX DEVICE CLASS RTOS Condition cause : null
2023-08-18 12:47:02,348 [WARN] PackLoader:240 - Cannot read IP mode file for STMicroelectronics.X-CUBE-AZRTOS-H7.3.1.0
2023-08-18 12:47:02,349 [WARN] ConditionMgr:1039 - genDependencies : Invalid condition id : UX DEVICE CLASS RTOS Condition cause : null
2023-08-18 12:47:02,349 [WARN] ConditionMgr:1039 - genDependencies : Invalid condition id : UX DEVICE CLASS RTOS Condition cause : null
2023-08-18 12:47:02,349 [WARN] ConditionMgr:1039 - genDependencies : Invalid condition id : UX DEVICE CLASS RTOS Condition cause : null
2023-08-18 12:47:02,350 [WARN] ConditionMgr:1039 - genDependencies : Invalid condition id : UX DEVICE CLASS RTOS Condition cause : null
2023-08-18 12:47:02,350 [WARN] ConditionMgr:1039 - genDependencies : Invalid condition id : UX DEVICE CLASS RTOS Condition cause : null
2023-08-18 12:47:02,360 [WARN] PackLoader:240 - Cannot read IP mode file for STMicroelectronics.X-CUBE-NFC7.1.0.1
2023-08-18 12:47:02,368 [WARN] PackLoader:240 - Cannot read IP mode file for STMicroelectronics.X-CUBE-EEPRMA1.4.1.0
2023-08-18 12:47:02,376 [WARN] PackLoader:240 - Cannot read IP mode file for STMicroelectronics.X-CUBE-AI.8.1.0
2023-08-18 12:47:02,392 [WARN] ConditionMgr:438 - getConditionDescription Invalid condition id : LAN8742 Phy interface Condition cause : null
2023-08-18 12:47:02,394 [WARN] PackLoader:240 - Cannot read IP mode file for STMicroelectronics.X-CUBE-AZRTOS-L4.2.0.0
2023-08-18 12:47:02,395 [WARN] ConditionMgr:1039 - genDependencies : Invalid condition id : LAN8742 Phy interface Condition cause : null
2023-08-18 12:47:02,395 [WARN] ConditionMgr:1039 - genDependencies : Invalid condition id : LAN8742 Phy interface Condition cause : null
2023-08-18 12:47:02,396 [WARN] ConditionMgr:1039 - genDependencies : Invalid condition id : LAN8742 Phy interface Condition cause : null
2023-08-18 12:47:02,410 [WARN] PackLoader:240 - Cannot read IP mode file for STMicroelectronics.X-CUBE-SFXS2LP1.4.0.0
2023-08-18 12:47:02,429 [WARN] PackLoader:240 - Cannot read IP mode file for STMicroelectronics.X-CUBE-ISPU.1.1.0
2023-08-18 12:47:02,446 [WARN] ConditionMgr:438 - getConditionDescription Invalid condition id : UX DEVICE CLASS RTOS Condition cause : null
2023-08-18 12:47:02,446 [WARN] ConditionMgr:438 - getConditionDescription Invalid condition id : UX DEVICE CLASS RTOS Condition cause : null
2023-08-18 12:47:02,447 [WARN] PackLoader:240 - Cannot read IP mode file for STMicroelectronics.X-CUBE-AZRTOS-WB.2.0.0
2023-08-18 12:47:02,447 [WARN] ConditionMgr:1039 - genDependencies : Invalid condition id : UX DEVICE CLASS RTOS Condition cause : null
2023-08-18 12:47:02,447 [WARN] ConditionMgr:1039 - genDependencies : Invalid condition id : UX DEVICE CLASS RTOS Condition cause : null
2023-08-18 12:47:02,447 [WARN] ConditionMgr:1039 - genDependencies : Invalid condition id : UX DEVICE CLASS RTOS Condition cause : null
2023-08-18 12:47:02,448 [WARN] ConditionMgr:1039 - genDependencies : Invalid condition id : UX DEVICE CLASS RTOS Condition cause : null
2023-08-18 12:47:02,448 [WARN] ConditionMgr:1039 - genDependencies : Invalid condition id : UX DEVICE CLASS RTOS Condition cause : null
2023-08-18 12:47:02,455 [WARN] PackLoader:240 - Cannot read IP mode file for STMicroelectronics.X-CUBE-FREERTOS.1.0.1
2023-08-18 12:47:02,469 [WARN] PackLoader:240 - Cannot read IP mode file for STMicroelectronics.X-CUBE-AZRTOS-L5.1.1.0
2023-08-18 12:47:02,478 [WARN] PackLoader:240 - Cannot read IP mode file for STMicroelectronics.X-CUBE-AI.8.0.1
2023-08-18 12:47:02,490 [WARN] PackLoader:240 - Cannot read IP mode file for STMicroelectronics.X-CUBE-SUBG2.5.0.0
2023-08-18 12:47:02,502 [WARN] PackLoader:240 - Cannot read IP mode file for STMicroelectronics.X-CUBE-TOF1.3.3.1
2023-08-18 12:47:02,518 [WARN] PackLoader:240 - Cannot read IP mode file for STMicroelectronics.X-CUBE-AZRTOS-G4.2.0.0
2023-08-18 12:47:02,527 [WARN] PackLoader:240 - Cannot read IP mode file for portGmbH.I-Cube-SoM-uGOAL.1.1.0
2023-08-18 12:47:02,535 [WARN] PackLoader:240 - Cannot read IP mode file for STMicroelectronics.X-CUBE-ALS.1.0.1
2023-08-18 12:47:02,549 [WARN] PackLoader:240 - Cannot read IP mode file for STMicroelectronics.X-CUBE-AZRTOS-WB.1.1.0
2023-08-18 12:47:02,558 [WARN] PackLoader:240 - Cannot read IP mode file for STMicroelectronics.FP-ATR-ASTRA1.2.0.0
2023-08-18 12:47:02,558 [INFO] ThirdParty:978 - Integrity check success = true
2023-08-18 12:47:02,559 [INFO] IntegrityCheckThread:100 - exiting critical section [integrity check]
2023-08-18 12:47:02,559 [INFO] IntegrityCheckThread:103 - End integrity checks thread
2023-08-18 12:47:21,589 [ERROR] LogOutputStream:75 - [STDERR_REDIRECT] SLF4J: Failed to load class "org.slf4j.impl.StaticLoggerBinder".
2023-08-18 12:47:21,590 [ERROR] LogOutputStream:75 - [STDERR_REDIRECT] SLF4J: Defaulting to no-operation (NOP) logger implementation
2023-08-18 12:47:21,591 [ERROR] LogOutputStream:75 - [STDERR_REDIRECT] SLF4J: See http://www.slf4j.org/codes.html#StaticLoggerBinder for further details.
