2023-07-25 13:33:23,880 [INFO] Activator:176 - 


2023-07-25 13:33:23,881 [INFO] Activator:177 - !SESSION log4j initialized
2023-07-25 13:33:25,550 [INFO] LogOutputStream:77 - [STDOUT_REDIRECT] 
2023-07-25 13:33:26,536 [INFO] ApplicationProperties:184 - Using Application install path: C:\ST\STM32CubeIDE_1.13.0\STM32CubeIDE\plugins\com.st.stm32cube.common.mx_6.9.0.202307051724
2023-07-25 13:33:26,547 [INFO] DbMcusXml:78 - Set database path to: C:\ST\STM32CubeIDE_1.13.0\STM32CubeIDE\plugins\com.st.stm32cube.common.mx_6.9.0.202307051724\\db\/mcu/
2023-07-25 13:33:26,548 [INFO] ApiDb:274 - Set plugin database path to: C:\ST\STM32CubeIDE_1.13.0\STM32CubeIDE\plugins\com.st.stm32cube.common.mx_6.9.0.202307051724\\db\/plugins/boardmanager/
2023-07-25 13:33:26,548 [WARN] ApiDb:259 - Overriding images path with different value:  => C:\ST\STM32CubeIDE_1.13.0\STM32CubeIDE\plugins\com.st.stm32cube.common.mx_6.9.0.202307051724\\db\/plugins/mcufinder/images/
2023-07-25 13:33:27,196 [WARN] ApiFinderProperties:113 - C:\Users\biomech\.stmcufinder\plugins\mcufinder\mcu\mcuFinder.mfd doesn't exist
2023-07-25 13:33:27,197 [INFO] ApiDb:250 - Set database path to: C:\Users\biomech\.stmcufinder\plugins\mcufinder//mcu/
2023-07-25 13:33:27,198 [INFO] DbMcusAds:125 - Set database path to: C:\Users\biomech\.stmcufinder\plugins\mcufinder//mcu/
2023-07-25 13:33:27,199 [INFO] CrossReferenceDbSqlite:203 - Set database path to: C:\Users\biomech\.stmcufinder\plugins\mcufinder//mcu/cs/
2023-07-25 13:33:27,260 [INFO] RulesReader:64 - Compatibility file has been processed (293 Rules)
2023-07-25 13:33:27,318 [INFO] DbMcusXml:78 - Set database path to: C:\ST\STM32CubeIDE_1.13.0\STM32CubeIDE\plugins\com.st.stm32cube.common.mx_6.9.0.202307051724\\db\/mcu/
2023-07-25 13:33:27,318 [INFO] ApiDb:274 - Set plugin database path to: C:\ST\STM32CubeIDE_1.13.0\STM32CubeIDE\plugins\com.st.stm32cube.common.mx_6.9.0.202307051724\\db\/plugins/boardmanager/
2023-07-25 13:33:27,318 [INFO] ApiDb:261 - Set plugin images path to: C:\ST\STM32CubeIDE_1.13.0\STM32CubeIDE\plugins\com.st.stm32cube.common.mx_6.9.0.202307051724\\db\/plugins/mcufinder/images/
2023-07-25 13:33:27,318 [WARN] DbFile:41 - Overriding database path with different value: C:\Users\biomech\.stmcufinder\plugins\mcufinder/ => C:\Users\biomech\.stmcufinder\plugins\mcufinder
2023-07-25 13:33:27,318 [INFO] ApiDb:250 - Set database path to: C:\Users\biomech\.stmcufinder\plugins\mcufinder//mcu/
2023-07-25 13:33:27,318 [WARN] DbFile:41 - Overriding database path with different value: C:\Users\biomech\.stmcufinder\plugins\mcufinder/ => C:\Users\biomech\.stmcufinder\plugins\mcufinder
2023-07-25 13:33:27,318 [INFO] DbMcusAds:125 - Set database path to: C:\Users\biomech\.stmcufinder\plugins\mcufinder//mcu/
2023-07-25 13:33:27,318 [WARN] DbFile:41 - Overriding database path with different value: C:\Users\biomech\.stmcufinder\plugins\mcufinder/ => C:\Users\biomech\.stmcufinder\plugins\mcufinder
2023-07-25 13:33:27,318 [WARN] DbFile:41 - Overriding database path with different value: C:\Users\biomech\.stmcufinder\plugins\mcufinder/ => C:\Users\biomech\.stmcufinder\plugins\mcufinder
2023-07-25 13:33:27,319 [INFO] CrossReferenceDbSqlite:203 - Set database path to: C:\Users\biomech\.stmcufinder\plugins\mcufinder//mcu/cs/
2023-07-25 13:33:27,364 [INFO] MainPanel:262 - HeapMemory: 268435456
2023-07-25 13:33:27,408 [INFO] DbMcusXml:78 - Set database path to: C:\ST\STM32CubeIDE_1.13.0\STM32CubeIDE\plugins\com.st.stm32cube.common.mx_6.9.0.202307051724\\db\/mcu/
2023-07-25 13:33:27,408 [INFO] ApiDb:274 - Set plugin database path to: C:\ST\STM32CubeIDE_1.13.0\STM32CubeIDE\plugins\com.st.stm32cube.common.mx_6.9.0.202307051724\\db\/plugins/boardmanager/
2023-07-25 13:33:27,408 [INFO] ApiDb:261 - Set plugin images path to: C:\ST\STM32CubeIDE_1.13.0\STM32CubeIDE\plugins\com.st.stm32cube.common.mx_6.9.0.202307051724\\db\/plugins/mcufinder/images/
2023-07-25 13:33:27,409 [WARN] DbFile:41 - Overriding database path with different value: C:\Users\biomech\.stmcufinder\plugins\mcufinder/ => C:\Users\biomech\.stmcufinder\plugins\mcufinder
2023-07-25 13:33:27,409 [INFO] ApiDb:250 - Set database path to: C:\Users\biomech\.stmcufinder\plugins\mcufinder//mcu/
2023-07-25 13:33:27,409 [WARN] DbFile:41 - Overriding database path with different value: C:\Users\biomech\.stmcufinder\plugins\mcufinder/ => C:\Users\biomech\.stmcufinder\plugins\mcufinder
2023-07-25 13:33:27,409 [INFO] DbMcusAds:125 - Set database path to: C:\Users\biomech\.stmcufinder\plugins\mcufinder//mcu/
2023-07-25 13:33:27,409 [WARN] DbFile:41 - Overriding database path with different value: C:\Users\biomech\.stmcufinder\plugins\mcufinder/ => C:\Users\biomech\.stmcufinder\plugins\mcufinder
2023-07-25 13:33:27,409 [WARN] DbFile:41 - Overriding database path with different value: C:\Users\biomech\.stmcufinder\plugins\mcufinder/ => C:\Users\biomech\.stmcufinder\plugins\mcufinder
2023-07-25 13:33:27,409 [INFO] CrossReferenceDbSqlite:203 - Set database path to: C:\Users\biomech\.stmcufinder\plugins\mcufinder//mcu/cs/
2023-07-25 13:33:27,419 [INFO] ApplicationProperties:184 - Using Application install path: C:\ST\STM32CubeIDE_1.13.0\STM32CubeIDE\plugins\com.st.stm32cube.common.mx_6.9.0.202307051724
2023-07-25 13:33:27,420 [INFO] PluginManage:196 - Search for loadable plugins [exclusion list=, ]
2023-07-25 13:33:27,421 [INFO] PluginManage:310 - Check plugin analytics
2023-07-25 13:33:27,525 [INFO] AnalyticsPlugin:253 - Accepted Software Licenses: 
2023-07-25 13:33:27,525 [INFO] AnalyticsPlugin:255 - Accepted CMSIS Pack Licenses: 
2023-07-25 13:33:27,525 [INFO] AnalyticsPlugin:257 - Accepted Firmware Licenses: 
2023-07-25 13:33:27,527 [INFO] PluginManage:359 - Loaded plugin analytics (category:tool,tabindex:-1)
2023-07-25 13:33:27,527 [INFO] PluginManage:310 - Check plugin cadmodel
2023-07-25 13:33:27,529 [INFO] CADModel:105 - Init CAD model plugin
2023-07-25 13:33:27,530 [INFO] PluginManage:359 - Loaded plugin cadmodel (category:power,tabindex:5)
2023-07-25 13:33:27,530 [INFO] PluginManage:310 - Check plugin clock
2023-07-25 13:33:27,535 [INFO] PluginManage:359 - Loaded plugin clock (category:base,tabindex:2)
2023-07-25 13:33:27,535 [INFO] PluginManage:310 - Check plugin ddr
2023-07-25 13:33:27,536 [INFO] PluginManage:359 - Loaded plugin ddr (category:tool,tabindex:6)
2023-07-25 13:33:27,536 [INFO] PluginManage:310 - Check plugin filemanager
2023-07-25 13:33:27,624 [INFO] PluginManage:359 - Loaded plugin filemanager (category:base,tabindex:10)
2023-07-25 13:33:27,624 [INFO] PluginManage:310 - Check plugin ipmanager
2023-07-25 13:33:27,628 [INFO] PluginManage:359 - Loaded plugin ipmanager (category:base,tabindex:5)
2023-07-25 13:33:27,628 [INFO] PluginManage:310 - Check plugin lpbam
2023-07-25 13:33:27,633 [INFO] PluginManage:359 - Loaded plugin lpbam (category:base,tabindex:0)
2023-07-25 13:33:27,634 [INFO] PluginManage:310 - Check plugin memorymap
2023-07-25 13:33:27,640 [INFO] PluginManage:359 - Loaded plugin memorymap (category:base,tabindex:4)
2023-07-25 13:33:27,640 [INFO] PluginManage:310 - Check plugin pinoutandconfiguration
2023-07-25 13:33:27,644 [INFO] PluginManage:359 - Loaded plugin pinoutandconfiguration (category:base,tabindex:1)
2023-07-25 13:33:27,644 [INFO] PluginManage:310 - Check plugin pinoutconfig
2023-07-25 13:33:27,690 [WARN] SupportedApi:132 - Cannot load RTOS API schema: s4s-elt-must-match.1: The content of 'definitions' must match (annotation?, (simpleType | complexType)?, (unique | key | keyref)*)). A problem was found starting at: attribute.
2023-07-25 13:33:27,795 [INFO] PluginManage:359 - Loaded plugin pinoutconfig (category:base,tabindex:0)
2023-07-25 13:33:27,796 [INFO] PluginManage:310 - Check plugin power
2023-07-25 13:33:27,800 [INFO] PluginManage:359 - Loaded plugin power (category:power,tabindex:4)
2023-07-25 13:33:27,800 [INFO] PluginManage:310 - Check plugin projectmanager
2023-07-25 13:33:27,808 [INFO] PluginManage:359 - Loaded plugin projectmanager (category:projectmanager,tabindex:3)
2023-07-25 13:33:27,808 [INFO] PluginManage:310 - Check plugin thirdparty
2023-07-25 13:33:27,869 [WARN] IntegrityCheckThread:84 - waiting for thirdparty lock release [integrity check]
2023-07-25 13:33:27,869 [INFO] PluginManage:359 - Loaded plugin thirdparty (category:base,tabindex:-1)
2023-07-25 13:33:27,869 [INFO] IntegrityCheckThread:86 - entering critical section [integrity check]
2023-07-25 13:33:27,869 [INFO] PluginManage:310 - Check plugin tools
2023-07-25 13:33:27,869 [INFO] ThirdPartyUpdaterWithRetryManager:70 - Updater plugin not ready yet. [1/15]
2023-07-25 13:33:27,870 [INFO] PluginManage:359 - Loaded plugin tools (category:base,tabindex:7)
2023-07-25 13:33:27,870 [INFO] PluginManage:310 - Check plugin tutovideos
2023-07-25 13:33:27,954 [INFO] PluginManage:359 - Loaded plugin tutovideos (category:base,tabindex:-1)
2023-07-25 13:33:27,954 [INFO] PluginManage:310 - Check plugin updater
2023-07-25 13:33:27,960 [INFO] PluginManage:359 - Loaded plugin updater (category:base,tabindex:12)
2023-07-25 13:33:27,960 [INFO] PluginManage:310 - Check plugin userauth
2023-07-25 13:33:27,962 [INFO] UserAuth:113 - Init User Auth plugin
2023-07-25 13:33:27,962 [INFO] PluginManage:359 - Loaded plugin userauth (category:base,tabindex:14)
2023-07-25 13:33:27,963 [INFO] PluginManage:283 - PluginManage : Loaded plugins [17]
2023-07-25 13:33:28,072 [INFO] PinOutPanel:1499 - setPackage(No Configuration,No Configuration)
2023-07-25 13:33:28,130 [INFO] CADModel:165 - CPN selected for project level
2023-07-25 13:33:28,130 [INFO] CADModel:114 - Register for checkConnection events
2023-07-25 13:33:28,138 [INFO] IPUIPlugin:80 - create IPUIPlugin
2023-07-25 13:33:28,138 [INFO] PluginManager:220 - loadIPPluginJar : add adc
2023-07-25 13:33:28,139 [INFO] IPUIPlugin:80 - create IPUIPlugin
2023-07-25 13:33:28,140 [INFO] PluginManager:220 - loadIPPluginJar : add aes
2023-07-25 13:33:28,141 [INFO] IPUIPlugin:80 - create IPUIPlugin
2023-07-25 13:33:28,141 [INFO] PluginManager:220 - loadIPPluginJar : add can
2023-07-25 13:33:28,142 [INFO] IPUIPlugin:80 - create IPUIPlugin
2023-07-25 13:33:28,142 [INFO] PluginManager:220 - loadIPPluginJar : add comp
2023-07-25 13:33:28,143 [INFO] IPUIPlugin:80 - create IPUIPlugin
2023-07-25 13:33:28,143 [INFO] PluginManager:220 - loadIPPluginJar : add cryp
2023-07-25 13:33:28,144 [INFO] IPUIPlugin:80 - create IPUIPlugin
2023-07-25 13:33:28,144 [INFO] PluginManager:220 - loadIPPluginJar : add dfsdm
2023-07-25 13:33:28,147 [INFO] IPUIPlugin:80 - create IPUIPlugin
2023-07-25 13:33:28,147 [INFO] PluginManager:220 - loadIPPluginJar : add dma
2023-07-25 13:33:28,148 [INFO] IPUIPlugin:80 - create IPUIPlugin
2023-07-25 13:33:28,148 [INFO] PluginManager:220 - loadIPPluginJar : add dma3
2023-07-25 13:33:28,149 [INFO] IPUIPlugin:80 - create IPUIPlugin
2023-07-25 13:33:28,149 [INFO] PluginManager:220 - loadIPPluginJar : add fatfs
2023-07-25 13:33:28,151 [INFO] IPUIPlugin:80 - create IPUIPlugin
2023-07-25 13:33:28,151 [INFO] PluginManager:220 - loadIPPluginJar : add fmc
2023-07-25 13:33:28,154 [INFO] IPUIPlugin:80 - create IPUIPlugin
2023-07-25 13:33:28,154 [INFO] PluginManager:220 - loadIPPluginJar : add freertos
2023-07-25 13:33:28,155 [INFO] IPUIPlugin:80 - create IPUIPlugin
2023-07-25 13:33:28,155 [INFO] PluginManager:220 - loadIPPluginJar : add genericplugin
2023-07-25 13:33:28,156 [INFO] IPUIPlugin:80 - create IPUIPlugin
2023-07-25 13:33:28,156 [INFO] PluginManager:220 - loadIPPluginJar : add gfxmmu
2023-07-25 13:33:28,159 [INFO] IPUIPlugin:80 - create IPUIPlugin
2023-07-25 13:33:28,159 [INFO] PluginManager:220 - loadIPPluginJar : add gic
2023-07-25 13:33:28,161 [INFO] IPUIPlugin:80 - create IPUIPlugin
2023-07-25 13:33:28,161 [INFO] PluginManager:220 - loadIPPluginJar : add gpio
2023-07-25 13:33:28,163 [INFO] IPUIPlugin:80 - create IPUIPlugin
2023-07-25 13:33:28,163 [INFO] PluginManager:220 - loadIPPluginJar : add gtzc
2023-07-25 13:33:28,164 [INFO] IPUIPlugin:80 - create IPUIPlugin
2023-07-25 13:33:28,164 [INFO] PluginManager:220 - loadIPPluginJar : add hash
2023-07-25 13:33:28,165 [INFO] IPUIPlugin:80 - create IPUIPlugin
2023-07-25 13:33:28,166 [INFO] PluginManager:220 - loadIPPluginJar : add i2c
2023-07-25 13:33:28,167 [INFO] IPUIPlugin:80 - create IPUIPlugin
2023-07-25 13:33:28,167 [INFO] PluginManager:220 - loadIPPluginJar : add i2s
2023-07-25 13:33:28,168 [INFO] IPUIPlugin:80 - create IPUIPlugin
2023-07-25 13:33:28,168 [INFO] PluginManager:220 - loadIPPluginJar : add i3c
2023-07-25 13:33:28,170 [INFO] IPUIPlugin:80 - create IPUIPlugin
2023-07-25 13:33:28,170 [INFO] PluginManager:220 - loadIPPluginJar : add ipddr
2023-07-25 13:33:28,174 [INFO] IPUIPlugin:80 - create IPUIPlugin
2023-07-25 13:33:28,174 [INFO] PluginManager:220 - loadIPPluginJar : add linkedlist
2023-07-25 13:33:28,175 [INFO] IPUIPlugin:80 - create IPUIPlugin
2023-07-25 13:33:28,175 [INFO] PluginManager:220 - loadIPPluginJar : add lorawan
2023-07-25 13:33:28,176 [INFO] IPUIPlugin:80 - create IPUIPlugin
2023-07-25 13:33:28,176 [INFO] PluginManager:220 - loadIPPluginJar : add ltdc
2023-07-25 13:33:28,179 [INFO] IPUIPlugin:80 - create IPUIPlugin
2023-07-25 13:33:28,179 [INFO] PluginManager:220 - loadIPPluginJar : add mdma
2023-07-25 13:33:28,181 [INFO] IPUIPlugin:80 - create IPUIPlugin
2023-07-25 13:33:28,181 [INFO] PluginManager:220 - loadIPPluginJar : add nvic
2023-07-25 13:33:28,183 [INFO] IPUIPlugin:80 - create IPUIPlugin
2023-07-25 13:33:28,183 [INFO] PluginManager:220 - loadIPPluginJar : add opamp
2023-07-25 13:33:28,185 [INFO] IPUIPlugin:80 - create IPUIPlugin
2023-07-25 13:33:28,185 [INFO] PluginManager:220 - loadIPPluginJar : add openamp
2023-07-25 13:33:28,186 [INFO] IPUIPlugin:80 - create IPUIPlugin
2023-07-25 13:33:28,186 [INFO] PluginManager:220 - loadIPPluginJar : add pdm2pcm
2023-07-25 13:33:28,190 [INFO] IPUIPlugin:80 - create IPUIPlugin
2023-07-25 13:33:28,191 [INFO] PluginManager:220 - loadIPPluginJar : add plateformsettings
2023-07-25 13:33:28,192 [INFO] IPUIPlugin:80 - create IPUIPlugin
2023-07-25 13:33:28,192 [INFO] PluginManager:220 - loadIPPluginJar : add quadspi
2023-07-25 13:33:28,194 [INFO] IPUIPlugin:80 - create IPUIPlugin
2023-07-25 13:33:28,194 [INFO] PluginManager:220 - loadIPPluginJar : add resmgrutility
2023-07-25 13:33:28,195 [INFO] IPUIPlugin:80 - create IPUIPlugin
2023-07-25 13:33:28,195 [INFO] PluginManager:220 - loadIPPluginJar : add sai
2023-07-25 13:33:28,197 [INFO] IPUIPlugin:80 - create IPUIPlugin
2023-07-25 13:33:28,197 [INFO] PluginManager:220 - loadIPPluginJar : add spi
2023-07-25 13:33:28,199 [INFO] IPUIPlugin:80 - create IPUIPlugin
2023-07-25 13:33:28,199 [INFO] PluginManager:220 - loadIPPluginJar : add stm32_wpan
2023-07-25 13:33:28,200 [INFO] IPUIPlugin:80 - create IPUIPlugin
2023-07-25 13:33:28,200 [INFO] PluginManager:220 - loadIPPluginJar : add tim
2023-07-25 13:33:28,201 [INFO] IPUIPlugin:80 - create IPUIPlugin
2023-07-25 13:33:28,201 [INFO] PluginManager:220 - loadIPPluginJar : add touchsensing
2023-07-25 13:33:28,202 [INFO] IPUIPlugin:80 - create IPUIPlugin
2023-07-25 13:33:28,202 [INFO] PluginManager:220 - loadIPPluginJar : add tracer_emb
2023-07-25 13:33:28,203 [INFO] IPUIPlugin:80 - create IPUIPlugin
2023-07-25 13:33:28,203 [INFO] PluginManager:220 - loadIPPluginJar : add ts
2023-07-25 13:33:28,203 [INFO] IPUIPlugin:80 - create IPUIPlugin
2023-07-25 13:33:28,203 [INFO] PluginManager:220 - loadIPPluginJar : add tsc
2023-07-25 13:33:28,204 [INFO] IPUIPlugin:80 - create IPUIPlugin
2023-07-25 13:33:28,204 [INFO] PluginManager:220 - loadIPPluginJar : add ucpd
2023-07-25 13:33:28,205 [INFO] IPUIPlugin:80 - create IPUIPlugin
2023-07-25 13:33:28,206 [INFO] PluginManager:220 - loadIPPluginJar : add usart
2023-07-25 13:33:28,207 [INFO] IPUIPlugin:80 - create IPUIPlugin
2023-07-25 13:33:28,207 [INFO] PluginManager:220 - loadIPPluginJar : add usbx
2023-07-25 13:33:28,306 [INFO] CADModel:165 - CPN selected for project level
2023-07-25 13:33:28,307 [INFO] CADModel:114 - Register for checkConnection events
2023-07-25 13:33:28,307 [FATAL] Updater:308 - Updater called before beeing initialized
2023-07-25 13:33:28,307 [ERROR] CADModel:125 - Updater not yet initialized, retry later 
2023-07-25 13:33:28,378 [INFO] CADModel:165 - CPN selected for project level
2023-07-25 13:33:28,379 [INFO] CADModel:114 - Register for checkConnection events
2023-07-25 13:33:28,379 [FATAL] Updater:308 - Updater called before beeing initialized
2023-07-25 13:33:28,379 [ERROR] CADModel:125 - Updater not yet initialized, retry later 
2023-07-25 13:33:28,380 [FATAL] Updater:308 - Updater called before beeing initialized
2023-07-25 13:33:28,437 [FATAL] Updater:308 - Updater called before beeing initialized
2023-07-25 13:33:28,440 [INFO] DbMcusAds:53 - JSON generation date=Thu Sep 30 09:55:09 TRT 2021 (1632984909247)
2023-07-25 13:33:28,440 [FATAL] Updater:308 - Updater called before beeing initialized
2023-07-25 13:33:28,460 [WARN] DetailPanel:346 - Failed to get advertising image, set to default
2023-07-25 13:33:28,512 [FATAL] Updater:308 - Updater called before beeing initialized
2023-07-25 13:33:28,513 [FATAL] Updater:308 - Updater called before beeing initialized
2023-07-25 13:33:28,513 [FATAL] Updater:308 - Updater called before beeing initialized
2023-07-25 13:33:28,513 [WARN] DetailPanel:346 - Failed to get advertising image, set to default
2023-07-25 13:33:28,514 [FATAL] Updater:308 - Updater called before beeing initialized
2023-07-25 13:33:28,536 [ERROR] Updater:1120 - MainUpdater not yet initialized. External WinMGr cannot be set.
2023-07-25 13:33:28,537 [INFO] Updater:1056 - Updater Version found : 6.9.0
2023-07-25 13:33:28,546 [INFO] ApplicationProperties:184 - Using Application install path: C:\ST\STM32CubeIDE_1.13.0\STM32CubeIDE\plugins\com.st.stm32cube.common.mx_6.9.0.202307051724
2023-07-25 13:33:28,562 [INFO] MainUpdater:521 - Copy updater definitions from MX database
2023-07-25 13:33:28,584 [INFO] MainUpdater:554 - Copy flag file definitions from MX database
2023-07-25 13:33:28,585 [INFO] MainUpdater:570 - Copy thirdparty index definitions from MX database
2023-07-25 13:33:28,586 [INFO] MainUpdater:589 - Copy default thirdparty db definitions from MX database
2023-07-25 13:33:28,718 [INFO] MainUpdater:2868 - connection check result : 10
2023-07-25 13:33:28,718 [INFO] MainUpdater:3562 - Updater definition file requires update
2023-07-25 13:33:28,719 [INFO] MainUpdater:285 - Updater Check For Update Now.
2023-07-25 13:33:28,719 [INFO] MicroXplorer:498 - Change Database Version : DB.6.0.90
2023-07-25 13:33:28,726 [INFO] McuFinderGlobals:63 - Set McuFinder mode to 2 (CubeIDE integrated)
2023-07-25 13:33:28,726 [INFO] UserAuth:179 - activating auth plugin
2023-07-25 13:33:28,728 [INFO] UserAuth:393 - Internet connection configuration mode: 1
2023-07-25 13:33:28,733 [INFO] JxBrowserEngine:151 - Initiate JxBrowser Engine with user profile folder
2023-07-25 13:33:28,941 [INFO] ServerAccessManage:473 - Download File updaters.zip
2023-07-25 13:33:28,979 [INFO] FileExtend:240 - Unzip File : updaters.zip
2023-07-25 13:33:28,979 [INFO] FileExtend:255 - Standard Zip Deflate
2023-07-25 13:33:29,234 [INFO] ServerAccessManage:473 - Download File PacksControlFlags.xml
2023-07-25 13:33:29,281 [INFO] ServerAccessManage:473 - Download File cubemx.pidx
2023-07-25 13:33:29,341 [INFO] ServerAccessManage:473 - Download File STMicroelectronics.FP-ATR-ASTRA1.pdsc
2023-07-25 13:33:29,500 [INFO] ServerAccessManage:473 - Download File STMicroelectronics.FP-ATR-SIGFOX1.pdsc
2023-07-25 13:33:29,565 [INFO] ServerAccessManage:473 - Download File STMicroelectronics.FP-SNS-FLIGHT1.pdsc
2023-07-25 13:33:29,817 [INFO] ServerAccessManage:473 - Download File STMicroelectronics.FP-SNS-MOTENV1.pdsc
2023-07-25 13:33:30,074 [INFO] ServerAccessManage:473 - Download File STMicroelectronics.X-CUBE-AI.pdsc
2023-07-25 13:33:30,708 [INFO] ServerAccessManage:473 - Download File STMicroelectronics.X-CUBE-ALS.pdsc
2023-07-25 13:33:30,870 [WARN] MainUpdater:1189 - Updater busy. Cannot search thirdparties
2023-07-25 13:33:30,870 [INFO] ThirdPartyUpdaterWithRetryManager:96 - Updater plugin is busy. [1/15]
2023-07-25 13:33:30,909 [INFO] ServerAccessManage:473 - Download File STMicroelectronics.X-CUBE-BLE1.pdsc
2023-07-25 13:33:31,291 [INFO] WebApp:157 - Instantiating new browser for Auth
2023-07-25 13:33:31,325 [ERROR] ServerAccessManage:1089 - Problem, file not found on Server
2023-07-25 13:33:31,346 [INFO] ServerAccessManage:473 - Download File STMicroelectronics.X-CUBE-BLE2.pdsc
2023-07-25 13:33:31,505 [INFO] ServerAccessManage:473 - Download File STMicroelectronics.X-CUBE-BLEMGR.pdsc
2023-07-25 13:33:31,541 [INFO] WebApp:753 - Register for checkConnection events
2023-07-25 13:33:31,541 [INFO] WebApp:390 - Apply proxy settings
2023-07-25 13:33:31,541 [INFO] WebApp:475 - Chromium requires no authentication
2023-07-25 13:33:31,545 [INFO] WebApp:418 - Direct internet connection detected
2023-07-25 13:33:31,616 [INFO] WebApp:188 - Starting web application
2023-07-25 13:33:31,616 [INFO] WebApp:520 - Web application path used C:\ST\STM32CubeIDE_1.13.0\STM32CubeIDE\plugins\com.st.stm32cube.common.mx_6.9.0.202307051724\db\plugins\mcufinder\reactClient1\index.html
2023-07-25 13:33:31,914 [INFO] ServerAccessManage:473 - Download File STMicroelectronics.X-CUBE-DISPLAY.pdsc
2023-07-25 13:33:32,650 [INFO] ServerAccessManage:473 - Download File STMicroelectronics.X-CUBE-EEPRMA1.pdsc
2023-07-25 13:33:32,920 [ERROR] ServerAccessManage:1089 - Problem, file not found on Server
2023-07-25 13:33:33,376 [INFO] ServerAccessManage:473 - Download File STMicroelectronics.X-CUBE-FREERTOS.pdsc
2023-07-25 13:33:33,789 [INFO] ServerAccessManage:473 - Download File STMicroelectronics.X-CUBE-GNSS1.pdsc
2023-07-25 13:33:33,871 [WARN] MainUpdater:1189 - Updater busy. Cannot search thirdparties
2023-07-25 13:33:33,871 [INFO] ThirdPartyUpdaterWithRetryManager:96 - Updater plugin is busy. [2/15]
2023-07-25 13:33:34,121 [ERROR] ServerAccessManage:1089 - Problem, file not found on Server
2023-07-25 13:33:34,375 [ERROR] ServerAccessManage:1089 - Problem, file not found on Server
2023-07-25 13:33:34,589 [ERROR] ServerAccessManage:1089 - Problem, file not found on Server
2023-07-25 13:33:34,793 [ERROR] ServerAccessManage:1089 - Problem, file not found on Server
2023-07-25 13:33:34,996 [ERROR] ServerAccessManage:1089 - Problem, file not found on Server
2023-07-25 13:33:35,263 [ERROR] ServerAccessManage:1089 - Problem, file not found on Server
2023-07-25 13:33:35,285 [INFO] ServerAccessManage:473 - Download File STMicroelectronics.X-CUBE-ISPU.pdsc
2023-07-25 13:33:35,364 [INFO] ServerAccessManage:473 - Download File STMicroelectronics.X-CUBE-MEMS1.pdsc
2023-07-25 13:33:36,047 [INFO] ServerAccessManage:473 - Download File STMicroelectronics.X-CUBE-NFC4.pdsc
2023-07-25 13:33:36,435 [INFO] ServerAccessManage:473 - Download File STMicroelectronics.X-CUBE-NFC7.pdsc
2023-07-25 13:33:36,815 [INFO] ServerAccessManage:473 - Download File STMicroelectronics.X-CUBE-SFXS2LP1.pdsc
2023-07-25 13:33:36,872 [WARN] MainUpdater:1189 - Updater busy. Cannot search thirdparties
2023-07-25 13:33:36,872 [INFO] ThirdPartyUpdaterWithRetryManager:96 - Updater plugin is busy. [3/15]
2023-07-25 13:33:37,122 [INFO] ServerAccessManage:473 - Download File STMicroelectronics.X-CUBE-SUBG2.pdsc
2023-07-25 13:33:37,414 [INFO] ServerAccessManage:473 - Download File STMicroelectronics.X-CUBE-SMBUS.pdsc
2023-07-25 13:33:37,675 [ERROR] ServerAccessManage:1089 - Problem, file not found on Server
2023-07-25 13:33:37,747 [INFO] ServerAccessManage:473 - Download File STMicroelectronics.X-CUBE-TOF1.pdsc
2023-07-25 13:33:38,043 [ERROR] ServerAccessManage:1089 - Problem, file not found on Server
2023-07-25 13:33:38,221 [INFO] ServerAccessManage:473 - Download File STMicroelectronics.X-CUBE-TOUCHGFX.pdsc
2023-07-25 13:33:39,874 [WARN] MainUpdater:1189 - Updater busy. Cannot search thirdparties
2023-07-25 13:33:39,874 [INFO] ThirdPartyUpdaterWithRetryManager:96 - Updater plugin is busy. [4/15]
2023-07-25 13:33:40,335 [INFO] ServerAccessManage:473 - Download File STMicroelectronics.X-CUBE-ALGOBUILD.pdsc
2023-07-25 13:33:40,424 [INFO] ServerAccessManage:473 - Download File STMicroelectronics.X-CUBE-AZRTOS-H7.pdsc
2023-07-25 13:33:40,539 [INFO] ServerAccessManage:473 - Download File STMicroelectronics.X-CUBE-AZRTOS-F4.pdsc
2023-07-25 13:33:40,615 [INFO] ServerAccessManage:473 - Download File STMicroelectronics.X-CUBE-AZRTOS-F7.pdsc
2023-07-25 13:33:40,693 [INFO] ServerAccessManage:473 - Download File STMicroelectronics.X-CUBE-AZRTOS-L4.pdsc
2023-07-25 13:33:40,756 [INFO] ServerAccessManage:473 - Download File STMicroelectronics.X-CUBE-AZRTOS-L5.pdsc
2023-07-25 13:33:40,975 [INFO] ServerAccessManage:473 - Download File STMicroelectronics.X-CUBE-AZRTOS-G0.pdsc
2023-07-25 13:33:41,177 [INFO] ServerAccessManage:473 - Download File STMicroelectronics.X-CUBE-AZRTOS-G4.pdsc
2023-07-25 13:33:41,239 [INFO] ServerAccessManage:473 - Download File STMicroelectronics.X-CUBE-AZRTOS-WB.pdsc
2023-07-25 13:33:41,446 [INFO] ServerAccessManage:473 - Download File STMicroelectronics.X-CUBE-AZRTOS-WL.pdsc
2023-07-25 13:33:42,001 [INFO] ServerAccessManage:473 - Download File wolfSSL.I-CUBE-wolfSSL.pdsc
2023-07-25 13:33:42,876 [WARN] MainUpdater:1189 - Updater busy. Cannot search thirdparties
2023-07-25 13:33:42,876 [INFO] ThirdPartyUpdaterWithRetryManager:96 - Updater plugin is busy. [5/15]
2023-07-25 13:33:45,877 [WARN] MainUpdater:1189 - Updater busy. Cannot search thirdparties
2023-07-25 13:33:45,877 [INFO] ThirdPartyUpdaterWithRetryManager:96 - Updater plugin is busy. [6/15]
2023-07-25 13:33:45,880 [ERROR] ServerAccessManage:1089 - Problem, file not found on Server
2023-07-25 13:33:46,337 [ERROR] ServerAccessManage:1089 - Problem, file not found on Server
2023-07-25 13:33:46,792 [ERROR] ServerAccessManage:1089 - Problem, file not found on Server
2023-07-25 13:33:47,427 [ERROR] ServerAccessManage:1096 - Problem, Http access forbiden
2023-07-25 13:33:47,427 [ERROR] ServerAccessManage:651 - Problem, Http access forbiden : RoweBots.I-CUBE-UNISONRTOS.pdsc.
2023-07-25 13:33:47,705 [INFO] ServerAccessManage:473 - Download File SEGGER.I-CUBE-embOS.pdsc
2023-07-25 13:33:48,326 [INFO] ServerAccessManage:473 - Download File portGmbH.I-Cube-SoM-uGOAL.pdsc
2023-07-25 13:33:48,761 [ERROR] ServerAccessManage:1089 - Problem, file not found on Server
2023-07-25 13:33:48,802 [ERROR] ServerAccessManage:1089 - Problem, file not found on Server
2023-07-25 13:33:48,842 [ERROR] ServerAccessManage:1089 - Problem, file not found on Server
2023-07-25 13:33:48,877 [WARN] MainUpdater:1189 - Updater busy. Cannot search thirdparties
2023-07-25 13:33:48,877 [INFO] ThirdPartyUpdaterWithRetryManager:96 - Updater plugin is busy. [7/15]
2023-07-25 13:33:49,145 [INFO] ServerAccessManage:473 - Download File emotas.I-CUBE-CANOPEN.pdsc
2023-07-25 13:33:50,234 [INFO] ServerAccessManage:473 - Download File WES.I-CUBE-Cesium.pdsc
2023-07-25 13:33:51,878 [WARN] MainUpdater:1189 - Updater busy. Cannot search thirdparties
2023-07-25 13:33:51,878 [INFO] ThirdPartyUpdaterWithRetryManager:96 - Updater plugin is busy. [8/15]
2023-07-25 13:33:52,470 [ERROR] ServerAccessManage:1089 - Problem, file not found on Server
2023-07-25 13:33:52,718 [ERROR] LogOutputStream:75 - [STDERR_REDIRECT] SLF4J: Failed to load class "org.slf4j.impl.StaticLoggerBinder".
2023-07-25 13:33:52,719 [ERROR] LogOutputStream:75 - [STDERR_REDIRECT] SLF4J: Defaulting to no-operation (NOP) logger implementation
2023-07-25 13:33:52,720 [ERROR] LogOutputStream:75 - [STDERR_REDIRECT] SLF4J: See http://www.slf4j.org/codes.html#StaticLoggerBinder for further details.
2023-07-25 13:33:53,252 [ERROR] ServerAccessManage:1089 - Problem, file not found on Server
2023-07-25 13:33:53,336 [WARN] CheckServerUpdateThread:151 - Open CheckUpdateFile Fail
2023-07-25 13:33:53,356 [WARN] PackLoader:240 - Cannot read IP mode file for STMicroelectronics.FP-ATR-ASTRA1.2.0.0
2023-07-25 13:33:53,386 [WARN] PackLoader:240 - Cannot read IP mode file for STMicroelectronics.FP-ATR-SIGFOX1.3.2.0
2023-07-25 13:33:53,412 [WARN] PackLoader:240 - Cannot read IP mode file for STMicroelectronics.FP-SNS-FLIGHT1.5.0.2
2023-07-25 13:33:53,434 [WARN] PackLoader:240 - Cannot read IP mode file for STMicroelectronics.FP-SNS-MOTENV1.4.3.2
2023-07-25 13:33:53,451 [WARN] PackLoader:240 - Cannot read IP mode file for STMicroelectronics.X-CUBE-AI.8.0.1
2023-07-25 13:33:53,490 [WARN] PackLoader:240 - Cannot read IP mode file for STMicroelectronics.X-CUBE-ALS.1.0.1
2023-07-25 13:33:53,498 [WARN] PackLoader:240 - Cannot read IP mode file for STMicroelectronics.X-CUBE-BLE1.6.2.4
2023-07-25 13:33:53,508 [WARN] PackLoader:240 - Cannot read IP mode file for STMicroelectronics.X-CUBE-BLE2.3.3.0
2023-07-25 13:33:53,529 [INFO] CheckServerUpdateThread:120 - End of CheckServer Thread
2023-07-25 13:33:53,541 [WARN] PackLoader:240 - Cannot read IP mode file for STMicroelectronics.X-CUBE-BLEMGR.2.0.0
2023-07-25 13:33:53,569 [WARN] PackLoader:240 - Cannot read IP mode file for STMicroelectronics.X-CUBE-DISPLAY.3.0.0
2023-07-25 13:33:53,599 [WARN] PackLoader:240 - Cannot read IP mode file for STMicroelectronics.X-CUBE-EEPRMA1.4.1.0
2023-07-25 13:33:53,622 [WARN] PackLoader:240 - Cannot read IP mode file for STMicroelectronics.X-CUBE-FREERTOS.1.0.1
2023-07-25 13:33:53,632 [WARN] PackLoader:240 - Cannot read IP mode file for STMicroelectronics.X-CUBE-GNSS1.6.0.0
2023-07-25 13:33:53,646 [WARN] PackLoader:240 - Cannot read IP mode file for STMicroelectronics.X-CUBE-ISPU.1.1.0
2023-07-25 13:33:53,782 [WARN] PackLoader:240 - Cannot read IP mode file for STMicroelectronics.X-CUBE-MEMS1.9.6.0
2023-07-25 13:33:54,517 [WARN] PackLoader:240 - Cannot read IP mode file for STMicroelectronics.X-CUBE-NFC4.3.0.0
2023-07-25 13:33:54,524 [WARN] PackLoader:240 - Cannot read IP mode file for STMicroelectronics.X-CUBE-NFC7.1.0.1
2023-07-25 13:33:54,602 [WARN] PackLoader:240 - Cannot read IP mode file for STMicroelectronics.X-CUBE-SFXS2LP1.4.0.0
2023-07-25 13:33:54,649 [WARN] PackLoader:240 - Cannot read IP mode file for STMicroelectronics.X-CUBE-SUBG2.5.0.0
2023-07-25 13:33:54,667 [WARN] PackLoader:240 - Cannot read IP mode file for STMicroelectronics.X-CUBE-SMBUS.2.1.0
2023-07-25 13:33:54,684 [WARN] PackLoader:240 - Cannot read IP mode file for STMicroelectronics.X-CUBE-TOF1.3.3.1
2023-07-25 13:33:54,714 [WARN] PackLoader:240 - Cannot read IP mode file for STMicroelectronics.X-CUBE-TOUCHGFX.4.22.0
2023-07-25 13:33:54,721 [WARN] PackLoader:240 - Cannot read IP mode file for STMicroelectronics.X-CUBE-ALGOBUILD.1.3.0
2023-07-25 13:33:54,780 [WARN] ConditionMgr:438 - getConditionDescription Invalid condition id : UX DEVICE CLASS RTOS Condition cause : null
2023-07-25 13:33:54,780 [WARN] ConditionMgr:438 - getConditionDescription Invalid condition id : UX DEVICE CLASS RTOS Condition cause : null
2023-07-25 13:33:54,784 [WARN] PackLoader:240 - Cannot read IP mode file for STMicroelectronics.X-CUBE-AZRTOS-H7.3.1.0
2023-07-25 13:33:54,786 [WARN] ConditionMgr:1039 - genDependencies : Invalid condition id : UX DEVICE CLASS RTOS Condition cause : null
2023-07-25 13:33:54,786 [WARN] ConditionMgr:1039 - genDependencies : Invalid condition id : UX DEVICE CLASS RTOS Condition cause : null
2023-07-25 13:33:54,786 [WARN] ConditionMgr:1039 - genDependencies : Invalid condition id : UX DEVICE CLASS RTOS Condition cause : null
2023-07-25 13:33:54,787 [WARN] ConditionMgr:1039 - genDependencies : Invalid condition id : UX DEVICE CLASS RTOS Condition cause : null
2023-07-25 13:33:54,787 [WARN] ConditionMgr:1039 - genDependencies : Invalid condition id : UX DEVICE CLASS RTOS Condition cause : null
2023-07-25 13:33:54,915 [WARN] PackLoader:240 - Cannot read IP mode file for STMicroelectronics.X-CUBE-AZRTOS-F4.1.1.0
2023-07-25 13:33:55,029 [WARN] PackLoader:240 - Cannot read IP mode file for STMicroelectronics.X-CUBE-AZRTOS-F7.1.1.0
2023-07-25 13:33:55,141 [WARN] ConditionMgr:438 - getConditionDescription Invalid condition id : LAN8742 Phy interface Condition cause : null
2023-07-25 13:33:55,144 [WARN] PackLoader:240 - Cannot read IP mode file for STMicroelectronics.X-CUBE-AZRTOS-L4.2.0.0
2023-07-25 13:33:55,148 [WARN] ConditionMgr:1039 - genDependencies : Invalid condition id : LAN8742 Phy interface Condition cause : null
2023-07-25 13:33:55,151 [WARN] ConditionMgr:1039 - genDependencies : Invalid condition id : LAN8742 Phy interface Condition cause : null
2023-07-25 13:33:55,153 [WARN] ConditionMgr:1039 - genDependencies : Invalid condition id : LAN8742 Phy interface Condition cause : null
2023-07-25 13:33:55,185 [WARN] PackLoader:240 - Cannot read IP mode file for STMicroelectronics.X-CUBE-AZRTOS-L5.1.1.0
2023-07-25 13:33:55,222 [WARN] PackLoader:240 - Cannot read IP mode file for STMicroelectronics.X-CUBE-AZRTOS-G0.1.1.0
2023-07-25 13:33:55,261 [WARN] PackLoader:240 - Cannot read IP mode file for STMicroelectronics.X-CUBE-AZRTOS-G4.2.0.0
2023-07-25 13:33:55,302 [WARN] PackLoader:240 - Cannot read IP mode file for STMicroelectronics.X-CUBE-AZRTOS-WB.1.1.0
2023-07-25 13:33:55,315 [INFO] LogOutputStream:77 - [STDOUT_REDIRECT] 1 : Invalid condition id : UX_CORESTACK_Condition cause : null
2023-07-25 13:33:55,315 [INFO] LogOutputStream:77 - [STDOUT_REDIRECT] 1 : Invalid condition id : UX_CORESTACK_Condition cause : null
2023-07-25 13:33:55,317 [INFO] LogOutputStream:77 - [STDOUT_REDIRECT] 1 : Invalid condition id : UX_CORESTACK_Condition cause : null
2023-07-25 13:33:55,319 [INFO] LogOutputStream:77 - [STDOUT_REDIRECT] 1 : Invalid condition id : UX_CORESTACK_Condition cause : null
2023-07-25 13:33:55,320 [INFO] LogOutputStream:77 - [STDOUT_REDIRECT] 1 : Invalid condition id : UX_CORESTACK_Condition cause : null
2023-07-25 13:33:55,322 [WARN] PackLoader:240 - Cannot read IP mode file for STMicroelectronics.X-CUBE-AZRTOS-WL.2.0.0
2023-07-25 13:33:55,327 [WARN] PackLoader:240 - Cannot read IP mode file for wolfSSL.I-CUBE-wolfSSL.5.6.3
2023-07-25 13:33:55,352 [WARN] PackLoader:240 - Cannot read IP mode file for SEGGER.I-CUBE-embOS.1.3.1
2023-07-25 13:33:55,369 [WARN] PackLoader:240 - Cannot read IP mode file for STMicroelectronics.X-CUBE-SMBUS.2.1.0
2023-07-25 13:33:55,440 [WARN] PackLoader:240 - Cannot read IP mode file for portGmbH.I-Cube-SoM-uGOAL.1.1.0
2023-07-25 13:33:55,471 [WARN] PackLoader:240 - Cannot read IP mode file for STMicroelectronics.X-CUBE-AZRTOS-F7.1.1.0
2023-07-25 13:33:55,484 [WARN] PackLoader:240 - Cannot read IP mode file for emotas.I-CUBE-CANOPEN.1.3.0
2023-07-25 13:33:55,496 [WARN] PackLoader:240 - Cannot read IP mode file for STMicroelectronics.FP-SNS-MOTENV1.4.3.2
2023-07-25 13:33:55,503 [WARN] PackLoader:240 - Cannot read IP mode file for WES.I-CUBE-Cesium.1.3.0
2023-07-25 13:33:55,503 [INFO] PopulateThirdPartyThread:66 - Ending populate Thread
2023-07-25 13:33:55,520 [INFO] ThirdParty:1030 - CMSIS Pack Vendor :STMicroelectronics X-CUBE-ISPU 1.1.0
2023-07-25 13:33:55,520 [INFO] ThirdParty:1030 - CMSIS Pack Vendor :STMicroelectronics X-CUBE-DISPLAY 3.0.0
2023-07-25 13:33:55,520 [INFO] ThirdParty:1030 - CMSIS Pack Vendor :STMicroelectronics X-CUBE-GNSS1 6.0.0
2023-07-25 13:33:55,520 [INFO] ThirdParty:1030 - CMSIS Pack Vendor :STMicroelectronics X-CUBE-AZRTOS-F4 1.1.0
2023-07-25 13:33:55,525 [INFO] ThirdParty:1030 - CMSIS Pack Vendor :STMicroelectronics FP-ATR-SIGFOX1 3.2.0
2023-07-25 13:33:55,526 [INFO] ThirdParty:1030 - CMSIS Pack Vendor :wolfSSL I-CUBE-wolfSSL 5.6.3
2023-07-25 13:33:55,527 [INFO] ThirdParty:1030 - CMSIS Pack Vendor :STMicroelectronics X-CUBE-SMBUS 2.1.0
2023-07-25 13:33:55,526 [WARN] PackLoader:240 - Cannot read IP mode file for STMicroelectronics.X-CUBE-BLE1.6.2.4
2023-07-25 13:33:55,527 [INFO] ThirdParty:1030 - CMSIS Pack Vendor :emotas I-CUBE-CANOPEN 1.3.0
2023-07-25 13:33:55,530 [INFO] ThirdParty:1030 - CMSIS Pack Vendor :STMicroelectronics X-CUBE-FREERTOS 1.0.1
2023-07-25 13:33:55,530 [INFO] ThirdParty:1030 - CMSIS Pack Vendor :STMicroelectronics X-CUBE-NFC7 1.0.1
2023-07-25 13:33:55,544 [INFO] ThirdParty:1030 - CMSIS Pack Vendor :STMicroelectronics X-CUBE-TOUCHGFX 4.22.0
2023-07-25 13:33:55,546 [INFO] ThirdParty:1030 - CMSIS Pack Vendor :STMicroelectronics X-CUBE-AZRTOS-F7 1.1.0
2023-07-25 13:33:55,553 [INFO] ThirdParty:1030 - CMSIS Pack Vendor :STMicroelectronics X-CUBE-ALS 1.0.1
2023-07-25 13:33:55,553 [INFO] ThirdParty:1030 - CMSIS Pack Vendor :STMicroelectronics X-CUBE-EEPRMA1 4.1.0
2023-07-25 13:33:55,554 [INFO] ThirdParty:1030 - CMSIS Pack Vendor :portGmbH I-Cube-SoM-uGOAL 1.1.0
2023-07-25 13:33:55,554 [INFO] ThirdParty:1030 - CMSIS Pack Vendor :STMicroelectronics X-CUBE-MEMS1 9.6.0
2023-07-25 13:33:55,554 [INFO] ThirdParty:1030 - CMSIS Pack Vendor :STMicroelectronics X-CUBE-AZRTOS-WB 1.1.0
2023-07-25 13:33:55,554 [INFO] ThirdParty:1030 - CMSIS Pack Vendor :STMicroelectronics FP-SNS-MOTENV1 4.3.2
2023-07-25 13:33:55,554 [INFO] ThirdParty:1030 - CMSIS Pack Vendor :STMicroelectronics X-CUBE-ALGOBUILD 1.3.0
2023-07-25 13:33:55,554 [INFO] ThirdParty:1030 - CMSIS Pack Vendor :STMicroelectronics X-CUBE-AZRTOS-WL 2.0.0
2023-07-25 13:33:55,554 [INFO] ThirdParty:1030 - CMSIS Pack Vendor :SEGGER I-CUBE-embOS 1.3.1
2023-07-25 13:33:55,554 [INFO] ThirdParty:1030 - CMSIS Pack Vendor :STMicroelectronics X-CUBE-BLE1 6.2.4
2023-07-25 13:33:55,556 [INFO] ThirdParty:1030 - CMSIS Pack Vendor :STMicroelectronics X-CUBE-AZRTOS-L5 1.1.0
2023-07-25 13:33:55,557 [INFO] ThirdParty:1030 - CMSIS Pack Vendor :STMicroelectronics X-CUBE-AZRTOS-G0 1.1.0
2023-07-25 13:33:55,559 [INFO] ThirdParty:1030 - CMSIS Pack Vendor :STMicroelectronics X-CUBE-AI 8.0.1
2023-07-25 13:33:55,559 [INFO] ThirdParty:1030 - CMSIS Pack Vendor :STMicroelectronics X-CUBE-BLEMGR 2.0.0
2023-07-25 13:33:55,559 [INFO] ThirdParty:1030 - CMSIS Pack Vendor :STMicroelectronics X-CUBE-NFC4 3.0.0
2023-07-25 13:33:55,563 [INFO] ThirdParty:1030 - CMSIS Pack Vendor :STMicroelectronics X-CUBE-SUBG2 5.0.0
2023-07-25 13:33:55,565 [INFO] ThirdParty:1030 - CMSIS Pack Vendor :STMicroelectronics X-CUBE-AZRTOS-L4 2.0.0
2023-07-25 13:33:55,565 [INFO] ThirdParty:1030 - CMSIS Pack Vendor :STMicroelectronics FP-ATR-ASTRA1 2.0.0
2023-07-25 13:33:55,566 [INFO] ThirdParty:1030 - CMSIS Pack Vendor :WES I-CUBE-Cesium 1.3.0
2023-07-25 13:33:55,566 [INFO] ThirdParty:1030 - CMSIS Pack Vendor :STMicroelectronics X-CUBE-SFXS2LP1 4.0.0
2023-07-25 13:33:55,566 [INFO] ThirdParty:1030 - CMSIS Pack Vendor :STMicroelectronics FP-SNS-FLIGHT1 5.0.2
2023-07-25 13:33:55,566 [INFO] ThirdParty:1030 - CMSIS Pack Vendor :STMicroelectronics X-CUBE-BLE2 3.3.0
2023-07-25 13:33:55,567 [INFO] ThirdParty:1030 - CMSIS Pack Vendor :STMicroelectronics X-CUBE-TOF1 3.3.1
2023-07-25 13:33:55,567 [INFO] ThirdParty:1030 - CMSIS Pack Vendor :STMicroelectronics X-CUBE-AZRTOS-G4 2.0.0
2023-07-25 13:33:55,567 [INFO] ThirdParty:1030 - CMSIS Pack Vendor :STMicroelectronics X-CUBE-AZRTOS-H7 3.1.0
2023-07-25 13:33:55,575 [WARN] PackLoader:240 - Cannot read IP mode file for STMicroelectronics.FP-SNS-FLIGHT1.5.0.2
2023-07-25 13:33:55,575 [INFO] LoadServerUpdatesThread:373 - End of LoadServerUpdate Thread
2023-07-25 13:33:55,626 [WARN] PackLoader:240 - Cannot read IP mode file for STMicroelectronics.X-CUBE-DISPLAY.3.0.0
2023-07-25 13:33:55,649 [WARN] PackLoader:240 - Cannot read IP mode file for emotas.I-CUBE-CANOPEN.1.3.0
2023-07-25 13:33:55,661 [WARN] PackLoader:240 - Cannot read IP mode file for STMicroelectronics.X-CUBE-TOUCHGFX.4.22.0
2023-07-25 13:33:55,799 [INFO] LogOutputStream:77 - [STDOUT_REDIRECT] 1 : Invalid condition id : UX_CORESTACK_Condition cause : null
2023-07-25 13:33:55,800 [INFO] LogOutputStream:77 - [STDOUT_REDIRECT] 1 : Invalid condition id : UX_CORESTACK_Condition cause : null
2023-07-25 13:33:55,802 [INFO] LogOutputStream:77 - [STDOUT_REDIRECT] 1 : Invalid condition id : UX_CORESTACK_Condition cause : null
2023-07-25 13:33:55,806 [INFO] LogOutputStream:77 - [STDOUT_REDIRECT] 1 : Invalid condition id : UX_CORESTACK_Condition cause : null
2023-07-25 13:33:55,815 [INFO] LogOutputStream:77 - [STDOUT_REDIRECT] 1 : Invalid condition id : UX_CORESTACK_Condition cause : null
2023-07-25 13:33:55,859 [WARN] PackLoader:240 - Cannot read IP mode file for STMicroelectronics.X-CUBE-AZRTOS-WL.2.0.0
2023-07-25 13:33:55,873 [WARN] PackLoader:240 - Cannot read IP mode file for WES.I-CUBE-Cesium.1.3.0
2023-07-25 13:33:55,880 [WARN] PackLoader:240 - Cannot read IP mode file for STMicroelectronics.X-CUBE-BLE2.3.3.0
2023-07-25 13:33:56,009 [WARN] PackLoader:240 - Cannot read IP mode file for STMicroelectronics.X-CUBE-ALGOBUILD.1.3.0
2023-07-25 13:33:56,062 [WARN] PackLoader:240 - Cannot read IP mode file for STMicroelectronics.X-CUBE-AZRTOS-G0.1.1.0
2023-07-25 13:33:56,068 [WARN] PackLoader:240 - Cannot read IP mode file for STMicroelectronics.X-CUBE-NFC4.3.0.0
2023-07-25 13:33:56,096 [WARN] PackLoader:240 - Cannot read IP mode file for STMicroelectronics.FP-ATR-SIGFOX1.3.2.0
2023-07-25 13:33:56,141 [WARN] PackLoader:240 - Cannot read IP mode file for SEGGER.I-CUBE-embOS.1.3.1
2023-07-25 13:33:56,168 [WARN] PackLoader:240 - Cannot read IP mode file for STMicroelectronics.X-CUBE-GNSS1.6.0.0
2023-07-25 13:33:56,209 [WARN] PackLoader:240 - Cannot read IP mode file for STMicroelectronics.X-CUBE-AZRTOS-F4.1.1.0
2023-07-25 13:33:56,215 [WARN] PackLoader:240 - Cannot read IP mode file for wolfSSL.I-CUBE-wolfSSL.5.6.3
2023-07-25 13:33:56,307 [WARN] PackLoader:240 - Cannot read IP mode file for STMicroelectronics.X-CUBE-MEMS1.9.6.0
2023-07-25 13:33:56,566 [WARN] PackLoader:240 - Cannot read IP mode file for STMicroelectronics.X-CUBE-BLEMGR.2.0.0
2023-07-25 13:33:56,657 [WARN] ConditionMgr:438 - getConditionDescription Invalid condition id : UX DEVICE CLASS RTOS Condition cause : null
2023-07-25 13:33:56,657 [WARN] ConditionMgr:438 - getConditionDescription Invalid condition id : UX DEVICE CLASS RTOS Condition cause : null
2023-07-25 13:33:56,659 [WARN] PackLoader:240 - Cannot read IP mode file for STMicroelectronics.X-CUBE-AZRTOS-H7.3.1.0
2023-07-25 13:33:56,659 [WARN] ConditionMgr:1039 - genDependencies : Invalid condition id : UX DEVICE CLASS RTOS Condition cause : null
2023-07-25 13:33:56,660 [WARN] ConditionMgr:1039 - genDependencies : Invalid condition id : UX DEVICE CLASS RTOS Condition cause : null
2023-07-25 13:33:56,671 [WARN] ConditionMgr:1039 - genDependencies : Invalid condition id : UX DEVICE CLASS RTOS Condition cause : null
2023-07-25 13:33:56,672 [WARN] ConditionMgr:1039 - genDependencies : Invalid condition id : UX DEVICE CLASS RTOS Condition cause : null
2023-07-25 13:33:56,672 [WARN] ConditionMgr:1039 - genDependencies : Invalid condition id : UX DEVICE CLASS RTOS Condition cause : null
2023-07-25 13:33:56,774 [WARN] PackLoader:240 - Cannot read IP mode file for STMicroelectronics.X-CUBE-NFC7.1.0.1
2023-07-25 13:33:56,793 [WARN] PackLoader:240 - Cannot read IP mode file for STMicroelectronics.X-CUBE-EEPRMA1.4.1.0
2023-07-25 13:33:56,847 [WARN] ConditionMgr:438 - getConditionDescription Invalid condition id : LAN8742 Phy interface Condition cause : null
2023-07-25 13:33:56,848 [WARN] PackLoader:240 - Cannot read IP mode file for STMicroelectronics.X-CUBE-AZRTOS-L4.2.0.0
2023-07-25 13:33:56,850 [WARN] ConditionMgr:1039 - genDependencies : Invalid condition id : LAN8742 Phy interface Condition cause : null
2023-07-25 13:33:56,850 [WARN] ConditionMgr:1039 - genDependencies : Invalid condition id : LAN8742 Phy interface Condition cause : null
2023-07-25 13:33:56,851 [WARN] ConditionMgr:1039 - genDependencies : Invalid condition id : LAN8742 Phy interface Condition cause : null
2023-07-25 13:33:56,859 [WARN] PackLoader:240 - Cannot read IP mode file for STMicroelectronics.X-CUBE-SFXS2LP1.4.0.0
2023-07-25 13:33:56,865 [WARN] PackLoader:240 - Cannot read IP mode file for STMicroelectronics.X-CUBE-ISPU.1.1.0
2023-07-25 13:33:56,869 [WARN] PackLoader:240 - Cannot read IP mode file for STMicroelectronics.X-CUBE-FREERTOS.1.0.1
2023-07-25 13:33:56,921 [WARN] PackLoader:240 - Cannot read IP mode file for STMicroelectronics.X-CUBE-AZRTOS-L5.1.1.0
2023-07-25 13:33:56,929 [WARN] PackLoader:240 - Cannot read IP mode file for STMicroelectronics.X-CUBE-AI.8.0.1
2023-07-25 13:33:56,939 [WARN] PackLoader:240 - Cannot read IP mode file for STMicroelectronics.X-CUBE-SUBG2.5.0.0
2023-07-25 13:33:56,963 [WARN] PackLoader:240 - Cannot read IP mode file for STMicroelectronics.X-CUBE-TOF1.3.3.1
2023-07-25 13:33:57,027 [WARN] PackLoader:240 - Cannot read IP mode file for STMicroelectronics.X-CUBE-AZRTOS-G4.2.0.0
2023-07-25 13:33:57,038 [WARN] PackLoader:240 - Cannot read IP mode file for portGmbH.I-Cube-SoM-uGOAL.1.1.0
2023-07-25 13:33:57,046 [WARN] PackLoader:240 - Cannot read IP mode file for STMicroelectronics.X-CUBE-ALS.1.0.1
2023-07-25 13:33:57,083 [WARN] PackLoader:240 - Cannot read IP mode file for STMicroelectronics.X-CUBE-AZRTOS-WB.1.1.0
2023-07-25 13:33:57,137 [WARN] PackLoader:240 - Cannot read IP mode file for STMicroelectronics.FP-ATR-ASTRA1.2.0.0
2023-07-25 13:33:57,138 [INFO] ThirdParty:978 - Integrity check success = true
2023-07-25 13:33:57,138 [INFO] IntegrityCheckThread:100 - exiting critical section [integrity check]
2023-07-25 13:33:57,138 [INFO] IntegrityCheckThread:103 - End integrity checks thread
2023-07-25 13:53:32,308 [ERROR] LogOutputStream:75 - [STDERR_REDIRECT] 
